<?xml version="1.0" encoding="UTF-8"?>
<coverage generated="1754140906660" clover="3.2.0">
  <project timestamp="1754140906661" name="All files">
    <metrics statements="3074" coveredstatements="0" conditionals="1587" coveredconditionals="0" methods="396" coveredmethods="0" elements="5057" coveredelements="0" complexity="0" loc="3074" ncloc="3074" packages="1" files="10" classes="10"/>
    <file name="ActivityTracker.js" path="/Users/chris/toolbox/webapps/activity-tracker/src/scripts/ActivityTracker.js">
      <metrics statements="1213" coveredstatements="0" conditionals="750" coveredconditionals="0" methods="184" coveredmethods="0"/>
      <line num="8" count="0" type="stmt"/>
      <line num="9" count="0" type="stmt"/>
      <line num="10" count="0" type="stmt"/>
      <line num="11" count="0" type="cond" truecount="0" falsecount="2"/>
      <line num="12" count="0" type="stmt"/>
      <line num="13" count="0" type="cond" truecount="0" falsecount="3"/>
      <line num="16" count="0" type="cond" truecount="0" falsecount="2"/>
      <line num="17" count="0" type="stmt"/>
      <line num="19" count="0" type="cond" truecount="0" falsecount="2"/>
      <line num="20" count="0" type="stmt"/>
      <line num="22" count="0" type="cond" truecount="0" falsecount="2"/>
      <line num="23" count="0" type="stmt"/>
      <line num="25" count="0" type="cond" truecount="0" falsecount="2"/>
      <line num="26" count="0" type="stmt"/>
      <line num="28" count="0" type="stmt"/>
      <line num="32" count="0" type="stmt"/>
      <line num="33" count="0" type="stmt"/>
      <line num="35" count="0" type="stmt"/>
      <line num="38" count="0" type="stmt"/>
      <line num="65" count="0" type="stmt"/>
      <line num="66" count="0" type="stmt"/>
      <line num="67" count="0" type="stmt"/>
      <line num="68" count="0" type="stmt"/>
      <line num="69" count="0" type="stmt"/>
      <line num="72" count="0" type="cond" truecount="0" falsecount="2"/>
      <line num="74" count="0" type="stmt"/>
      <line num="81" count="0" type="stmt"/>
      <line num="82" count="0" type="stmt"/>
      <line num="83" count="0" type="stmt"/>
      <line num="84" count="0" type="stmt"/>
      <line num="85" count="0" type="stmt"/>
      <line num="86" count="0" type="stmt"/>
      <line num="87" count="0" type="stmt"/>
      <line num="88" count="0" type="stmt"/>
      <line num="89" count="0" type="stmt"/>
      <line num="90" count="0" type="stmt"/>
      <line num="91" count="0" type="stmt"/>
      <line num="94" count="0" type="cond" truecount="0" falsecount="2"/>
      <line num="95" count="0" type="stmt"/>
      <line num="97" count="0" type="stmt"/>
      <line num="98" count="0" type="stmt"/>
      <line num="99" count="0" type="stmt"/>
      <line num="100" count="0" type="stmt"/>
      <line num="103" count="0" type="stmt"/>
      <line num="104" count="0" type="stmt"/>
      <line num="107" count="0" type="stmt"/>
      <line num="108" count="0" type="stmt"/>
      <line num="111" count="0" type="cond" truecount="0" falsecount="2"/>
      <line num="112" count="0" type="stmt"/>
      <line num="120" count="0" type="stmt"/>
      <line num="122" count="0" type="stmt"/>
      <line num="123" count="0" type="cond" truecount="0" falsecount="4"/>
      <line num="124" count="0" type="cond" truecount="0" falsecount="2"/>
      <line num="125" count="0" type="stmt"/>
      <line num="129" count="0" type="cond" truecount="0" falsecount="2"/>
      <line num="130" count="0" type="stmt"/>
      <line num="131" count="0" type="stmt"/>
      <line num="140" count="0" type="cond" truecount="0" falsecount="2"/>
      <line num="143" count="0" type="stmt"/>
      <line num="144" count="0" type="cond" truecount="0" falsecount="2"/>
      <line num="145" count="0" type="stmt"/>
      <line num="146" count="0" type="stmt"/>
      <line num="147" count="0" type="stmt"/>
      <line num="148" count="0" type="stmt"/>
      <line num="150" count="0" type="stmt"/>
      <line num="154" count="0" type="stmt"/>
      <line num="161" count="0" type="stmt"/>
      <line num="162" count="0" type="cond" truecount="0" falsecount="2"/>
      <line num="164" count="0" type="stmt"/>
      <line num="165" count="0" type="stmt"/>
      <line num="177" count="0" type="stmt"/>
      <line num="178" count="0" type="cond" truecount="0" falsecount="2"/>
      <line num="180" count="0" type="stmt"/>
      <line num="181" count="0" type="stmt"/>
      <line num="183" count="0" type="stmt"/>
      <line num="184" count="0" type="stmt"/>
      <line num="185" count="0" type="cond" truecount="0" falsecount="2"/>
      <line num="186" count="0" type="stmt"/>
      <line num="190" count="0" type="stmt"/>
      <line num="191" count="0" type="stmt"/>
      <line num="194" count="0" type="stmt"/>
      <line num="195" count="0" type="cond" truecount="0" falsecount="2"/>
      <line num="196" count="0" type="stmt"/>
      <line num="204" count="0" type="cond" truecount="0" falsecount="2"/>
      <line num="205" count="0" type="stmt"/>
      <line num="206" count="0" type="stmt"/>
      <line num="207" count="0" type="stmt"/>
      <line num="208" count="0" type="cond" truecount="0" falsecount="2"/>
      <line num="209" count="0" type="stmt"/>
      <line num="211" count="0" type="stmt"/>
      <line num="219" count="0" type="stmt"/>
      <line num="220" count="0" type="stmt"/>
      <line num="222" count="0" type="stmt"/>
      <line num="230" count="0" type="stmt"/>
      <line num="231" count="0" type="stmt"/>
      <line num="233" count="0" type="stmt"/>
      <line num="241" count="0" type="stmt"/>
      <line num="242" count="0" type="stmt"/>
      <line num="243" count="0" type="stmt"/>
      <line num="246" count="0" type="stmt"/>
      <line num="247" count="0" type="stmt"/>
      <line num="248" count="0" type="stmt"/>
      <line num="252" count="0" type="stmt"/>
      <line num="259" count="0" type="stmt"/>
      <line num="289" count="0" type="stmt"/>
      <line num="290" count="0" type="stmt"/>
      <line num="291" count="0" type="cond" truecount="0" falsecount="2"/>
      <line num="293" count="0" type="cond" truecount="0" falsecount="4"/>
      <line num="294" count="0" type="stmt"/>
      <line num="296" count="0" type="stmt"/>
      <line num="298" count="0" type="stmt"/>
      <line num="299" count="0" type="stmt"/>
      <line num="310" count="0" type="stmt"/>
      <line num="311" count="0" type="stmt"/>
      <line num="312" count="0" type="stmt"/>
      <line num="313" count="0" type="stmt"/>
      <line num="314" count="0" type="stmt"/>
      <line num="315" count="0" type="stmt"/>
      <line num="316" count="0" type="stmt"/>
      <line num="317" count="0" type="stmt"/>
      <line num="318" count="0" type="stmt"/>
      <line num="319" count="0" type="cond" truecount="0" falsecount="2"/>
      <line num="320" count="0" type="stmt"/>
      <line num="321" count="0" type="cond" truecount="0" falsecount="2"/>
      <line num="324" count="0" type="stmt"/>
      <line num="325" count="0" type="stmt"/>
      <line num="329" count="0" type="stmt"/>
      <line num="332" count="0" type="cond" truecount="0" falsecount="2"/>
      <line num="333" count="0" type="stmt"/>
      <line num="337" count="0" type="stmt"/>
      <line num="340" count="0" type="cond" truecount="0" falsecount="2"/>
      <line num="341" count="0" type="stmt"/>
      <line num="345" count="0" type="stmt"/>
      <line num="348" count="0" type="cond" truecount="0" falsecount="2"/>
      <line num="349" count="0" type="stmt"/>
      <line num="350" count="0" type="stmt"/>
      <line num="354" count="0" type="stmt"/>
      <line num="361" count="0" type="stmt"/>
      <line num="362" count="0" type="stmt"/>
      <line num="364" count="0" type="stmt"/>
      <line num="372" count="0" type="cond" truecount="0" falsecount="2"/>
      <line num="379" count="0" type="cond" truecount="0" falsecount="2"/>
      <line num="386" count="0" type="cond" truecount="0" falsecount="2"/>
      <line num="387" count="0" type="stmt"/>
      <line num="395" count="0" type="cond" truecount="0" falsecount="2"/>
      <line num="396" count="0" type="stmt"/>
      <line num="398" count="0" type="stmt"/>
      <line num="406" count="0" type="stmt"/>
      <line num="407" count="0" type="cond" truecount="0" falsecount="2"/>
      <line num="408" count="0" type="stmt"/>
      <line num="409" count="0" type="stmt"/>
      <line num="410" count="0" type="stmt"/>
      <line num="411" count="0" type="stmt"/>
      <line num="412" count="0" type="cond" truecount="0" falsecount="2"/>
      <line num="414" count="0" type="stmt"/>
      <line num="427" count="0" type="stmt"/>
      <line num="428" count="0" type="stmt"/>
      <line num="429" count="0" type="stmt"/>
      <line num="430" count="0" type="stmt"/>
      <line num="432" count="0" type="cond" truecount="0" falsecount="2"/>
      <line num="433" count="0" type="stmt"/>
      <line num="435" count="0" type="stmt"/>
      <line num="436" count="0" type="cond" truecount="0" falsecount="2"/>
      <line num="437" count="0" type="stmt"/>
      <line num="438" count="0" type="stmt"/>
      <line num="440" count="0" type="stmt"/>
      <line num="441" count="0" type="stmt"/>
      <line num="444" count="0" type="stmt"/>
      <line num="451" count="0" type="stmt"/>
      <line num="452" count="0" type="stmt"/>
      <line num="453" count="0" type="stmt"/>
      <line num="454" count="0" type="stmt"/>
      <line num="455" count="0" type="stmt"/>
      <line num="456" count="0" type="cond" truecount="0" falsecount="2"/>
      <line num="457" count="0" type="stmt"/>
      <line num="459" count="0" type="stmt"/>
      <line num="460" count="0" type="cond" truecount="0" falsecount="2"/>
      <line num="461" count="0" type="stmt"/>
      <line num="463" count="0" type="stmt"/>
      <line num="475" count="0" type="stmt"/>
      <line num="476" count="0" type="stmt"/>
      <line num="477" count="0" type="stmt"/>
      <line num="478" count="0" type="stmt"/>
      <line num="479" count="0" type="stmt"/>
      <line num="488" count="0" type="stmt"/>
      <line num="489" count="0" type="cond" truecount="0" falsecount="2"/>
      <line num="492" count="0" type="cond" truecount="0" falsecount="2"/>
      <line num="493" count="0" type="stmt"/>
      <line num="497" count="0" type="cond" truecount="0" falsecount="2"/>
      <line num="498" count="0" type="stmt"/>
      <line num="499" count="0" type="stmt"/>
      <line num="501" count="0" type="stmt"/>
      <line num="510" count="0" type="stmt"/>
      <line num="518" count="0" type="stmt"/>
      <line num="519" count="0" type="cond" truecount="0" falsecount="2"/>
      <line num="522" count="0" type="stmt"/>
      <line num="525" count="0" type="stmt"/>
      <line num="526" count="0" type="stmt"/>
      <line num="527" count="0" type="stmt"/>
      <line num="528" count="0" type="stmt"/>
      <line num="530" count="0" type="stmt"/>
      <line num="538" count="0" type="stmt"/>
      <line num="543" count="0" type="stmt"/>
      <line num="546" count="0" type="cond" truecount="0" falsecount="2"/>
      <line num="547" count="0" type="stmt"/>
      <line num="551" count="0" type="stmt"/>
      <line num="558" count="0" type="cond" truecount="0" falsecount="2"/>
      <line num="559" count="0" type="stmt"/>
      <line num="560" count="0" type="stmt"/>
      <line num="563" count="0" type="stmt"/>
      <line num="564" count="0" type="stmt"/>
      <line num="567" count="0" type="cond" truecount="0" falsecount="2"/>
      <line num="569" count="0" type="stmt"/>
      <line num="573" count="0" type="stmt"/>
      <line num="574" count="0" type="stmt"/>
      <line num="575" count="0" type="stmt"/>
      <line num="576" count="0" type="stmt"/>
      <line num="579" count="0" type="stmt"/>
      <line num="581" count="0" type="stmt"/>
      <line num="588" count="0" type="stmt"/>
      <line num="602" count="0" type="stmt"/>
      <line num="603" count="0" type="cond" truecount="0" falsecount="2"/>
      <line num="604" count="0" type="stmt"/>
      <line num="605" count="0" type="stmt"/>
      <line num="606" count="0" type="cond" truecount="0" falsecount="2"/>
      <line num="607" count="0" type="stmt"/>
      <line num="611" count="0" type="cond" truecount="0" falsecount="2"/>
      <line num="613" count="0" type="stmt"/>
      <line num="616" count="0" type="stmt"/>
      <line num="624" count="0" type="stmt"/>
      <line num="625" count="0" type="stmt"/>
      <line num="627" count="0" type="cond" truecount="0" falsecount="4"/>
      <line num="628" count="0" type="stmt"/>
      <line num="629" count="0" type="cond" truecount="0" falsecount="2"/>
      <line num="630" count="0" type="stmt"/>
      <line num="631" count="0" type="stmt"/>
      <line num="632" count="0" type="stmt"/>
      <line num="634" count="0" type="stmt"/>
      <line num="635" count="0" type="stmt"/>
      <line num="636" count="0" type="stmt"/>
      <line num="645" count="0" type="stmt"/>
      <line num="652" count="0" type="stmt"/>
      <line num="655" count="0" type="cond" truecount="0" falsecount="2"/>
      <line num="656" count="0" type="stmt"/>
      <line num="663" count="0" type="cond" truecount="0" falsecount="2"/>
      <line num="666" count="0" type="stmt"/>
      <line num="667" count="0" type="stmt"/>
      <line num="668" count="0" type="stmt"/>
      <line num="670" count="0" type="cond" truecount="0" falsecount="2"/>
      <line num="671" count="0" type="stmt"/>
      <line num="672" count="0" type="stmt"/>
      <line num="675" count="0" type="stmt"/>
      <line num="676" count="0" type="stmt"/>
      <line num="677" count="0" type="cond" truecount="0" falsecount="3"/>
      <line num="678" count="0" type="stmt"/>
      <line num="680" count="0" type="stmt"/>
      <line num="681" count="0" type="cond" truecount="0" falsecount="2"/>
      <line num="682" count="0" type="cond" truecount="0" falsecount="2"/>
      <line num="685" count="0" type="cond" truecount="0" falsecount="4"/>
      <line num="686" count="0" type="stmt"/>
      <line num="689" count="0" type="cond" truecount="0" falsecount="2"/>
      <line num="693" count="0" type="cond" truecount="0" falsecount="2"/>
      <line num="695" count="0" type="stmt"/>
      <line num="714" count="0" type="stmt"/>
      <line num="724" count="0" type="cond" truecount="0" falsecount="4"/>
      <line num="725" count="0" type="stmt"/>
      <line num="728" count="0" type="cond" truecount="0" falsecount="4"/>
      <line num="729" count="0" type="stmt"/>
      <line num="731" count="0" type="stmt"/>
      <line num="738" count="0" type="stmt"/>
      <line num="745" count="0" type="stmt"/>
      <line num="778" count="0" type="stmt"/>
      <line num="779" count="0" type="stmt"/>
      <line num="780" count="0" type="stmt"/>
      <line num="783" count="0" type="cond" truecount="0" falsecount="2"/>
      <line num="784" count="0" type="stmt"/>
      <line num="785" count="0" type="stmt"/>
      <line num="789" count="0" type="cond" truecount="0" falsecount="4"/>
      <line num="790" count="0" type="stmt"/>
      <line num="794" count="0" type="stmt"/>
      <line num="796" count="0" type="stmt"/>
      <line num="803" count="0" type="cond" truecount="0" falsecount="2"/>
      <line num="806" count="0" type="cond" truecount="0" falsecount="2"/>
      <line num="807" count="0" type="stmt"/>
      <line num="808" count="0" type="stmt"/>
      <line num="812" count="0" type="cond" truecount="0" falsecount="2"/>
      <line num="813" count="0" type="stmt"/>
      <line num="814" count="0" type="stmt"/>
      <line num="818" count="0" type="cond" truecount="0" falsecount="4"/>
      <line num="819" count="0" type="stmt"/>
      <line num="820" count="0" type="stmt"/>
      <line num="824" count="0" type="stmt"/>
      <line num="825" count="0" type="stmt"/>
      <line num="828" count="0" type="cond" truecount="0" falsecount="4"/>
      <line num="829" count="0" type="stmt"/>
      <line num="837" count="0" type="stmt"/>
      <line num="838" count="0" type="stmt"/>
      <line num="839" count="0" type="stmt"/>
      <line num="840" count="0" type="stmt"/>
      <line num="841" count="0" type="stmt"/>
      <line num="842" count="0" type="stmt"/>
      <line num="843" count="0" type="stmt"/>
      <line num="844" count="0" type="stmt"/>
      <line num="845" count="0" type="stmt"/>
      <line num="846" count="0" type="stmt"/>
      <line num="849" count="0" type="stmt"/>
      <line num="851" count="0" type="stmt"/>
      <line num="852" count="0" type="stmt"/>
      <line num="855" count="0" type="stmt"/>
      <line num="862" count="0" type="stmt"/>
      <line num="869" count="0" type="stmt"/>
      <line num="870" count="0" type="stmt"/>
      <line num="871" count="0" type="cond" truecount="0" falsecount="4"/>
      <line num="872" count="0" type="stmt"/>
      <line num="881" count="0" type="stmt"/>
      <line num="883" count="0" type="cond" truecount="0" falsecount="4"/>
      <line num="885" count="0" type="stmt"/>
      <line num="886" count="0" type="stmt"/>
      <line num="888" count="0" type="stmt"/>
      <line num="889" count="0" type="stmt"/>
      <line num="892" count="0" type="cond" truecount="0" falsecount="2"/>
      <line num="893" count="0" type="stmt"/>
      <line num="895" count="0" type="stmt"/>
      <line num="898" count="0" type="cond" truecount="0" falsecount="2"/>
      <line num="899" count="0" type="stmt"/>
      <line num="901" count="0" type="stmt"/>
      <line num="905" count="0" type="cond" truecount="0" falsecount="2"/>
      <line num="906" count="0" type="cond" truecount="0" falsecount="2"/>
      <line num="907" count="0" type="stmt"/>
      <line num="908" count="0" type="cond" truecount="0" falsecount="2"/>
      <line num="909" count="0" type="stmt"/>
      <line num="912" count="0" type="stmt"/>
      <line num="921" count="0" type="cond" truecount="0" falsecount="4"/>
      <line num="922" count="0" type="stmt"/>
      <line num="923" count="0" type="stmt"/>
      <line num="924" count="0" type="stmt"/>
      <line num="928" count="0" type="cond" truecount="0" falsecount="4"/>
      <line num="929" count="0" type="stmt"/>
      <line num="930" count="0" type="stmt"/>
      <line num="931" count="0" type="stmt"/>
      <line num="932" count="0" type="stmt"/>
      <line num="933" count="0" type="stmt"/>
      <line num="934" count="0" type="stmt"/>
      <line num="935" count="0" type="stmt"/>
      <line num="939" count="0" type="stmt"/>
      <line num="940" count="0" type="stmt"/>
      <line num="941" count="0" type="stmt"/>
      <line num="942" count="0" type="stmt"/>
      <line num="944" count="0" type="cond" truecount="0" falsecount="2"/>
      <line num="945" count="0" type="stmt"/>
      <line num="946" count="0" type="stmt"/>
      <line num="947" count="0" type="stmt"/>
      <line num="948" count="0" type="stmt"/>
      <line num="950" count="0" type="stmt"/>
      <line num="951" count="0" type="stmt"/>
      <line num="953" count="0" type="cond" truecount="0" falsecount="2"/>
      <line num="954" count="0" type="stmt"/>
      <line num="956" count="0" type="stmt"/>
      <line num="959" count="0" type="stmt"/>
      <line num="960" count="0" type="stmt"/>
      <line num="961" count="0" type="stmt"/>
      <line num="964" count="0" type="stmt"/>
      <line num="965" count="0" type="stmt"/>
      <line num="966" count="0" type="stmt"/>
      <line num="976" count="0" type="cond" truecount="0" falsecount="2"/>
      <line num="977" count="0" type="stmt"/>
      <line num="978" count="0" type="stmt"/>
      <line num="981" count="0" type="cond" truecount="0" falsecount="2"/>
      <line num="982" count="0" type="stmt"/>
      <line num="983" count="0" type="stmt"/>
      <line num="986" count="0" type="stmt"/>
      <line num="988" count="0" type="cond" truecount="0" falsecount="4"/>
      <line num="989" count="0" type="stmt"/>
      <line num="990" count="0" type="stmt"/>
      <line num="991" count="0" type="stmt"/>
      <line num="992" count="0" type="stmt"/>
      <line num="995" count="0" type="stmt"/>
      <line num="999" count="0" type="stmt"/>
      <line num="1001" count="0" type="stmt"/>
      <line num="1009" count="0" type="stmt"/>
      <line num="1012" count="0" type="stmt"/>
      <line num="1013" count="0" type="stmt"/>
      <line num="1014" count="0" type="stmt"/>
      <line num="1017" count="0" type="stmt"/>
      <line num="1020" count="0" type="cond" truecount="0" falsecount="2"/>
      <line num="1021" count="0" type="stmt"/>
      <line num="1022" count="0" type="stmt"/>
      <line num="1027" count="0" type="stmt"/>
      <line num="1030" count="0" type="cond" truecount="0" falsecount="2"/>
      <line num="1039" count="0" type="stmt"/>
      <line num="1040" count="0" type="stmt"/>
      <line num="1043" count="0" type="stmt"/>
      <line num="1045" count="0" type="cond" truecount="0" falsecount="2"/>
      <line num="1046" count="0" type="cond" truecount="0" falsecount="2"/>
      <line num="1047" count="0" type="stmt"/>
      <line num="1049" count="0" type="stmt"/>
      <line num="1052" count="0" type="stmt"/>
      <line num="1053" count="0" type="stmt"/>
      <line num="1062" count="0" type="stmt"/>
      <line num="1064" count="0" type="cond" truecount="0" falsecount="2"/>
      <line num="1065" count="0" type="stmt"/>
      <line num="1067" count="0" type="stmt"/>
      <line num="1069" count="0" type="stmt"/>
      <line num="1070" count="0" type="stmt"/>
      <line num="1071" count="0" type="stmt"/>
      <line num="1079" count="0" type="stmt"/>
      <line num="1080" count="0" type="stmt"/>
      <line num="1081" count="0" type="stmt"/>
      <line num="1088" count="0" type="stmt"/>
      <line num="1089" count="0" type="stmt"/>
      <line num="1090" count="0" type="stmt"/>
      <line num="1091" count="0" type="stmt"/>
      <line num="1093" count="0" type="stmt"/>
      <line num="1095" count="0" type="cond" truecount="0" falsecount="2"/>
      <line num="1096" count="0" type="stmt"/>
      <line num="1097" count="0" type="stmt"/>
      <line num="1098" count="0" type="stmt"/>
      <line num="1099" count="0" type="cond" truecount="0" falsecount="2"/>
      <line num="1101" count="0" type="cond" truecount="0" falsecount="4"/>
      <line num="1103" count="0" type="cond" truecount="0" falsecount="2"/>
      <line num="1104" count="0" type="stmt"/>
      <line num="1105" count="0" type="stmt"/>
      <line num="1106" count="0" type="stmt"/>
      <line num="1107" count="0" type="cond" truecount="0" falsecount="2"/>
      <line num="1109" count="0" type="stmt"/>
      <line num="1110" count="0" type="stmt"/>
      <line num="1111" count="0" type="stmt"/>
      <line num="1112" count="0" type="cond" truecount="0" falsecount="2"/>
      <line num="1114" count="0" type="stmt"/>
      <line num="1116" count="0" type="stmt"/>
      <line num="1117" count="0" type="stmt"/>
      <line num="1118" count="0" type="stmt"/>
      <line num="1119" count="0" type="cond" truecount="0" falsecount="2"/>
      <line num="1120" count="0" type="stmt"/>
      <line num="1123" count="0" type="stmt"/>
      <line num="1124" count="0" type="stmt"/>
      <line num="1125" count="0" type="stmt"/>
      <line num="1126" count="0" type="cond" truecount="0" falsecount="2"/>
      <line num="1127" count="0" type="stmt"/>
      <line num="1131" count="0" type="cond" truecount="0" falsecount="2"/>
      <line num="1132" count="0" type="stmt"/>
      <line num="1133" count="0" type="stmt"/>
      <line num="1141" count="0" type="stmt"/>
      <line num="1142" count="0" type="stmt"/>
      <line num="1143" count="0" type="cond" truecount="0" falsecount="5"/>
      <line num="1144" count="0" type="stmt"/>
      <line num="1145" count="0" type="stmt"/>
      <line num="1153" count="0" type="stmt"/>
      <line num="1154" count="0" type="cond" truecount="0" falsecount="2"/>
      <line num="1155" count="0" type="stmt"/>
      <line num="1159" count="0" type="stmt"/>
      <line num="1160" count="0" type="stmt"/>
      <line num="1161" count="0" type="cond" truecount="0" falsecount="6"/>
      <line num="1164" count="0" type="stmt"/>
      <line num="1172" count="0" type="cond" truecount="0" falsecount="2"/>
      <line num="1173" count="0" type="stmt"/>
      <line num="1177" count="0" type="stmt"/>
      <line num="1180" count="0" type="stmt"/>
      <line num="1181" count="0" type="stmt"/>
      <line num="1189" count="0" type="stmt"/>
      <line num="1190" count="0" type="cond" truecount="0" falsecount="4"/>
      <line num="1191" count="0" type="stmt"/>
      <line num="1195" count="0" type="stmt"/>
      <line num="1196" count="0" type="stmt"/>
      <line num="1197" count="0" type="stmt"/>
      <line num="1200" count="0" type="stmt"/>
      <line num="1203" count="0" type="cond" truecount="0" falsecount="2"/>
      <line num="1204" count="0" type="stmt"/>
      <line num="1209" count="0" type="cond" truecount="0" falsecount="2"/>
      <line num="1211" count="0" type="stmt"/>
      <line num="1213" count="0" type="stmt"/>
      <line num="1217" count="0" type="stmt"/>
      <line num="1218" count="0" type="stmt"/>
      <line num="1219" count="0" type="stmt"/>
      <line num="1223" count="0" type="cond" truecount="0" falsecount="2"/>
      <line num="1224" count="0" type="stmt"/>
      <line num="1225" count="0" type="cond" truecount="0" falsecount="2"/>
      <line num="1226" count="0" type="stmt"/>
      <line num="1228" count="0" type="stmt"/>
      <line num="1231" count="0" type="stmt"/>
      <line num="1238" count="0" type="stmt"/>
      <line num="1239" count="0" type="cond" truecount="0" falsecount="2"/>
      <line num="1241" count="0" type="stmt"/>
      <line num="1242" count="0" type="stmt"/>
      <line num="1245" count="0" type="stmt"/>
      <line num="1248" count="0" type="cond" truecount="0" falsecount="2"/>
      <line num="1249" count="0" type="stmt"/>
      <line num="1251" count="0" type="stmt"/>
      <line num="1252" count="0" type="cond" truecount="0" falsecount="2"/>
      <line num="1253" count="0" type="stmt"/>
      <line num="1254" count="0" type="cond" truecount="0" falsecount="2"/>
      <line num="1256" count="0" type="cond" truecount="0" falsecount="2"/>
      <line num="1257" count="0" type="stmt"/>
      <line num="1258" count="0" type="cond" truecount="0" falsecount="2"/>
      <line num="1262" count="0" type="cond" truecount="0" falsecount="2"/>
      <line num="1263" count="0" type="stmt"/>
      <line num="1265" count="0" type="cond" truecount="0" falsecount="2"/>
      <line num="1266" count="0" type="stmt"/>
      <line num="1267" count="0" type="stmt"/>
      <line num="1269" count="0" type="stmt"/>
      <line num="1273" count="0" type="stmt"/>
      <line num="1274" count="0" type="cond" truecount="0" falsecount="2"/>
      <line num="1275" count="0" type="stmt"/>
      <line num="1276" count="0" type="cond" truecount="0" falsecount="4"/>
      <line num="1277" count="0" type="stmt"/>
      <line num="1281" count="0" type="stmt"/>
      <line num="1284" count="0" type="stmt"/>
      <line num="1286" count="0" type="stmt"/>
      <line num="1287" count="0" type="cond" truecount="0" falsecount="2"/>
      <line num="1288" count="0" type="stmt"/>
      <line num="1292" count="0" type="cond" truecount="0" falsecount="4"/>
      <line num="1293" count="0" type="cond" truecount="0" falsecount="2"/>
      <line num="1294" count="0" type="stmt"/>
      <line num="1295" count="0" type="stmt"/>
      <line num="1297" count="0" type="stmt"/>
      <line num="1304" count="0" type="stmt"/>
      <line num="1305" count="0" type="cond" truecount="0" falsecount="2"/>
      <line num="1307" count="0" type="stmt"/>
      <line num="1310" count="0" type="cond" truecount="0" falsecount="2"/>
      <line num="1311" count="0" type="stmt"/>
      <line num="1313" count="0" type="stmt"/>
      <line num="1314" count="0" type="cond" truecount="0" falsecount="2"/>
      <line num="1315" count="0" type="stmt"/>
      <line num="1316" count="0" type="stmt"/>
      <line num="1318" count="0" type="cond" truecount="0" falsecount="2"/>
      <line num="1319" count="0" type="cond" truecount="0" falsecount="2"/>
      <line num="1320" count="0" type="stmt"/>
      <line num="1321" count="0" type="cond" truecount="0" falsecount="2"/>
      <line num="1323" count="0" type="stmt"/>
      <line num="1326" count="0" type="cond" truecount="0" falsecount="2"/>
      <line num="1327" count="0" type="stmt"/>
      <line num="1329" count="0" type="cond" truecount="0" falsecount="2"/>
      <line num="1330" count="0" type="stmt"/>
      <line num="1331" count="0" type="stmt"/>
      <line num="1333" count="0" type="stmt"/>
      <line num="1337" count="0" type="stmt"/>
      <line num="1338" count="0" type="stmt"/>
      <line num="1339" count="0" type="cond" truecount="0" falsecount="2"/>
      <line num="1340" count="0" type="stmt"/>
      <line num="1342" count="0" type="stmt"/>
      <line num="1345" count="0" type="stmt"/>
      <line num="1346" count="0" type="stmt"/>
      <line num="1349" count="0" type="stmt"/>
      <line num="1350" count="0" type="cond" truecount="0" falsecount="2"/>
      <line num="1351" count="0" type="stmt"/>
      <line num="1354" count="0" type="stmt"/>
      <line num="1356" count="0" type="cond" truecount="0" falsecount="4"/>
      <line num="1357" count="0" type="cond" truecount="0" falsecount="2"/>
      <line num="1358" count="0" type="stmt"/>
      <line num="1359" count="0" type="stmt"/>
      <line num="1361" count="0" type="stmt"/>
      <line num="1368" count="0" type="stmt"/>
      <line num="1378" count="0" type="cond" truecount="0" falsecount="2"/>
      <line num="1379" count="0" type="stmt"/>
      <line num="1380" count="0" type="stmt"/>
      <line num="1383" count="0" type="stmt"/>
      <line num="1385" count="0" type="stmt"/>
      <line num="1386" count="0" type="stmt"/>
      <line num="1389" count="0" type="cond" truecount="0" falsecount="2"/>
      <line num="1390" count="0" type="stmt"/>
      <line num="1391" count="0" type="stmt"/>
      <line num="1392" count="0" type="stmt"/>
      <line num="1393" count="0" type="stmt"/>
      <line num="1395" count="0" type="stmt"/>
      <line num="1396" count="0" type="stmt"/>
      <line num="1397" count="0" type="stmt"/>
      <line num="1400" count="0" type="stmt"/>
      <line num="1406" count="0" type="stmt"/>
      <line num="1407" count="0" type="stmt"/>
      <line num="1409" count="0" type="stmt"/>
      <line num="1414" count="0" type="stmt"/>
      <line num="1417" count="0" type="stmt"/>
      <line num="1424" count="0" type="cond" truecount="0" falsecount="2"/>
      <line num="1425" count="0" type="stmt"/>
      <line num="1428" count="0" type="cond" truecount="0" falsecount="2"/>
      <line num="1429" count="0" type="stmt"/>
      <line num="1432" count="0" type="stmt"/>
      <line num="1433" count="0" type="stmt"/>
      <line num="1437" count="0" type="stmt"/>
      <line num="1438" count="0" type="stmt"/>
      <line num="1445" count="0" type="cond" truecount="0" falsecount="2"/>
      <line num="1446" count="0" type="stmt"/>
      <line num="1447" count="0" type="stmt"/>
      <line num="1450" count="0" type="cond" truecount="0" falsecount="2"/>
      <line num="1451" count="0" type="stmt"/>
      <line num="1452" count="0" type="stmt"/>
      <line num="1455" count="0" type="stmt"/>
      <line num="1463" count="0" type="cond" truecount="0" falsecount="2"/>
      <line num="1464" count="0" type="stmt"/>
      <line num="1465" count="0" type="stmt"/>
      <line num="1469" count="0" type="cond" truecount="0" falsecount="2"/>
      <line num="1470" count="0" type="stmt"/>
      <line num="1471" count="0" type="cond" truecount="0" falsecount="2"/>
      <line num="1472" count="0" type="stmt"/>
      <line num="1473" count="0" type="stmt"/>
      <line num="1475" count="0" type="stmt"/>
      <line num="1479" count="0" type="cond" truecount="0" falsecount="2"/>
      <line num="1480" count="0" type="stmt"/>
      <line num="1481" count="0" type="stmt"/>
      <line num="1484" count="0" type="stmt"/>
      <line num="1485" count="0" type="stmt"/>
      <line num="1486" count="0" type="stmt"/>
      <line num="1489" count="0" type="cond" truecount="0" falsecount="2"/>
      <line num="1490" count="0" type="stmt"/>
      <line num="1491" count="0" type="stmt"/>
      <line num="1495" count="0" type="stmt"/>
      <line num="1496" count="0" type="stmt"/>
      <line num="1497" count="0" type="stmt"/>
      <line num="1498" count="0" type="stmt"/>
      <line num="1500" count="0" type="cond" truecount="0" falsecount="4"/>
      <line num="1501" count="0" type="stmt"/>
      <line num="1502" count="0" type="stmt"/>
      <line num="1506" count="0" type="stmt"/>
      <line num="1507" count="0" type="cond" truecount="0" falsecount="2"/>
      <line num="1508" count="0" type="stmt"/>
      <line num="1510" count="0" type="cond" truecount="0" falsecount="4"/>
      <line num="1511" count="0" type="stmt"/>
      <line num="1512" count="0" type="stmt"/>
      <line num="1513" count="0" type="stmt"/>
      <line num="1522" count="0" type="stmt"/>
      <line num="1523" count="0" type="stmt"/>
      <line num="1525" count="0" type="stmt"/>
      <line num="1526" count="0" type="stmt"/>
      <line num="1535" count="0" type="stmt"/>
      <line num="1537" count="0" type="stmt"/>
      <line num="1545" count="0" type="stmt"/>
      <line num="1546" count="0" type="cond" truecount="0" falsecount="2"/>
      <line num="1547" count="0" type="stmt"/>
      <line num="1555" count="0" type="cond" truecount="0" falsecount="2"/>
      <line num="1556" count="0" type="stmt"/>
      <line num="1557" count="0" type="stmt"/>
      <line num="1559" count="0" type="stmt"/>
      <line num="1568" count="0" type="cond" truecount="0" falsecount="2"/>
      <line num="1570" count="0" type="stmt"/>
      <line num="1571" count="0" type="stmt"/>
      <line num="1572" count="0" type="cond" truecount="0" falsecount="2"/>
      <line num="1573" count="0" type="stmt"/>
      <line num="1577" count="0" type="stmt"/>
      <line num="1578" count="0" type="stmt"/>
      <line num="1579" count="0" type="cond" truecount="0" falsecount="2"/>
      <line num="1580" count="0" type="stmt"/>
      <line num="1584" count="0" type="stmt"/>
      <line num="1585" count="0" type="stmt"/>
      <line num="1586" count="0" type="stmt"/>
      <line num="1587" count="0" type="stmt"/>
      <line num="1595" count="0" type="stmt"/>
      <line num="1596" count="0" type="cond" truecount="0" falsecount="2"/>
      <line num="1597" count="0" type="stmt"/>
      <line num="1599" count="0" type="stmt"/>
      <line num="1600" count="0" type="stmt"/>
      <line num="1607" count="0" type="cond" truecount="0" falsecount="2"/>
      <line num="1608" count="0" type="stmt"/>
      <line num="1616" count="0" type="cond" truecount="0" falsecount="2"/>
      <line num="1617" count="0" type="stmt"/>
      <line num="1618" count="0" type="stmt"/>
      <line num="1619" count="0" type="stmt"/>
      <line num="1620" count="0" type="stmt"/>
      <line num="1621" count="0" type="stmt"/>
      <line num="1622" count="0" type="stmt"/>
      <line num="1623" count="0" type="stmt"/>
      <line num="1624" count="0" type="stmt"/>
      <line num="1632" count="0" type="stmt"/>
      <line num="1633" count="0" type="stmt"/>
      <line num="1640" count="0" type="stmt"/>
      <line num="1641" count="0" type="stmt"/>
      <line num="1643" count="0" type="stmt"/>
      <line num="1644" count="0" type="stmt"/>
      <line num="1645" count="0" type="stmt"/>
      <line num="1646" count="0" type="stmt"/>
      <line num="1647" count="0" type="stmt"/>
      <line num="1648" count="0" type="stmt"/>
      <line num="1649" count="0" type="stmt"/>
      <line num="1650" count="0" type="stmt"/>
      <line num="1652" count="0" type="stmt"/>
      <line num="1654" count="0" type="stmt"/>
      <line num="1655" count="0" type="stmt"/>
      <line num="1663" count="0" type="stmt"/>
      <line num="1664" count="0" type="stmt"/>
      <line num="1667" count="0" type="cond" truecount="0" falsecount="4"/>
      <line num="1668" count="0" type="stmt"/>
      <line num="1672" count="0" type="stmt"/>
      <line num="1673" count="0" type="cond" truecount="0" falsecount="2"/>
      <line num="1675" count="0" type="cond" truecount="0" falsecount="2"/>
      <line num="1676" count="0" type="stmt"/>
      <line num="1680" count="0" type="stmt"/>
      <line num="1681" count="0" type="cond" truecount="0" falsecount="3"/>
      <line num="1684" count="0" type="cond" truecount="0" falsecount="2"/>
      <line num="1685" count="0" type="stmt"/>
      <line num="1689" count="0" type="stmt"/>
      <line num="1690" count="0" type="stmt"/>
      <line num="1693" count="0" type="cond" truecount="0" falsecount="4"/>
      <line num="1694" count="0" type="stmt"/>
      <line num="1695" count="0" type="stmt"/>
      <line num="1696" count="0" type="stmt"/>
      <line num="1700" count="0" type="stmt"/>
      <line num="1701" count="0" type="stmt"/>
      <line num="1702" count="0" type="stmt"/>
      <line num="1704" count="0" type="stmt"/>
      <line num="1706" count="0" type="stmt"/>
      <line num="1707" count="0" type="stmt"/>
      <line num="1722" count="0" type="stmt"/>
      <line num="1729" count="0" type="stmt"/>
      <line num="1730" count="0" type="cond" truecount="0" falsecount="2"/>
      <line num="1731" count="0" type="stmt"/>
      <line num="1732" count="0" type="stmt"/>
      <line num="1733" count="0" type="stmt"/>
      <line num="1741" count="0" type="cond" truecount="0" falsecount="4"/>
      <line num="1742" count="0" type="cond" truecount="0" falsecount="2"/>
      <line num="1743" count="0" type="stmt"/>
      <line num="1747" count="0" type="stmt"/>
      <line num="1748" count="0" type="cond" truecount="0" falsecount="2"/>
      <line num="1749" count="0" type="stmt"/>
      <line num="1752" count="0" type="stmt"/>
      <line num="1759" count="0" type="stmt"/>
      <line num="1760" count="0" type="cond" truecount="0" falsecount="4"/>
      <line num="1762" count="0" type="stmt"/>
      <line num="1763" count="0" type="cond" truecount="0" falsecount="2"/>
      <line num="1765" count="0" type="stmt"/>
      <line num="1767" count="0" type="stmt"/>
      <line num="1768" count="0" type="stmt"/>
      <line num="1769" count="0" type="stmt"/>
      <line num="1770" count="0" type="stmt"/>
      <line num="1772" count="0" type="stmt"/>
      <line num="1773" count="0" type="cond" truecount="0" falsecount="4"/>
      <line num="1774" count="0" type="stmt"/>
      <line num="1776" count="0" type="stmt"/>
      <line num="1782" count="0" type="stmt"/>
      <line num="1790" count="0" type="cond" truecount="0" falsecount="4"/>
      <line num="1791" count="0" type="cond" truecount="0" falsecount="2"/>
      <line num="1792" count="0" type="stmt"/>
      <line num="1796" count="0" type="stmt"/>
      <line num="1797" count="0" type="stmt"/>
      <line num="1799" count="0" type="stmt"/>
      <line num="1800" count="0" type="stmt"/>
      <line num="1801" count="0" type="stmt"/>
      <line num="1808" count="0" type="stmt"/>
      <line num="1809" count="0" type="cond" truecount="0" falsecount="2"/>
      <line num="1811" count="0" type="stmt"/>
      <line num="1812" count="0" type="stmt"/>
      <line num="1813" count="0" type="stmt"/>
      <line num="1816" count="0" type="stmt"/>
      <line num="1818" count="0" type="stmt"/>
      <line num="1819" count="0" type="stmt"/>
      <line num="1820" count="0" type="stmt"/>
      <line num="1821" count="0" type="stmt"/>
      <line num="1823" count="0" type="cond" truecount="0" falsecount="2"/>
      <line num="1824" count="0" type="stmt"/>
      <line num="1827" count="0" type="stmt"/>
      <line num="1828" count="0" type="stmt"/>
      <line num="1829" count="0" type="cond" truecount="0" falsecount="2"/>
      <line num="1830" count="0" type="stmt"/>
      <line num="1831" count="0" type="stmt"/>
      <line num="1841" count="0" type="stmt"/>
      <line num="1842" count="0" type="stmt"/>
      <line num="1843" count="0" type="stmt"/>
      <line num="1844" count="0" type="stmt"/>
      <line num="1845" count="0" type="stmt"/>
      <line num="1846" count="0" type="stmt"/>
      <line num="1853" count="0" type="stmt"/>
      <line num="1854" count="0" type="stmt"/>
      <line num="1861" count="0" type="stmt"/>
      <line num="1862" count="0" type="stmt"/>
      <line num="1864" count="0" type="stmt"/>
      <line num="1865" count="0" type="stmt"/>
      <line num="1872" count="0" type="cond" truecount="0" falsecount="4"/>
      <line num="1874" count="0" type="stmt"/>
      <line num="1875" count="0" type="stmt"/>
      <line num="1876" count="0" type="stmt"/>
      <line num="1877" count="0" type="stmt"/>
      <line num="1878" count="0" type="stmt"/>
      <line num="1879" count="0" type="stmt"/>
      <line num="1881" count="0" type="cond" truecount="0" falsecount="4"/>
      <line num="1882" count="0" type="stmt"/>
      <line num="1883" count="0" type="stmt"/>
      <line num="1887" count="0" type="stmt"/>
      <line num="1895" count="0" type="cond" truecount="0" falsecount="2"/>
      <line num="1896" count="0" type="stmt"/>
      <line num="1897" count="0" type="cond" truecount="0" falsecount="2"/>
      <line num="1898" count="0" type="stmt"/>
      <line num="1901" count="0" type="stmt"/>
      <line num="1903" count="0" type="stmt"/>
      <line num="1904" count="0" type="stmt"/>
      <line num="1906" count="0" type="stmt"/>
      <line num="1913" count="0" type="cond" truecount="0" falsecount="4"/>
      <line num="1915" count="0" type="stmt"/>
      <line num="1916" count="0" type="stmt"/>
      <line num="1918" count="0" type="cond" truecount="0" falsecount="2"/>
      <line num="1919" count="0" type="stmt"/>
      <line num="1923" count="0" type="cond" truecount="0" falsecount="4"/>
      <line num="1924" count="0" type="stmt"/>
      <line num="1925" count="0" type="stmt"/>
      <line num="1928" count="0" type="stmt"/>
      <line num="1931" count="0" type="cond" truecount="0" falsecount="2"/>
      <line num="1932" count="0" type="stmt"/>
      <line num="1935" count="0" type="stmt"/>
      <line num="1936" count="0" type="stmt"/>
      <line num="1938" count="0" type="stmt"/>
      <line num="1939" count="0" type="stmt"/>
      <line num="1941" count="0" type="stmt"/>
      <line num="1948" count="0" type="cond" truecount="0" falsecount="4"/>
      <line num="1950" count="0" type="stmt"/>
      <line num="1951" count="0" type="stmt"/>
      <line num="1952" count="0" type="stmt"/>
      <line num="1954" count="0" type="stmt"/>
      <line num="1961" count="0" type="stmt"/>
      <line num="1962" count="0" type="stmt"/>
      <line num="1964" count="0" type="stmt"/>
      <line num="1965" count="0" type="stmt"/>
      <line num="1967" count="0" type="stmt"/>
      <line num="1974" count="0" type="cond" truecount="0" falsecount="2"/>
      <line num="1975" count="0" type="stmt"/>
      <line num="1978" count="0" type="stmt"/>
      <line num="1979" count="0" type="stmt"/>
      <line num="1980" count="0" type="stmt"/>
      <line num="1981" count="0" type="stmt"/>
      <line num="1983" count="0" type="stmt"/>
      <line num="1984" count="0" type="stmt"/>
      <line num="1986" count="0" type="stmt"/>
      <line num="1993" count="0" type="stmt"/>
      <line num="1994" count="0" type="stmt"/>
      <line num="1995" count="0" type="stmt"/>
      <line num="1998" count="0" type="stmt"/>
      <line num="1999" count="0" type="stmt"/>
      <line num="2000" count="0" type="stmt"/>
      <line num="2002" count="0" type="stmt"/>
      <line num="2021" count="0" type="stmt"/>
      <line num="2032" count="0" type="stmt"/>
      <line num="2043" count="0" type="stmt"/>
      <line num="2044" count="0" type="stmt"/>
      <line num="2046" count="0" type="stmt"/>
      <line num="2059" count="0" type="stmt"/>
      <line num="2064" count="0" type="stmt"/>
      <line num="2069" count="0" type="stmt"/>
      <line num="2079" count="0" type="cond" truecount="0" falsecount="4"/>
      <line num="2081" count="0" type="stmt"/>
      <line num="2082" count="0" type="stmt"/>
      <line num="2083" count="0" type="stmt"/>
      <line num="2085" count="0" type="cond" truecount="0" falsecount="4"/>
      <line num="2088" count="0" type="stmt"/>
      <line num="2089" count="0" type="stmt"/>
      <line num="2095" count="0" type="stmt"/>
      <line num="2096" count="0" type="cond" truecount="0" falsecount="2"/>
      <line num="2098" count="0" type="stmt"/>
      <line num="2099" count="0" type="stmt"/>
      <line num="2102" count="0" type="cond" truecount="0" falsecount="2"/>
      <line num="2103" count="0" type="stmt"/>
      <line num="2106" count="0" type="stmt"/>
      <line num="2108" count="0" type="cond" truecount="0" falsecount="2"/>
      <line num="2110" count="0" type="cond" truecount="0" falsecount="2"/>
      <line num="2111" count="0" type="stmt"/>
      <line num="2112" count="0" type="stmt"/>
      <line num="2113" count="0" type="stmt"/>
      <line num="2114" count="0" type="stmt"/>
      <line num="2115" count="0" type="stmt"/>
      <line num="2117" count="0" type="stmt"/>
      <line num="2118" count="0" type="stmt"/>
      <line num="2121" count="0" type="stmt"/>
      <line num="2122" count="0" type="stmt"/>
      <line num="2123" count="0" type="stmt"/>
      <line num="2124" count="0" type="stmt"/>
      <line num="2128" count="0" type="cond" truecount="0" falsecount="4"/>
      <line num="2129" count="0" type="stmt"/>
      <line num="2130" count="0" type="stmt"/>
      <line num="2131" count="0" type="stmt"/>
      <line num="2135" count="0" type="stmt"/>
      <line num="2138" count="0" type="stmt"/>
      <line num="2142" count="0" type="stmt"/>
      <line num="2153" count="0" type="stmt"/>
      <line num="2154" count="0" type="stmt"/>
      <line num="2155" count="0" type="stmt"/>
      <line num="2163" count="0" type="stmt"/>
      <line num="2164" count="0" type="stmt"/>
      <line num="2167" count="0" type="stmt"/>
      <line num="2175" count="0" type="stmt"/>
      <line num="2176" count="0" type="stmt"/>
      <line num="2179" count="0" type="stmt"/>
      <line num="2187" count="0" type="stmt"/>
      <line num="2188" count="0" type="stmt"/>
      <line num="2191" count="0" type="cond" truecount="0" falsecount="2"/>
      <line num="2192" count="0" type="cond" truecount="0" falsecount="2"/>
      <line num="2195" count="0" type="cond" truecount="0" falsecount="2"/>
      <line num="2196" count="0" type="stmt"/>
      <line num="2204" count="0" type="cond" truecount="0" falsecount="2"/>
      <line num="2207" count="0" type="cond" truecount="0" falsecount="2"/>
      <line num="2208" count="0" type="stmt"/>
      <line num="2212" count="0" type="stmt"/>
      <line num="2213" count="0" type="stmt"/>
      <line num="2215" count="0" type="cond" truecount="0" falsecount="4"/>
      <line num="2216" count="0" type="stmt"/>
      <line num="2220" count="0" type="stmt"/>
      <line num="2221" count="0" type="stmt"/>
      <line num="2224" count="0" type="stmt"/>
      <line num="2227" count="0" type="cond" truecount="0" falsecount="2"/>
      <line num="2228" count="0" type="stmt"/>
      <line num="2229" count="0" type="stmt"/>
      <line num="2231" count="0" type="stmt"/>
      <line num="2232" count="0" type="cond" truecount="0" falsecount="4"/>
      <line num="2233" count="0" type="stmt"/>
      <line num="2237" count="0" type="stmt"/>
      <line num="2238" count="0" type="stmt"/>
      <line num="2245" count="0" type="cond" truecount="0" falsecount="2"/>
      <line num="2248" count="0" type="cond" truecount="0" falsecount="2"/>
      <line num="2249" count="0" type="stmt"/>
      <line num="2253" count="0" type="stmt"/>
      <line num="2254" count="0" type="stmt"/>
      <line num="2256" count="0" type="cond" truecount="0" falsecount="4"/>
      <line num="2257" count="0" type="stmt"/>
      <line num="2261" count="0" type="stmt"/>
      <line num="2262" count="0" type="stmt"/>
      <line num="2265" count="0" type="cond" truecount="0" falsecount="2"/>
      <line num="2266" count="0" type="stmt"/>
      <line num="2267" count="0" type="stmt"/>
      <line num="2269" count="0" type="stmt"/>
      <line num="2270" count="0" type="cond" truecount="0" falsecount="4"/>
      <line num="2271" count="0" type="stmt"/>
      <line num="2275" count="0" type="stmt"/>
      <line num="2284" count="0" type="cond" truecount="0" falsecount="4"/>
      <line num="2286" count="0" type="stmt"/>
      <line num="2287" count="0" type="stmt"/>
      <line num="2290" count="0" type="stmt"/>
      <line num="2291" count="0" type="stmt"/>
      <line num="2292" count="0" type="cond" truecount="0" falsecount="2"/>
      <line num="2293" count="0" type="stmt"/>
      <line num="2297" count="0" type="stmt"/>
      <line num="2305" count="0" type="stmt"/>
      <line num="2306" count="0" type="cond" truecount="0" falsecount="4"/>
      <line num="2309" count="0" type="stmt"/>
      <line num="2310" count="0" type="stmt"/>
      <line num="2311" count="0" type="stmt"/>
      <line num="2313" count="0" type="stmt"/>
      <line num="2314" count="0" type="stmt"/>
      <line num="2315" count="0" type="stmt"/>
      <line num="2316" count="0" type="stmt"/>
      <line num="2324" count="0" type="stmt"/>
      <line num="2325" count="0" type="cond" truecount="0" falsecount="2"/>
      <line num="2327" count="0" type="cond" truecount="0" falsecount="2"/>
      <line num="2329" count="0" type="stmt"/>
      <line num="2332" count="0" type="stmt"/>
      <line num="2333" count="0" type="stmt"/>
      <line num="2336" count="0" type="stmt"/>
      <line num="2337" count="0" type="stmt"/>
      <line num="2338" count="0" type="stmt"/>
      <line num="2339" count="0" type="stmt"/>
      <line num="2347" count="0" type="stmt"/>
      <line num="2348" count="0" type="stmt"/>
      <line num="2350" count="0" type="cond" truecount="0" falsecount="4"/>
      <line num="2353" count="0" type="cond" truecount="0" falsecount="2"/>
      <line num="2354" count="0" type="stmt"/>
      <line num="2362" count="0" type="stmt"/>
      <line num="2363" count="0" type="stmt"/>
      <line num="2366" count="0" type="cond" truecount="0" falsecount="2"/>
      <line num="2368" count="0" type="cond" truecount="0" falsecount="2"/>
      <line num="2369" count="0" type="stmt"/>
      <line num="2370" count="0" type="stmt"/>
      <line num="2371" count="0" type="stmt"/>
      <line num="2375" count="0" type="stmt"/>
      <line num="2376" count="0" type="stmt"/>
      <line num="2377" count="0" type="stmt"/>
      <line num="2380" count="0" type="stmt"/>
      <line num="2383" count="0" type="stmt"/>
      <line num="2390" count="0" type="stmt"/>
      <line num="2393" count="0" type="cond" truecount="0" falsecount="3"/>
      <line num="2395" count="0" type="stmt"/>
      <line num="2396" count="0" type="cond" truecount="0" falsecount="2"/>
      <line num="2397" count="0" type="stmt"/>
      <line num="2398" count="0" type="stmt"/>
      <line num="2400" count="0" type="stmt"/>
      <line num="2402" count="0" type="stmt"/>
      <line num="2403" count="0" type="cond" truecount="0" falsecount="2"/>
      <line num="2404" count="0" type="stmt"/>
      <line num="2406" count="0" type="stmt"/>
      <line num="2408" count="0" type="stmt"/>
      <line num="2409" count="0" type="stmt"/>
      <line num="2413" count="0" type="cond" truecount="0" falsecount="6"/>
      <line num="2415" count="0" type="stmt"/>
      <line num="2416" count="0" type="stmt"/>
      <line num="2418" count="0" type="stmt"/>
      <line num="2419" count="0" type="stmt"/>
      <line num="2421" count="0" type="stmt"/>
      <line num="2422" count="0" type="cond" truecount="0" falsecount="4"/>
      <line num="2423" count="0" type="cond" truecount="0" falsecount="2"/>
      <line num="2424" count="0" type="cond" truecount="0" falsecount="2"/>
      <line num="2425" count="0" type="stmt"/>
      <line num="2427" count="0" type="stmt"/>
      <line num="2429" count="0" type="stmt"/>
      <line num="2430" count="0" type="cond" truecount="0" falsecount="4"/>
      <line num="2431" count="0" type="cond" truecount="0" falsecount="2"/>
      <line num="2432" count="0" type="cond" truecount="0" falsecount="2"/>
      <line num="2433" count="0" type="stmt"/>
      <line num="2435" count="0" type="stmt"/>
      <line num="2437" count="0" type="stmt"/>
      <line num="2438" count="0" type="stmt"/>
      <line num="2440" count="0" type="stmt"/>
      <line num="2441" count="0" type="stmt"/>
      <line num="2444" count="0" type="stmt"/>
      <line num="2451" count="0" type="stmt"/>
      <line num="2452" count="0" type="cond" truecount="0" falsecount="2"/>
      <line num="2453" count="0" type="cond" truecount="0" falsecount="2"/>
      <line num="2455" count="0" type="cond" truecount="0" falsecount="2"/>
      <line num="2457" count="0" type="cond" truecount="0" falsecount="4"/>
      <line num="2458" count="0" type="stmt"/>
      <line num="2461" count="0" type="cond" truecount="0" falsecount="2"/>
      <line num="2465" count="0" type="stmt"/>
      <line num="2470" count="0" type="stmt"/>
      <line num="2493" count="0" type="stmt"/>
      <line num="2494" count="0" type="stmt"/>
      <line num="2495" count="0" type="stmt"/>
      <line num="2496" count="0" type="stmt"/>
      <line num="2498" count="0" type="cond" truecount="0" falsecount="6"/>
      <line num="2500" count="0" type="stmt"/>
      <line num="2502" count="0" type="cond" truecount="0" falsecount="2"/>
      <line num="2503" count="0" type="stmt"/>
      <line num="2504" count="0" type="stmt"/>
      <line num="2507" count="0" type="stmt"/>
      <line num="2508" count="0" type="stmt"/>
      <line num="2510" count="0" type="stmt"/>
      <line num="2511" count="0" type="stmt"/>
      <line num="2518" count="0" type="stmt"/>
      <line num="2519" count="0" type="stmt"/>
      <line num="2520" count="0" type="stmt"/>
      <line num="2521" count="0" type="stmt"/>
      <line num="2523" count="0" type="cond" truecount="0" falsecount="6"/>
      <line num="2525" count="0" type="stmt"/>
      <line num="2527" count="0" type="cond" truecount="0" falsecount="2"/>
      <line num="2528" count="0" type="stmt"/>
      <line num="2529" count="0" type="stmt"/>
      <line num="2532" count="0" type="stmt"/>
      <line num="2533" count="0" type="stmt"/>
      <line num="2535" count="0" type="stmt"/>
      <line num="2536" count="0" type="stmt"/>
      <line num="2543" count="0" type="cond" truecount="0" falsecount="2"/>
      <line num="2544" count="0" type="stmt"/>
      <line num="2545" count="0" type="stmt"/>
      <line num="2553" count="0" type="stmt"/>
      <line num="2554" count="0" type="cond" truecount="0" falsecount="2"/>
      <line num="2555" count="0" type="stmt"/>
      <line num="2556" count="0" type="stmt"/>
      <line num="2564" count="0" type="stmt"/>
      <line num="2565" count="0" type="cond" truecount="0" falsecount="2"/>
      <line num="2566" count="0" type="stmt"/>
      <line num="2567" count="0" type="stmt"/>
      <line num="2568" count="0" type="stmt"/>
      <line num="2576" count="0" type="stmt"/>
      <line num="2577" count="0" type="cond" truecount="0" falsecount="2"/>
      <line num="2578" count="0" type="stmt"/>
      <line num="2579" count="0" type="stmt"/>
      <line num="2580" count="0" type="stmt"/>
      <line num="2588" count="0" type="cond" truecount="0" falsecount="2"/>
      <line num="2589" count="0" type="stmt"/>
      <line num="2590" count="0" type="stmt"/>
      <line num="2598" count="0" type="stmt"/>
      <line num="2599" count="0" type="stmt"/>
      <line num="2601" count="0" type="cond" truecount="0" falsecount="2"/>
      <line num="2602" count="0" type="stmt"/>
      <line num="2603" count="0" type="stmt"/>
      <line num="2611" count="0" type="stmt"/>
      <line num="2612" count="0" type="stmt"/>
      <line num="2614" count="0" type="cond" truecount="0" falsecount="4"/>
      <line num="2617" count="0" type="stmt"/>
      <line num="2632" count="0" type="stmt"/>
      <line num="2633" count="0" type="stmt"/>
      <line num="2634" count="0" type="stmt"/>
      <line num="2636" count="0" type="cond" truecount="0" falsecount="2"/>
      <line num="2637" count="0" type="stmt"/>
      <line num="2638" count="0" type="stmt"/>
      <line num="2642" count="0" type="stmt"/>
      <line num="2643" count="0" type="stmt"/>
      <line num="2648" count="0" type="stmt"/>
      <line num="2649" count="0" type="stmt"/>
      <line num="2651" count="0" type="cond" truecount="0" falsecount="2"/>
      <line num="2652" count="0" type="stmt"/>
      <line num="2653" count="0" type="stmt"/>
      <line num="2657" count="0" type="stmt"/>
      <line num="2658" count="0" type="cond" truecount="0" falsecount="2"/>
      <line num="2659" count="0" type="stmt"/>
      <line num="2660" count="0" type="stmt"/>
      <line num="2661" count="0" type="stmt"/>
      <line num="2662" count="0" type="cond" truecount="0" falsecount="2"/>
      <line num="2663" count="0" type="stmt"/>
      <line num="2664" count="0" type="cond" truecount="0" falsecount="2"/>
      <line num="2665" count="0" type="stmt"/>
      <line num="2666" count="0" type="cond" truecount="0" falsecount="2"/>
      <line num="2667" count="0" type="stmt"/>
      <line num="2669" count="0" type="cond" truecount="0" falsecount="2"/>
      <line num="2670" count="0" type="stmt"/>
      <line num="2671" count="0" type="stmt"/>
      <line num="2676" count="0" type="stmt"/>
      <line num="2677" count="0" type="cond" truecount="0" falsecount="4"/>
      <line num="2678" count="0" type="stmt"/>
      <line num="2687" count="0" type="stmt"/>
      <line num="2688" count="0" type="stmt"/>
      <line num="2689" count="0" type="stmt"/>
      <line num="2690" count="0" type="stmt"/>
      <line num="2697" count="0" type="stmt"/>
      <line num="2698" count="0" type="stmt"/>
      <line num="2700" count="0" type="stmt"/>
      <line num="2701" count="0" type="stmt"/>
      <line num="2702" count="0" type="stmt"/>
      <line num="2709" count="0" type="stmt"/>
      <line num="2710" count="0" type="cond" truecount="0" falsecount="2"/>
      <line num="2711" count="0" type="stmt"/>
      <line num="2713" count="0" type="cond" truecount="0" falsecount="4"/>
      <line num="2714" count="0" type="stmt"/>
      <line num="2716" count="0" type="cond" truecount="0" falsecount="4"/>
      <line num="2717" count="0" type="stmt"/>
      <line num="2719" count="0" type="cond" truecount="0" falsecount="2"/>
      <line num="2720" count="0" type="stmt"/>
      <line num="2724" count="0" type="cond" truecount="0" falsecount="2"/>
      <line num="2725" count="0" type="stmt"/>
      <line num="2730" count="0" type="stmt"/>
      <line num="2732" count="0" type="cond" truecount="0" falsecount="2"/>
      <line num="2739" count="0" type="stmt"/>
      <line num="2740" count="0" type="cond" truecount="0" falsecount="2"/>
      <line num="2742" count="0" type="cond" truecount="0" falsecount="2"/>
      <line num="2743" count="0" type="stmt"/>
      <line num="2745" count="0" type="stmt"/>
      <line num="2746" count="0" type="cond" truecount="0" falsecount="4"/>
      <line num="2747" count="0" type="stmt"/>
      <line num="2750" count="0" type="cond" truecount="0" falsecount="2"/>
      <line num="2751" count="0" type="cond" truecount="0" falsecount="2"/>
      <line num="2753" count="0" type="stmt"/>
      <line num="2762" count="0" type="stmt"/>
      <line num="2763" count="0" type="stmt"/>
      <line num="2770" count="0" type="stmt"/>
      <line num="2771" count="0" type="cond" truecount="0" falsecount="2"/>
      <line num="2772" count="0" type="stmt"/>
      <line num="2774" count="0" type="stmt"/>
      <line num="2781" count="0" type="stmt"/>
      <line num="2782" count="0" type="stmt"/>
      <line num="2783" count="0" type="cond" truecount="0" falsecount="2"/>
      <line num="2784" count="0" type="stmt"/>
      <line num="2786" count="0" type="stmt"/>
      <line num="2795" count="0" type="stmt"/>
      <line num="2796" count="0" type="cond" truecount="0" falsecount="2"/>
      <line num="2797" count="0" type="stmt"/>
      <line num="2798" count="0" type="stmt"/>
      <line num="2799" count="0" type="stmt"/>
      <line num="2807" count="0" type="stmt"/>
      <line num="2808" count="0" type="stmt"/>
      <line num="2809" count="0" type="stmt"/>
      <line num="2810" count="0" type="stmt"/>
      <line num="2813" count="0" type="stmt"/>
      <line num="2816" count="0" type="stmt"/>
      <line num="2817" count="0" type="stmt"/>
      <line num="2819" count="0" type="cond" truecount="0" falsecount="2"/>
      <line num="2820" count="0" type="cond" truecount="0" falsecount="4"/>
      <line num="2823" count="0" type="stmt"/>
      <line num="2824" count="0" type="stmt"/>
      <line num="2825" count="0" type="stmt"/>
      <line num="2832" count="0" type="stmt"/>
      <line num="2833" count="0" type="stmt"/>
      <line num="2835" count="0" type="cond" truecount="0" falsecount="2"/>
      <line num="2837" count="0" type="cond" truecount="0" falsecount="2"/>
      <line num="2838" count="0" type="stmt"/>
      <line num="2839" count="0" type="stmt"/>
      <line num="2840" count="0" type="stmt"/>
      <line num="2844" count="0" type="stmt"/>
      <line num="2845" count="0" type="stmt"/>
      <line num="2846" count="0" type="stmt"/>
      <line num="2849" count="0" type="stmt"/>
      <line num="2852" count="0" type="stmt"/>
      <line num="2859" count="0" type="stmt"/>
      <line num="2860" count="0" type="cond" truecount="0" falsecount="3"/>
      <line num="2862" count="0" type="stmt"/>
      <line num="2863" count="0" type="cond" truecount="0" falsecount="2"/>
      <line num="2864" count="0" type="stmt"/>
      <line num="2866" count="0" type="stmt"/>
      <line num="2869" count="0" type="cond" truecount="0" falsecount="4"/>
      <line num="2870" count="0" type="stmt"/>
      <line num="2873" count="0" type="cond" truecount="0" falsecount="2"/>
      <line num="2877" count="0" type="stmt"/>
      <line num="2883" count="0" type="stmt"/>
      <line num="2906" count="0" type="stmt"/>
      <line num="2907" count="0" type="stmt"/>
      <line num="2908" count="0" type="stmt"/>
      <line num="2909" count="0" type="stmt"/>
      <line num="2911" count="0" type="cond" truecount="0" falsecount="6"/>
      <line num="2913" count="0" type="stmt"/>
      <line num="2915" count="0" type="cond" truecount="0" falsecount="2"/>
      <line num="2916" count="0" type="stmt"/>
      <line num="2917" count="0" type="stmt"/>
      <line num="2920" count="0" type="stmt"/>
      <line num="2921" count="0" type="stmt"/>
      <line num="2923" count="0" type="stmt"/>
      <line num="2924" count="0" type="stmt"/>
      <line num="2931" count="0" type="stmt"/>
      <line num="2932" count="0" type="cond" truecount="0" falsecount="4"/>
      <line num="2933" count="0" type="stmt"/>
      <line num="2934" count="0" type="stmt"/>
      <line num="2935" count="0" type="stmt"/>
      <line num="2943" count="0" type="stmt"/>
      <line num="2944" count="0" type="cond" truecount="0" falsecount="4"/>
      <line num="2945" count="0" type="stmt"/>
      <line num="2946" count="0" type="stmt"/>
      <line num="2947" count="0" type="stmt"/>
      <line num="2955" count="0" type="cond" truecount="0" falsecount="2"/>
      <line num="2956" count="0" type="stmt"/>
      <line num="2957" count="0" type="cond" truecount="0" falsecount="2"/>
      <line num="2958" count="0" type="stmt"/>
      <line num="2967" count="0" type="stmt"/>
      <line num="2968" count="0" type="stmt"/>
      <line num="2970" count="0" type="cond" truecount="0" falsecount="2"/>
      <line num="2971" count="0" type="stmt"/>
      <line num="2972" count="0" type="cond" truecount="0" falsecount="2"/>
      <line num="2973" count="0" type="stmt"/>
      <line num="2983" count="0" type="stmt"/>
      <line num="2984" count="0" type="stmt"/>
      <line num="2992" count="0" type="stmt"/>
      <line num="2994" count="0" type="stmt"/>
      <line num="2995" count="0" type="cond" truecount="0" falsecount="4"/>
      <line num="2996" count="0" type="stmt"/>
      <line num="2997" count="0" type="cond" truecount="0" falsecount="2"/>
      <line num="3002" count="0" type="stmt"/>
    </file>
    <file name="markdownRenderer.js" path="/Users/chris/toolbox/webapps/activity-tracker/src/scripts/markdownRenderer.js">
      <metrics statements="57" coveredstatements="0" conditionals="21" coveredconditionals="0" methods="9" coveredmethods="0"/>
      <line num="8" count="0" type="stmt"/>
      <line num="44" count="0" type="cond" truecount="0" falsecount="4"/>
      <line num="45" count="0" type="stmt"/>
      <line num="48" count="0" type="stmt"/>
      <line num="51" count="0" type="stmt"/>
      <line num="52" count="0" type="stmt"/>
      <line num="56" count="0" type="cond" truecount="0" falsecount="2"/>
      <line num="59" count="0" type="stmt"/>
      <line num="61" count="0" type="stmt"/>
      <line num="64" count="0" type="stmt"/>
      <line num="65" count="0" type="stmt"/>
      <line num="69" count="0" type="cond" truecount="0" falsecount="4"/>
      <line num="70" count="0" type="stmt"/>
      <line num="74" count="0" type="stmt"/>
      <line num="75" count="0" type="stmt"/>
      <line num="76" count="0" type="stmt"/>
      <line num="77" count="0" type="stmt"/>
      <line num="78" count="0" type="stmt"/>
      <line num="79" count="0" type="stmt"/>
      <line num="80" count="0" type="stmt"/>
      <line num="81" count="0" type="stmt"/>
      <line num="84" count="0" type="stmt"/>
      <line num="87" count="0" type="stmt"/>
      <line num="88" count="0" type="stmt"/>
      <line num="89" count="0" type="stmt"/>
      <line num="90" count="0" type="stmt"/>
      <line num="92" count="0" type="stmt"/>
      <line num="102" count="0" type="stmt"/>
      <line num="104" count="0" type="stmt"/>
      <line num="108" count="0" type="stmt"/>
      <line num="109" count="0" type="stmt"/>
      <line num="110" count="0" type="stmt"/>
      <line num="111" count="0" type="stmt"/>
      <line num="114" count="0" type="stmt"/>
      <line num="115" count="0" type="stmt"/>
      <line num="117" count="0" type="stmt"/>
      <line num="126" count="0" type="stmt"/>
      <line num="136" count="0" type="stmt"/>
      <line num="139" count="0" type="stmt"/>
      <line num="140" count="0" type="stmt"/>
      <line num="141" count="0" type="stmt"/>
      <line num="142" count="0" type="stmt"/>
      <line num="143" count="0" type="stmt"/>
      <line num="144" count="0" type="stmt"/>
      <line num="145" count="0" type="stmt"/>
      <line num="146" count="0" type="stmt"/>
      <line num="148" count="0" type="stmt"/>
      <line num="157" count="0" type="stmt"/>
      <line num="167" count="0" type="cond" truecount="0" falsecount="2"/>
      <line num="169" count="0" type="stmt"/>
      <line num="170" count="0" type="stmt"/>
      <line num="172" count="0" type="cond" truecount="0" falsecount="4"/>
      <line num="173" count="0" type="stmt"/>
      <line num="176" count="0" type="stmt"/>
      <line num="181" count="0" type="cond" truecount="0" falsecount="2"/>
      <line num="182" count="0" type="stmt"/>
      <line num="185" count="0" type="stmt"/>
    </file>
    <file name="notifications.js" path="/Users/chris/toolbox/webapps/activity-tracker/src/scripts/notifications.js">
      <metrics statements="41" coveredstatements="0" conditionals="18" coveredconditionals="0" methods="13" coveredmethods="0"/>
      <line num="6" count="0" type="stmt"/>
      <line num="7" count="0" type="stmt"/>
      <line num="8" count="0" type="stmt"/>
      <line num="9" count="0" type="stmt"/>
      <line num="13" count="0" type="stmt"/>
      <line num="14" count="0" type="cond" truecount="0" falsecount="2"/>
      <line num="15" count="0" type="stmt"/>
      <line num="26" count="0" type="cond" truecount="0" falsecount="2"/>
      <line num="28" count="0" type="stmt"/>
      <line num="29" count="0" type="stmt"/>
      <line num="32" count="0" type="stmt"/>
      <line num="33" count="0" type="stmt"/>
      <line num="36" count="0" type="stmt"/>
      <line num="37" count="0" type="stmt"/>
      <line num="40" count="0" type="cond" truecount="0" falsecount="2"/>
      <line num="41" count="0" type="stmt"/>
      <line num="42" count="0" type="stmt"/>
      <line num="46" count="0" type="stmt"/>
      <line num="53" count="0" type="stmt"/>
      <line num="54" count="0" type="stmt"/>
      <line num="55" count="0" type="stmt"/>
      <line num="56" count="0" type="stmt"/>
      <line num="59" count="0" type="stmt"/>
      <line num="60" count="0" type="stmt"/>
      <line num="63" count="0" type="stmt"/>
      <line num="70" count="0" type="stmt"/>
      <line num="71" count="0" type="cond" truecount="0" falsecount="2"/>
      <line num="73" count="0" type="stmt"/>
      <line num="75" count="0" type="stmt"/>
      <line num="76" count="0" type="cond" truecount="0" falsecount="2"/>
      <line num="77" count="0" type="stmt"/>
      <line num="79" count="0" type="stmt"/>
      <line num="87" count="0" type="stmt"/>
      <line num="88" count="0" type="stmt"/>
      <line num="96" count="0" type="stmt"/>
      <line num="110" count="0" type="cond" truecount="0" falsecount="2"/>
      <line num="111" count="0" type="stmt"/>
      <line num="113" count="0" type="stmt"/>
      <line num="117" count="0" type="stmt"/>
      <line num="118" count="0" type="cond" truecount="0" falsecount="2"/>
      <line num="119" count="0" type="stmt"/>
    </file>
    <file name="pauseManager.js" path="/Users/chris/toolbox/webapps/activity-tracker/src/scripts/pauseManager.js">
      <metrics statements="139" coveredstatements="0" conditionals="46" coveredconditionals="0" methods="27" coveredmethods="0"/>
      <line num="8" count="0" type="stmt"/>
      <line num="9" count="0" type="stmt"/>
      <line num="10" count="0" type="stmt"/>
      <line num="11" count="0" type="stmt"/>
      <line num="12" count="0" type="stmt"/>
      <line num="19" count="0" type="stmt"/>
      <line num="20" count="0" type="cond" truecount="0" falsecount="2"/>
      <line num="21" count="0" type="stmt"/>
      <line num="22" count="0" type="stmt"/>
      <line num="31" count="0" type="stmt"/>
      <line num="32" count="0" type="stmt"/>
      <line num="33" count="0" type="stmt"/>
      <line num="38" count="0" type="stmt"/>
      <line num="39" count="0" type="stmt"/>
      <line num="40" count="0" type="stmt"/>
      <line num="41" count="0" type="stmt"/>
      <line num="45" count="0" type="stmt"/>
      <line num="46" count="0" type="stmt"/>
      <line num="55" count="0" type="cond" truecount="0" falsecount="2"/>
      <line num="56" count="0" type="stmt"/>
      <line num="57" count="0" type="stmt"/>
      <line num="61" count="0" type="stmt"/>
      <line num="62" count="0" type="stmt"/>
      <line num="63" count="0" type="stmt"/>
      <line num="75" count="0" type="stmt"/>
      <line num="84" count="0" type="stmt"/>
      <line num="85" count="0" type="stmt"/>
      <line num="86" count="0" type="stmt"/>
      <line num="91" count="0" type="stmt"/>
      <line num="93" count="0" type="stmt"/>
      <line num="94" count="0" type="stmt"/>
      <line num="97" count="0" type="stmt"/>
      <line num="98" count="0" type="stmt"/>
      <line num="101" count="0" type="stmt"/>
      <line num="102" count="0" type="stmt"/>
      <line num="103" count="0" type="stmt"/>
      <line num="106" count="0" type="stmt"/>
      <line num="110" count="0" type="stmt"/>
      <line num="111" count="0" type="stmt"/>
      <line num="112" count="0" type="stmt"/>
      <line num="115" count="0" type="stmt"/>
      <line num="118" count="0" type="stmt"/>
      <line num="119" count="0" type="cond" truecount="0" falsecount="2"/>
      <line num="120" count="0" type="stmt"/>
      <line num="121" count="0" type="stmt"/>
      <line num="125" count="0" type="stmt"/>
      <line num="126" count="0" type="stmt"/>
      <line num="136" count="0" type="stmt"/>
      <line num="138" count="0" type="cond" truecount="0" falsecount="2"/>
      <line num="140" count="0" type="stmt"/>
      <line num="141" count="0" type="stmt"/>
      <line num="142" count="0" type="stmt"/>
      <line num="145" count="0" type="stmt"/>
      <line num="146" count="0" type="stmt"/>
      <line num="147" count="0" type="cond" truecount="0" falsecount="2"/>
      <line num="148" count="0" type="stmt"/>
      <line num="151" count="0" type="stmt"/>
      <line num="158" count="0" type="stmt"/>
      <line num="159" count="0" type="stmt"/>
      <line num="160" count="0" type="stmt"/>
      <line num="161" count="0" type="stmt"/>
      <line num="162" count="0" type="stmt"/>
      <line num="169" count="0" type="cond" truecount="0" falsecount="2"/>
      <line num="170" count="0" type="stmt"/>
      <line num="174" count="0" type="stmt"/>
      <line num="177" count="0" type="stmt"/>
      <line num="178" count="0" type="stmt"/>
      <line num="186" count="0" type="cond" truecount="0" falsecount="2"/>
      <line num="187" count="0" type="stmt"/>
      <line num="188" count="0" type="stmt"/>
      <line num="196" count="0" type="cond" truecount="0" falsecount="4"/>
      <line num="197" count="0" type="stmt"/>
      <line num="198" count="0" type="stmt"/>
      <line num="201" count="0" type="stmt"/>
      <line num="202" count="0" type="stmt"/>
      <line num="204" count="0" type="cond" truecount="0" falsecount="2"/>
      <line num="205" count="0" type="stmt"/>
      <line num="206" count="0" type="stmt"/>
      <line num="209" count="0" type="stmt"/>
      <line num="211" count="0" type="cond" truecount="0" falsecount="2"/>
      <line num="213" count="0" type="stmt"/>
      <line num="214" count="0" type="stmt"/>
      <line num="215" count="0" type="stmt"/>
      <line num="219" count="0" type="stmt"/>
      <line num="220" count="0" type="stmt"/>
      <line num="221" count="0" type="stmt"/>
      <line num="222" count="0" type="stmt"/>
      <line num="226" count="0" type="cond" truecount="0" falsecount="2"/>
      <line num="227" count="0" type="stmt"/>
      <line num="228" count="0" type="cond" truecount="0" falsecount="2"/>
      <line num="229" count="0" type="stmt"/>
      <line num="231" count="0" type="stmt"/>
      <line num="235" count="0" type="stmt"/>
      <line num="236" count="0" type="stmt"/>
      <line num="239" count="0" type="stmt"/>
      <line num="240" count="0" type="stmt"/>
      <line num="241" count="0" type="stmt"/>
      <line num="244" count="0" type="stmt"/>
      <line num="253" count="0" type="stmt"/>
      <line num="254" count="0" type="stmt"/>
      <line num="258" count="0" type="stmt"/>
      <line num="259" count="0" type="stmt"/>
      <line num="262" count="0" type="cond" truecount="0" falsecount="2"/>
      <line num="263" count="0" type="stmt"/>
      <line num="265" count="0" type="stmt"/>
      <line num="273" count="0" type="stmt"/>
      <line num="274" count="0" type="stmt"/>
      <line num="275" count="0" type="stmt"/>
      <line num="276" count="0" type="stmt"/>
      <line num="277" count="0" type="stmt"/>
      <line num="286" count="0" type="cond" truecount="0" falsecount="2"/>
      <line num="287" count="0" type="stmt"/>
      <line num="288" count="0" type="stmt"/>
      <line num="289" count="0" type="stmt"/>
      <line num="290" count="0" type="stmt"/>
      <line num="291" count="0" type="stmt"/>
      <line num="298" count="0" type="cond" truecount="0" falsecount="2"/>
      <line num="300" count="0" type="cond" truecount="0" falsecount="2"/>
      <line num="301" count="0" type="cond" truecount="0" falsecount="2"/>
      <line num="302" count="0" type="stmt"/>
      <line num="304" count="0" type="stmt"/>
      <line num="307" count="0" type="stmt"/>
      <line num="316" count="0" type="cond" truecount="0" falsecount="2"/>
      <line num="317" count="0" type="stmt"/>
      <line num="320" count="0" type="cond" truecount="0" falsecount="2"/>
      <line num="321" count="0" type="stmt"/>
      <line num="324" count="0" type="stmt"/>
      <line num="325" count="0" type="stmt"/>
      <line num="333" count="0" type="cond" truecount="0" falsecount="2"/>
      <line num="334" count="0" type="stmt"/>
      <line num="337" count="0" type="cond" truecount="0" falsecount="2"/>
      <line num="338" count="0" type="stmt"/>
      <line num="341" count="0" type="stmt"/>
      <line num="342" count="0" type="stmt"/>
      <line num="343" count="0" type="stmt"/>
      <line num="350" count="0" type="stmt"/>
      <line num="355" count="0" type="cond" truecount="0" falsecount="2"/>
      <line num="356" count="0" type="stmt"/>
      <line num="359" count="0" type="stmt"/>
    </file>
    <file name="pomodoroManager.js" path="/Users/chris/toolbox/webapps/activity-tracker/src/scripts/pomodoroManager.js">
      <metrics statements="667" coveredstatements="0" conditionals="472" coveredconditionals="0" methods="62" coveredmethods="0"/>
      <line num="8" count="0" type="stmt"/>
      <line num="9" count="0" type="stmt"/>
      <line num="10" count="0" type="stmt"/>
      <line num="11" count="0" type="stmt"/>
      <line num="12" count="0" type="stmt"/>
      <line num="13" count="0" type="stmt"/>
      <line num="14" count="0" type="stmt"/>
      <line num="15" count="0" type="stmt"/>
      <line num="16" count="0" type="stmt"/>
      <line num="17" count="0" type="stmt"/>
      <line num="18" count="0" type="stmt"/>
      <line num="19" count="0" type="stmt"/>
      <line num="20" count="0" type="stmt"/>
      <line num="23" count="0" type="stmt"/>
      <line num="42" count="0" type="stmt"/>
      <line num="43" count="0" type="stmt"/>
      <line num="45" count="0" type="stmt"/>
      <line num="50" count="0" type="stmt"/>
      <line num="51" count="0" type="cond" truecount="0" falsecount="2"/>
      <line num="52" count="0" type="stmt"/>
      <line num="53" count="0" type="stmt"/>
      <line num="58" count="0" type="stmt"/>
      <line num="63" count="0" type="stmt"/>
      <line num="65" count="0" type="stmt"/>
      <line num="72" count="0" type="stmt"/>
      <line num="89" count="0" type="stmt"/>
      <line num="90" count="0" type="stmt"/>
      <line num="91" count="0" type="cond" truecount="0" falsecount="2"/>
      <line num="92" count="0" type="cond" truecount="0" falsecount="2"/>
      <line num="93" count="0" type="stmt"/>
      <line num="94" count="0" type="stmt"/>
      <line num="95" count="0" type="stmt"/>
      <line num="96" count="0" type="stmt"/>
      <line num="101" count="0" type="stmt"/>
      <line num="105" count="0" type="cond" truecount="0" falsecount="4"/>
      <line num="106" count="0" type="stmt"/>
      <line num="107" count="0" type="stmt"/>
      <line num="127" count="0" type="cond" truecount="0" falsecount="2"/>
      <line num="128" count="0" type="cond" truecount="0" falsecount="2"/>
[...]
      <line num="784" count="0" type="stmt"/>
      <line num="785" count="0" type="stmt"/>
      <line num="786" count="0" type="stmt"/>
      <line num="787" count="0" type="stmt"/>
      <line num="789" count="0" type="stmt"/>
      <line num="790" count="0" type="stmt"/>
      <line num="791" count="0" type="stmt"/>
      <line num="794" count="0" type="stmt"/>
      <line num="795" count="0" type="stmt"/>
      <line num="796" count="0" type="stmt"/>
      <line num="797" count="0" type="stmt"/>
      <line num="799" count="0" type="stmt"/>
      <line num="800" count="0" type="stmt"/>
      <line num="801" count="0" type="stmt"/>
      <line num="803" count="0" type="stmt"/>
      <line num="804" count="0" type="stmt"/>
      <line num="805" count="0" type="stmt"/>
      <line num="806" count="0" type="stmt"/>
      <line num="808" count="0" type="stmt"/>
      <line num="809" count="0" type="stmt"/>
      <line num="813" count="0" type="stmt"/>
      <line num="814" count="0" type="stmt"/>
      <line num="815" count="0" type="stmt"/>
      <line num="818" count="0" type="stmt"/>
      <line num="819" count="0" type="stmt"/>
      <line num="820" count="0" type="stmt"/>
      <line num="821" count="0" type="stmt"/>
      <line num="824" count="0" type="stmt"/>
      <line num="825" count="0" type="stmt"/>
      <line num="826" count="0" type="stmt"/>
      <line num="827" count="0" type="stmt"/>
      <line num="830" count="0" type="cond" truecount="0" falsecount="2"/>
      <line num="831" count="0" type="stmt"/>
      <line num="832" count="0" type="cond" truecount="0" falsecount="2"/>
      <line num="833" count="0" type="stmt"/>
      <line num="837" count="0" type="stmt"/>
      <line num="846" count="0" type="stmt"/>
      <line num="847" count="0" type="stmt"/>
      <line num="848" count="0" type="stmt"/>
      <line num="851" count="0" type="stmt"/>
      <line num="852" count="0" type="stmt"/>
      <line num="853" count="0" type="stmt"/>
      <line num="856" count="0" type="stmt"/>
      <line num="857" count="0" type="stmt"/>
      <line num="858" count="0" type="stmt"/>
      <line num="861" count="0" type="stmt"/>
      <line num="862" count="0" type="stmt"/>
      <line num="863" count="0" type="stmt"/>
      <line num="865" count="0" type="stmt"/>
      <line num="866" count="0" type="stmt"/>
      <line num="867" count="0" type="stmt"/>
      <line num="869" count="0" type="stmt"/>
      <line num="870" count="0" type="stmt"/>
      <line num="877" count="0" type="stmt"/>
      <line num="878" count="0" type="stmt"/>
      <line num="879" count="0" type="stmt"/>
      <line num="882" count="0" type="stmt"/>
      <line num="883" count="0" type="stmt"/>
      <line num="884" count="0" type="stmt"/>
      <line num="887" count="0" type="stmt"/>
      <line num="888" count="0" type="stmt"/>
      <line num="889" count="0" type="stmt"/>
      <line num="892" count="0" type="stmt"/>
      <line num="893" count="0" type="stmt"/>
      <line num="894" count="0" type="stmt"/>
      <line num="896" count="0" type="stmt"/>
      <line num="897" count="0" type="stmt"/>
      <line num="898" count="0" type="stmt"/>
      <line num="900" count="0" type="stmt"/>
      <line num="901" count="0" type="stmt"/>
      <line num="908" count="0" type="stmt"/>
      <line num="909" count="0" type="stmt"/>
      <line num="910" count="0" type="stmt"/>
      <line num="913" count="0" type="stmt"/>
      <line num="914" count="0" type="stmt"/>
      <line num="915" count="0" type="stmt"/>
      <line num="918" count="0" type="stmt"/>
      <line num="919" count="0" type="stmt"/>
      <line num="920" count="0" type="stmt"/>
      <line num="923" count="0" type="stmt"/>
      <line num="924" count="0" type="stmt"/>
      <line num="925" count="0" type="stmt"/>
      <line num="927" count="0" type="stmt"/>
      <line num="928" count="0" type="stmt"/>
      <line num="929" count="0" type="stmt"/>
      <line num="931" count="0" type="stmt"/>
      <line num="932" count="0" type="stmt"/>
      <line num="941" count="0" type="stmt"/>
      <line num="946" count="0" type="cond" truecount="0" falsecount="2"/>
      <line num="947" count="0" type="stmt"/>
      <line num="950" count="0" type="stmt"/>
    </file>
    <file name="templating.js" path="/Users/chris/toolbox/webapps/activity-tracker/src/scripts/templating.js">
      <metrics statements="233" coveredstatements="0" conditionals="141" coveredconditionals="0" methods="34" coveredmethods="0"/>
      <line num="7" count="0" type="stmt"/>
      <line num="9" count="0" type="cond" truecount="0" falsecount="1"/>
      <line num="11" count="0" type="cond" truecount="0" falsecount="2"/>
      <line num="12" count="0" type="cond" truecount="0" falsecount="2"/>
      <line num="13" count="0" type="cond" truecount="0" falsecount="2"/>
      <line num="14" count="0" type="stmt"/>
      <line num="16" count="0" type="stmt"/>
      <line num="17" count="0" type="stmt"/>
      <line num="18" count="0" type="stmt"/>
      <line num="19" count="0" type="stmt"/>
      <line num="20" count="0" type="stmt"/>
      <line num="21" count="0" type="stmt"/>
      <line num="22" count="0" type="stmt"/>
      <line num="23" count="0" type="stmt"/>
      <line num="24" count="0" type="stmt"/>
      <line num="26" count="0" type="cond" truecount="0" falsecount="2"/>
      <line num="27" count="0" type="stmt"/>
      <line num="28" count="0" type="stmt"/>
      <line num="30" count="0" type="stmt"/>
      <line num="33" count="0" type="stmt"/>
      <line num="40" count="0" type="stmt"/>
      <line num="42" count="0" type="stmt"/>
      <line num="44" count="0" type="stmt"/>
      <line num="45" count="0" type="stmt"/>
      <line num="48" count="0" type="stmt"/>
      <line num="49" count="0" type="stmt"/>
      <line num="52" count="0" type="stmt"/>
      <line num="54" count="0" type="stmt"/>
      <line num="55" count="0" type="stmt"/>
      <line num="57" count="0" type="stmt"/>
      <line num="58" count="0" type="stmt"/>
      <line num="66" count="0" type="stmt"/>
      <line num="67" count="0" type="stmt"/>
      <line num="69" count="0" type="stmt"/>
      <line num="71" count="0" type="stmt"/>
      <line num="73" count="0" type="cond" truecount="0" falsecount="2"/>
      <line num="75" count="0" type="cond" truecount="0" falsecount="2"/>
      <line num="76" count="0" type="stmt"/>
      <line num="81" count="0" type="stmt"/>
      <line num="85" count="0" type="cond" truecount="0" falsecount="2"/>
      <line num="86" count="0" type="stmt"/>
      <line num="93" count="0" type="stmt"/>
      <line num="94" count="0" type="cond" truecount="0" falsecount="2"/>
      <line num="95" count="0" type="stmt"/>
      <line num="99" count="0" type="stmt"/>
      <line num="100" count="0" type="stmt"/>
      <line num="101" count="0" type="stmt"/>
      <line num="103" count="0" type="stmt"/>
      <line num="106" count="0" type="stmt"/>
      <line num="113" count="0" type="stmt"/>
      <line num="116" count="0" type="cond" truecount="0" falsecount="2"/>
      <line num="117" count="0" type="stmt"/>
      <line num="118" count="0" type="stmt"/>
      <line num="119" count="0" type="cond" truecount="0" falsecount="2"/>
      <line num="120" count="0" type="stmt"/>
      <line num="127" count="0" type="cond" truecount="0" falsecount="2"/>
      <line num="128" count="0" type="stmt"/>
      <line num="129" count="0" type="stmt"/>
      <line num="133" count="0" type="cond" truecount="0" falsecount="2"/>
      <line num="134" count="0" type="stmt"/>
      <line num="135" count="0" type="stmt"/>
      <line num="141" count="0" type="cond" truecount="0" falsecount="2"/>
      <line num="142" count="0" type="stmt"/>
      <line num="145" count="0" type="cond" truecount="0" falsecount="2"/>
      <line num="146" count="0" type="stmt"/>
      <line num="150" count="0" type="stmt"/>
      <line num="151" count="0" type="stmt"/>
      <line num="162" count="0" type="stmt"/>
      <line num="163" count="0" type="stmt"/>
      <line num="165" count="0" type="stmt"/>
      <line num="166" count="0" type="stmt"/>
      <line num="167" count="0" type="cond" truecount="0" falsecount="2"/>
      <line num="168" count="0" type="stmt"/>
      <line num="169" count="0" type="stmt"/>
      <line num="171" count="0" type="stmt"/>
      <line num="175" count="0" type="stmt"/>
      <line num="182" count="0" type="cond" truecount="0" falsecount="2"/>
      <line num="183" count="0" type="stmt"/>
      <line num="184" count="0" type="stmt"/>
      <line num="187" count="0" type="stmt"/>
      <line num="188" count="0" type="stmt"/>
      <line num="190" count="0" type="cond" truecount="0" falsecount="8"/>
      <line num="192" count="0" type="stmt"/>
      <line num="198" count="0" type="stmt"/>
      <line num="208" count="0" type="stmt"/>
      <line num="211" count="0" type="stmt"/>
      <line num="217" count="0" type="stmt"/>
      <line num="218" count="0" type="stmt"/>
      <line num="221" count="0" type="stmt"/>
      <line num="229" count="0" type="stmt"/>
      <line num="230" count="0" type="stmt"/>
      <line num="231" count="0" type="stmt"/>
      <line num="232" count="0" type="stmt"/>
      <line num="234" count="0" type="stmt"/>
      <line num="236" count="0" type="cond" truecount="0" falsecount="2"/>
      <line num="237" count="0" type="stmt"/>
      <line num="238" count="0" type="stmt"/>
      <line num="240" count="0" type="cond" truecount="0" falsecount="2"/>
      <line num="241" count="0" type="stmt"/>
      <line num="243" count="0" type="stmt"/>
      <line num="244" count="0" type="stmt"/>
      <line num="245" count="0" type="stmt"/>
      <line num="246" count="0" type="stmt"/>
      <line num="248" count="0" type="cond" truecount="0" falsecount="2"/>
      <line num="249" count="0" type="stmt"/>
      <line num="250" count="0" type="stmt"/>
      <line num="251" count="0" type="cond" truecount="0" falsecount="2"/>
      <line num="253" count="0" type="stmt"/>
      <line num="254" count="0" type="stmt"/>
      <line num="257" count="0" type="stmt"/>
      <line num="258" count="0" type="stmt"/>
      <line num="262" count="0" type="stmt"/>
      <line num="263" count="0" type="cond" truecount="0" falsecount="2"/>
      <line num="264" count="0" type="stmt"/>
      <line num="265" count="0" type="stmt"/>
      <line num="267" count="0" type="stmt"/>
      <line num="272" count="0" type="cond" truecount="0" falsecount="2"/>
      <line num="273" count="0" type="stmt"/>
      <line num="274" count="0" type="cond" truecount="0" falsecount="2"/>
      <line num="275" count="0" type="stmt"/>
      <line num="278" count="0" type="stmt"/>
      <line num="280" count="0" type="stmt"/>
      <line num="295" count="0" type="stmt"/>
      <line num="296" count="0" type="stmt"/>
      <line num="297" count="0" type="stmt"/>
      <line num="298" count="0" type="stmt"/>
      <line num="299" count="0" type="stmt"/>
      <line num="300" count="0" type="stmt"/>
      <line num="302" count="0" type="cond" truecount="0" falsecount="2"/>
      <line num="303" count="0" type="stmt"/>
      <line num="305" count="0" type="cond" truecount="0" falsecount="2"/>
      <line num="306" count="0" type="stmt"/>
      <line num="307" count="0" type="stmt"/>
      <line num="308" count="0" type="cond" truecount="0" falsecount="2"/>
      <line num="309" count="0" type="stmt"/>
      <line num="311" count="0" type="stmt"/>
      <line num="313" count="0" type="stmt"/>
      <line num="314" count="0" type="cond" truecount="0" falsecount="2"/>
      <line num="315" count="0" type="stmt"/>
      <line num="316" count="0" type="cond" truecount="0" falsecount="2"/>
      <line num="317" count="0" type="stmt"/>
      <line num="318" count="0" type="cond" truecount="0" falsecount="4"/>
      <line num="319" count="0" type="stmt"/>
      <line num="320" count="0" type="stmt"/>
      <line num="322" count="0" type="stmt"/>
      <line num="323" count="0" type="cond" truecount="0" falsecount="2"/>
      <line num="324" count="0" type="cond" truecount="0" falsecount="2"/>
      <line num="325" count="0" type="stmt"/>
      <line num="327" count="0" type="stmt"/>
      <line num="329" count="0" type="stmt"/>
      <line num="331" count="0" type="stmt"/>
      <line num="336" count="0" type="stmt"/>
      <line num="351" count="0" type="stmt"/>
      <line num="352" count="0" type="stmt"/>
      <line num="354" count="0" type="stmt"/>
      <line num="361" count="0" type="stmt"/>
      <line num="363" count="0" type="cond" truecount="0" falsecount="5"/>
      <line num="365" count="0" type="stmt"/>
      <line num="368" count="0" type="stmt"/>
      <line num="369" count="0" type="stmt"/>
      <line num="370" count="0" type="stmt"/>
      <line num="373" count="0" type="cond" truecount="0" falsecount="2"/>
      <line num="374" count="0" type="stmt"/>
      <line num="375" count="0" type="stmt"/>
      <line num="378" count="0" type="cond" truecount="0" falsecount="4"/>
      <line num="381" count="0" type="stmt"/>
      <line num="382" count="0" type="stmt"/>
      <line num="383" count="0" type="stmt"/>
      <line num="385" count="0" type="cond" truecount="0" falsecount="2"/>
      <line num="386" count="0" type="stmt"/>
      <line num="387" count="0" type="stmt"/>
      <line num="390" count="0" type="stmt"/>
      <line num="391" count="0" type="stmt"/>
      <line num="399" count="0" type="stmt"/>
      <line num="400" count="0" type="stmt"/>
      <line num="401" count="0" type="stmt"/>
      <line num="405" count="0" type="stmt"/>
      <line num="406" count="0" type="stmt"/>
      <line num="407" count="0" type="stmt"/>
      <line num="408" count="0" type="stmt"/>
      <line num="410" count="0" type="cond" truecount="0" falsecount="2"/>
      <line num="411" count="0" type="stmt"/>
      <line num="414" count="0" type="stmt"/>
      <line num="422" count="0" type="cond" truecount="0" falsecount="4"/>
      <line num="424" count="0" type="stmt"/>
      <line num="425" count="0" type="stmt"/>
      <line num="427" count="0" type="stmt"/>
      <line num="428" count="0" type="cond" truecount="0" falsecount="4"/>
      <line num="429" count="0" type="stmt"/>
      <line num="432" count="0" type="stmt"/>
      <line num="439" count="0" type="cond" truecount="0" falsecount="4"/>
      <line num="440" count="0" type="cond" truecount="0" falsecount="2"/>
      <line num="441" count="0" type="cond" truecount="0" falsecount="2"/>
      <line num="442" count="0" type="cond" truecount="0" falsecount="2"/>
      <line num="443" count="0" type="cond" truecount="0" falsecount="2"/>
      <line num="444" count="0" type="cond" truecount="0" falsecount="2"/>
      <line num="445" count="0" type="stmt"/>
      <line num="452" count="0" type="stmt"/>
      <line num="453" count="0" type="cond" truecount="0" falsecount="2"/>
      <line num="455" count="0" type="stmt"/>
      <line num="457" count="0" type="cond" truecount="0" falsecount="2"/>
      <line num="458" count="0" type="stmt"/>
      <line num="459" count="0" type="stmt"/>
      <line num="462" count="0" type="stmt"/>
      <line num="463" count="0" type="cond" truecount="0" falsecount="2"/>
      <line num="467" count="0" type="stmt"/>
      <line num="468" count="0" type="stmt"/>
      <line num="474" count="0" type="stmt"/>
      <line num="475" count="0" type="cond" truecount="0" falsecount="2"/>
      <line num="477" count="0" type="stmt"/>
      <line num="478" count="0" type="stmt"/>
      <line num="479" count="0" type="stmt"/>
      <line num="480" count="0" type="stmt"/>
      <line num="482" count="0" type="stmt"/>
      <line num="483" count="0" type="stmt"/>
      <line num="488" count="0" type="stmt"/>
      <line num="492" count="0" type="cond" truecount="0" falsecount="4"/>
      <line num="493" count="0" type="stmt"/>
      <line num="494" count="0" type="stmt"/>
      <line num="495" count="0" type="stmt"/>
      <line num="496" count="0" type="cond" truecount="0" falsecount="2"/>
      <line num="497" count="0" type="cond" truecount="0" falsecount="2"/>
      <line num="498" count="0" type="stmt"/>
      <line num="502" count="0" type="cond" truecount="0" falsecount="4"/>
      <line num="503" count="0" type="stmt"/>
      <line num="504" count="0" type="stmt"/>
      <line num="509" count="0" type="cond" truecount="0" falsecount="4"/>
      <line num="510" count="0" type="stmt"/>
      <line num="511" count="0" type="cond" truecount="0" falsecount="5"/>
      <line num="512" count="0" type="stmt"/>
      <line num="514" count="0" type="stmt"/>
      <line num="518" count="0" type="stmt"/>
      <line num="519" count="0" type="stmt"/>
    </file>
    <file name="utils.js" path="/Users/chris/toolbox/webapps/activity-tracker/src/scripts/utils.js">
      <metrics statements="57" coveredstatements="0" conditionals="29" coveredconditionals="0" methods="17" coveredmethods="0"/>
      <line num="11" count="0" type="stmt"/>
      <line num="12" count="0" type="stmt"/>
      <line num="28" count="0" type="stmt"/>
      <line num="42" count="0" type="stmt"/>
      <line num="43" count="0" type="stmt"/>
      <line num="55" count="0" type="stmt"/>
      <line num="56" count="0" type="stmt"/>
      <line num="57" count="0" type="stmt"/>
      <line num="66" count="0" type="stmt"/>
      <line num="67" count="0" type="stmt"/>
      <line num="82" count="0" type="stmt"/>
      <line num="83" count="0" type="stmt"/>
      <line num="105" count="0" type="stmt"/>
      <line num="107" count="0" type="stmt"/>
      <line num="108" count="0" type="stmt"/>
      <line num="111" count="0" type="stmt"/>
      <line num="112" count="0" type="stmt"/>
      <line num="113" count="0" type="stmt"/>
      <line num="114" count="0" type="cond" truecount="0" falsecount="2"/>
      <line num="115" count="0" type="stmt"/>
      <line num="128" count="0" type="stmt"/>
      <line num="129" count="0" type="stmt"/>
      <line num="130" count="0" type="stmt"/>
      <line num="131" count="0" type="stmt"/>
      <line num="132" count="0" type="stmt"/>
      <line num="133" count="0" type="stmt"/>
      <line num="134" count="0" type="stmt"/>
      <line num="135" count="0" type="stmt"/>
      <line num="136" count="0" type="stmt"/>
      <line num="144" count="0" type="stmt"/>
      <line num="145" count="0" type="stmt"/>
      <line num="146" count="0" type="stmt"/>
      <line num="155" count="0" type="cond" truecount="0" falsecount="2"/>
      <line num="156" count="0" type="cond" truecount="0" falsecount="5"/>
      <line num="157" count="0" type="stmt"/>
      <line num="159" count="0" type="stmt"/>
      <line num="167" count="0" type="stmt"/>
      <line num="176" count="0" type="stmt"/>
      <line num="177" count="0" type="cond" truecount="0" falsecount="2"/>
      <line num="186" count="0" type="stmt"/>
      <line num="187" count="0" type="stmt"/>
      <line num="188" count="0" type="cond" truecount="0" falsecount="2"/>
      <line num="189" count="0" type="stmt"/>
      <line num="190" count="0" type="stmt"/>
      <line num="191" count="0" type="stmt"/>
      <line num="200" count="0" type="stmt"/>
      <line num="201" count="0" type="stmt"/>
      <line num="202" count="0" type="stmt"/>
      <line num="203" count="0" type="stmt"/>
      <line num="212" count="0" type="cond" truecount="0" falsecount="4"/>
      <line num="213" count="0" type="cond" truecount="0" falsecount="2"/>
      <line num="214" count="0" type="cond" truecount="0" falsecount="2"/>
      <line num="215" count="0" type="cond" truecount="0" falsecount="2"/>
      <line num="216" count="0" type="stmt"/>
      <line num="217" count="0" type="stmt"/>
      <line num="218" count="0" type="stmt"/>
      <line num="220" count="0" type="stmt"/>
    </file>
  </project>
</coverage>
