{"/Users/chris/toolbox/webapps/activity-tracker/src/scripts/ActivityTracker.js": {"path":"/Users/chris/toolbox/webapps/activity-tracker/src/scripts/ActivityTracker.js","statementMap":{"0":{"start":{"line":8,"column":22},"end":{"line":8,"column":24}},"1":{"start":{"line":9,"column":8},"end":{"line":34,"column":9}},"2":{"start":{"line":10,"column":34},"end":{"line":10,"column":85}},"3":{"start":{"line":11,"column":12},"end":{"line":30,"column":13}},"4":{"start":{"line":12,"column":16},"end":{"line":29,"column":19}},"5":{"start":{"line":13,"column":20},"end":{"line":13,"column":73}},"6":{"start":{"line":16,"column":20},"end":{"line":18,"column":21}},"7":{"start":{"line":17,"column":24},"end":{"line":17,"column":45}},"8":{"start":{"line":19,"column":20},"end":{"line":21,"column":21}},"9":{"start":{"line":20,"column":24},"end":{"line":20,"column":40}},"10":{"start":{"line":22,"column":20},"end":{"line":24,"column":21}},"11":{"start":{"line":23,"column":24},"end":{"line":23,"column":45}},"12":{"start":{"line":25,"column":20},"end":{"line":27,"column":21}},"13":{"start":{"line":26,"column":24},"end":{"line":26,"column":47}},"14":{"start":{"line":28,"column":20},"end":{"line":28,"column":33}},"15":{"start":{"line":32,"column":12},"end":{"line":32,"column":81}},"16":{"start":{"line":33,"column":12},"end":{"line":33,"column":55}},"17":{"start":{"line":35,"column":8},"end":{"line":35,"column":31}},"18":{"start":{"line":38,"column":8},"end":{"line":62,"column":10}},"19":{"start":{"line":65,"column":8},"end":{"line":65,"column":38}},"20":{"start":{"line":66,"column":8},"end":{"line":66,"column":39}},"21":{"start":{"line":67,"column":8},"end":{"line":67,"column":37}},"22":{"start":{"line":68,"column":8},"end":{"line":68,"column":33}},"23":{"start":{"line":69,"column":8},"end":{"line":69,"column":33}},"24":{"start":{"line":72,"column":8},"end":{"line":72,"column":101}},"25":{"start":{"line":74,"column":8},"end":{"line":74,"column":20}},"26":{"start":{"line":81,"column":8},"end":{"line":81,"column":28}},"27":{"start":{"line":82,"column":8},"end":{"line":82,"column":38}},"28":{"start":{"line":83,"column":8},"end":{"line":83,"column":36}},"29":{"start":{"line":84,"column":8},"end":{"line":84,"column":35}},"30":{"start":{"line":85,"column":8},"end":{"line":85,"column":45}},"31":{"start":{"line":86,"column":8},"end":{"line":86,"column":39}},"32":{"start":{"line":87,"column":8},"end":{"line":87,"column":30}},"33":{"start":{"line":88,"column":8},"end":{"line":88,"column":28}},"34":{"start":{"line":89,"column":8},"end":{"line":89,"column":40}},"35":{"start":{"line":90,"column":8},"end":{"line":90,"column":31}},"36":{"start":{"line":91,"column":8},"end":{"line":91,"column":38}},"37":{"start":{"line":94,"column":8},"end":{"line":96,"column":9}},"38":{"start":{"line":95,"column":12},"end":{"line":95,"column":42}},"39":{"start":{"line":97,"column":8},"end":{"line":97,"column":31}},"40":{"start":{"line":98,"column":8},"end":{"line":98,"column":32}},"41":{"start":{"line":99,"column":8},"end":{"line":99,"column":32}},"42":{"start":{"line":100,"column":8},"end":{"line":100,"column":35}},"43":{"start":{"line":103,"column":8},"end":{"line":103,"column":36}},"44":{"start":{"line":104,"column":8},"end":{"line":104,"column":26}},"45":{"start":{"line":107,"column":8},"end":{"line":107,"column":30}},"46":{"start":{"line":108,"column":8},"end":{"line":108,"column":52}},"47":{"start":{"line":111,"column":8},"end":{"line":113,"column":9}},"48":{"start":{"line":112,"column":12},"end":{"line":112,"column":89}},"49":{"start":{"line":120,"column":24},"end":{"line":120,"column":29}},"50":{"start":{"line":122,"column":8},"end":{"line":127,"column":11}},"51":{"start":{"line":123,"column":12},"end":{"line":126,"column":13}},"52":{"start":{"line":124,"column":16},"end":{"line":124,"column":100}},"53":{"start":{"line":125,"column":16},"end":{"line":125,"column":33}},"54":{"start":{"line":129,"column":8},"end":{"line":132,"column":9}},"55":{"start":{"line":130,"column":12},"end":{"line":130,"column":31}},"56":{"start":{"line":131,"column":12},"end":{"line":131,"column":67}},"57":{"start":{"line":140,"column":29},"end":{"line":140,"column":66}},"58":{"start":{"line":143,"column":36},"end":{"line":143,"column":81}},"59":{"start":{"line":144,"column":8},"end":{"line":152,"column":9}},"60":{"start":{"line":145,"column":12},"end":{"line":151,"column":13}},"61":{"start":{"line":146,"column":40},"end":{"line":146,"column":71}},"62":{"start":{"line":147,"column":16},"end":{"line":147,"column":61}},"63":{"start":{"line":148,"column":16},"end":{"line":148,"column":86}},"64":{"start":{"line":150,"column":16},"end":{"line":150,"column":92}},"65":{"start":{"line":154,"column":8},"end":{"line":154,"column":28}},"66":{"start":{"line":161,"column":32},"end":{"line":161,"column":82}},"67":{"start":{"line":162,"column":8},"end":{"line":162,"column":37}},"68":{"start":{"line":162,"column":30},"end":{"line":162,"column":37}},"69":{"start":{"line":164,"column":26},"end":{"line":164,"column":51}},"70":{"start":{"line":165,"column":8},"end":{"line":170,"column":20}},"71":{"start":{"line":165,"column":70},"end":{"line":170,"column":9}},"72":{"start":{"line":177,"column":32},"end":{"line":177,"column":82}},"73":{"start":{"line":178,"column":8},"end":{"line":178,"column":37}},"74":{"start":{"line":178,"column":30},"end":{"line":178,"column":37}},"75":{"start":{"line":180,"column":32},"end":{"line":180,"column":57}},"76":{"start":{"line":181,"column":26},"end":{"line":181,"column":70}},"77":{"start":{"line":183,"column":8},"end":{"line":188,"column":11}},"78":{"start":{"line":184,"column":24},"end":{"line":184,"column":44}},"79":{"start":{"line":185,"column":12},"end":{"line":187,"column":13}},"80":{"start":{"line":186,"column":16},"end":{"line":186,"column":63}},"81":{"start":{"line":190,"column":8},"end":{"line":190,"column":81}},"82":{"start":{"line":191,"column":8},"end":{"line":191,"column":76}},"83":{"start":{"line":194,"column":8},"end":{"line":194,"column":35}},"84":{"start":{"line":195,"column":8},"end":{"line":197,"column":9}},"85":{"start":{"line":196,"column":12},"end":{"line":196,"column":33}},"86":{"start":{"line":204,"column":8},"end":{"line":212,"column":9}},"87":{"start":{"line":205,"column":12},"end":{"line":205,"column":55}},"88":{"start":{"line":206,"column":12},"end":{"line":206,"column":49}},"89":{"start":{"line":207,"column":12},"end":{"line":207,"column":39}},"90":{"start":{"line":208,"column":12},"end":{"line":210,"column":13}},"91":{"start":{"line":209,"column":16},"end":{"line":209,"column":37}},"92":{"start":{"line":211,"column":12},"end":{"line":211,"column":88}},"93":{"start":{"line":219,"column":8},"end":{"line":223,"column":9}},"94":{"start":{"line":220,"column":12},"end":{"line":220,"column":59}},"95":{"start":{"line":222,"column":12},"end":{"line":222,"column":76}},"96":{"start":{"line":230,"column":8},"end":{"line":234,"column":9}},"97":{"start":{"line":231,"column":12},"end":{"line":231,"column":55}},"98":{"start":{"line":233,"column":12},"end":{"line":233,"column":72}},"99":{"start":{"line":241,"column":8},"end":{"line":244,"column":11}},"100":{"start":{"line":242,"column":12},"end":{"line":242,"column":31}},"101":{"start":{"line":243,"column":12},"end":{"line":243,"column":28}},"102":{"start":{"line":246,"column":8},"end":{"line":249,"column":11}},"103":{"start":{"line":247,"column":12},"end":{"line":247,"column":31}},"104":{"start":{"line":248,"column":12},"end":{"line":248,"column":31}},"105":{"start":{"line":252,"column":8},"end":{"line":252,"column":39}},"106":{"start":{"line":259,"column":31},"end":{"line":287,"column":9}},"107":{"start":{"line":289,"column":8},"end":{"line":302,"column":11}},"108":{"start":{"line":290,"column":28},"end":{"line":290,"column":60}},"109":{"start":{"line":291,"column":12},"end":{"line":301,"column":13}},"110":{"start":{"line":293,"column":16},"end":{"line":297,"column":17}},"111":{"start":{"line":294,"column":20},"end":{"line":294,"column":41}},"112":{"start":{"line":296,"column":20},"end":{"line":296,"column":40}},"113":{"start":{"line":298,"column":16},"end":{"line":300,"column":19}},"114":{"start":{"line":299,"column":20},"end":{"line":299,"column":44}},"115":{"start":{"line":310,"column":8},"end":{"line":310,"column":109}},"116":{"start":{"line":311,"column":8},"end":{"line":311,"column":77}},"117":{"start":{"line":312,"column":8},"end":{"line":312,"column":73}},"118":{"start":{"line":313,"column":8},"end":{"line":313,"column":95}},"119":{"start":{"line":314,"column":8},"end":{"line":314,"column":85}},"120":{"start":{"line":315,"column":8},"end":{"line":315,"column":101}},"121":{"start":{"line":316,"column":8},"end":{"line":316,"column":95}},"122":{"start":{"line":317,"column":8},"end":{"line":317,"column":101}},"123":{"start":{"line":318,"column":8},"end":{"line":318,"column":97}},"124":{"start":{"line":319,"column":8},"end":{"line":319,"column":105}},"125":{"start":{"line":320,"column":8},"end":{"line":320,"column":102}},"126":{"start":{"line":321,"column":8},"end":{"line":321,"column":105}},"127":{"start":{"line":324,"column":8},"end":{"line":326,"column":11}},"128":{"start":{"line":325,"column":12},"end":{"line":325,"column":82}},"129":{"start":{"line":329,"column":8},"end":{"line":329,"column":26}},"130":{"start":{"line":332,"column":8},"end":{"line":334,"column":9}},"131":{"start":{"line":333,"column":12},"end":{"line":333,"column":44}},"132":{"start":{"line":337,"column":8},"end":{"line":337,"column":28}},"133":{"start":{"line":340,"column":8},"end":{"line":342,"column":9}},"134":{"start":{"line":341,"column":12},"end":{"line":341,"column":42}},"135":{"start":{"line":345,"column":8},"end":{"line":345,"column":31}},"136":{"start":{"line":348,"column":8},"end":{"line":351,"column":9}},"137":{"start":{"line":349,"column":12},"end":{"line":349,"column":48}},"138":{"start":{"line":350,"column":12},"end":{"line":350,"column":48}},"139":{"start":{"line":354,"column":8},"end":{"line":354,"column":74}},"140":{"start":{"line":361,"column":8},"end":{"line":365,"column":9}},"141":{"start":{"line":362,"column":12},"end":{"line":362,"column":51}},"142":{"start":{"line":364,"column":12},"end":{"line":364,"column":71}},"143":{"start":{"line":372,"column":8},"end":{"line":372,"column":104}},"144":{"start":{"line":379,"column":8},"end":{"line":379,"column":99}},"145":{"start":{"line":386,"column":8},"end":{"line":388,"column":9}},"146":{"start":{"line":387,"column":12},"end":{"line":387,"column":110}},"147":{"start":{"line":395,"column":8},"end":{"line":397,"column":9}},"148":{"start":{"line":396,"column":12},"end":{"line":396,"column":110}},"149":{"start":{"line":398,"column":8},"end":{"line":398,"column":58}},"150":{"start":{"line":406,"column":23},"end":{"line":406,"column":28}},"151":{"start":{"line":407,"column":8},"end":{"line":425,"column":9}},"152":{"start":{"line":408,"column":29},"end":{"line":408,"column":70}},"153":{"start":{"line":409,"column":32},"end":{"line":409,"column":76}},"154":{"start":{"line":410,"column":30},"end":{"line":410,"column":72}},"155":{"start":{"line":411,"column":27},"end":{"line":411,"column":45}},"156":{"start":{"line":412,"column":28},"end":{"line":412,"column":77}},"157":{"start":{"line":414,"column":12},"end":{"line":424,"column":14}},"158":{"start":{"line":427,"column":8},"end":{"line":427,"column":39}},"159":{"start":{"line":428,"column":8},"end":{"line":428,"column":27}},"160":{"start":{"line":429,"column":8},"end":{"line":429,"column":30}},"161":{"start":{"line":430,"column":8},"end":{"line":430,"column":28}},"162":{"start":{"line":432,"column":8},"end":{"line":442,"column":9}},"163":{"start":{"line":433,"column":12},"end":{"line":433,"column":60}},"164":{"start":{"line":435,"column":28},"end":{"line":435,"column":68}},"165":{"start":{"line":436,"column":12},"end":{"line":439,"column":13}},"166":{"start":{"line":437,"column":16},"end":{"line":437,"column":51}},"167":{"start":{"line":438,"column":16},"end":{"line":438,"column":52}},"168":{"start":{"line":440,"column":12},"end":{"line":440,"column":34}},"169":{"start":{"line":441,"column":12},"end":{"line":441,"column":56}},"170":{"start":{"line":444,"column":8},"end":{"line":444,"column":65}},"171":{"start":{"line":451,"column":19},"end":{"line":451,"column":58}},"172":{"start":{"line":452,"column":25},"end":{"line":452,"column":70}},"173":{"start":{"line":453,"column":28},"end":{"line":453,"column":76}},"174":{"start":{"line":454,"column":26},"end":{"line":454,"column":72}},"175":{"start":{"line":455,"column":27},"end":{"line":455,"column":68}},"176":{"start":{"line":456,"column":23},"end":{"line":456,"column":80}},"177":{"start":{"line":457,"column":24},"end":{"line":457,"column":68}},"178":{"start":{"line":459,"column":27},"end":{"line":459,"column":75}},"179":{"start":{"line":459,"column":59},"end":{"line":459,"column":74}},"180":{"start":{"line":460,"column":8},"end":{"line":480,"column":9}},"181":{"start":{"line":461,"column":34},"end":{"line":461,"column":58}},"182":{"start":{"line":463,"column":12},"end":{"line":473,"column":14}},"183":{"start":{"line":475,"column":12},"end":{"line":475,"column":31}},"184":{"start":{"line":476,"column":12},"end":{"line":476,"column":34}},"185":{"start":{"line":477,"column":12},"end":{"line":477,"column":32}},"186":{"start":{"line":478,"column":12},"end":{"line":478,"column":34}},"187":{"start":{"line":479,"column":12},"end":{"line":479,"column":71}},"188":{"start":{"line":488,"column":22},"end":{"line":488,"column":57}},"189":{"start":{"line":488,"column":45},"end":{"line":488,"column":56}},"190":{"start":{"line":489,"column":8},"end":{"line":489,"column":27}},"191":{"start":{"line":489,"column":20},"end":{"line":489,"column":27}},"192":{"start":{"line":492,"column":8},"end":{"line":511,"column":9}},"193":{"start":{"line":493,"column":12},"end":{"line":508,"column":14}},"194":{"start":{"line":497,"column":20},"end":{"line":500,"column":21}},"195":{"start":{"line":498,"column":24},"end":{"line":498,"column":67}},"196":{"start":{"line":499,"column":24},"end":{"line":499,"column":44}},"197":{"start":{"line":501,"column":20},"end":{"line":501,"column":45}},"198":{"start":{"line":510,"column":12},"end":{"line":510,"column":37}},"199":{"start":{"line":518,"column":22},"end":{"line":518,"column":57}},"200":{"start":{"line":518,"column":45},"end":{"line":518,"column":56}},"201":{"start":{"line":519,"column":8},"end":{"line":519,"column":27}},"202":{"start":{"line":519,"column":20},"end":{"line":519,"column":27}},"203":{"start":{"line":522,"column":8},"end":{"line":522,"column":36}},"204":{"start":{"line":525,"column":8},"end":{"line":525,"column":61}},"205":{"start":{"line":525,"column":48},"end":{"line":525,"column":59}},"206":{"start":{"line":526,"column":8},"end":{"line":526,"column":27}},"207":{"start":{"line":527,"column":8},"end":{"line":527,"column":30}},"208":{"start":{"line":528,"column":8},"end":{"line":528,"column":28}},"209":{"start":{"line":530,"column":8},"end":{"line":530,"column":149}},"210":{"start":{"line":538,"column":29},"end":{"line":541,"column":9}},"211":{"start":{"line":543,"column":8},"end":{"line":543,"column":56}},"212":{"start":{"line":546,"column":8},"end":{"line":548,"column":9}},"213":{"start":{"line":547,"column":12},"end":{"line":547,"column":78}},"214":{"start":{"line":551,"column":8},"end":{"line":551,"column":96}},"215":{"start":{"line":558,"column":8},"end":{"line":561,"column":9}},"216":{"start":{"line":559,"column":12},"end":{"line":559,"column":61}},"217":{"start":{"line":560,"column":12},"end":{"line":560,"column":19}},"218":{"start":{"line":563,"column":28},"end":{"line":563,"column":61}},"219":{"start":{"line":564,"column":8},"end":{"line":564,"column":37}},"220":{"start":{"line":567,"column":8},"end":{"line":570,"column":9}},"221":{"start":{"line":567,"column":35},"end":{"line":567,"column":58}},"222":{"start":{"line":569,"column":12},"end":{"line":569,"column":93}},"223":{"start":{"line":573,"column":8},"end":{"line":573,"column":42}},"224":{"start":{"line":574,"column":8},"end":{"line":574,"column":27}},"225":{"start":{"line":575,"column":8},"end":{"line":575,"column":30}},"226":{"start":{"line":576,"column":8},"end":{"line":576,"column":28}},"227":{"start":{"line":579,"column":8},"end":{"line":579,"column":96}},"228":{"start":{"line":581,"column":8},"end":{"line":581,"column":74}},"229":{"start":{"line":588,"column":8},"end":{"line":594,"column":12}},"230":{"start":{"line":588,"column":55},"end":{"line":594,"column":9}},"231":{"start":{"line":602,"column":22},"end":{"line":602,"column":65}},"232":{"start":{"line":602,"column":49},"end":{"line":602,"column":64}},"233":{"start":{"line":603,"column":8},"end":{"line":617,"column":9}},"234":{"start":{"line":604,"column":12},"end":{"line":604,"column":63}},"235":{"start":{"line":605,"column":12},"end":{"line":605,"column":75}},"236":{"start":{"line":606,"column":12},"end":{"line":606,"column":87}},"237":{"start":{"line":607,"column":12},"end":{"line":608,"column":69}},"238":{"start":{"line":611,"column":12},"end":{"line":611,"column":63}},"239":{"start":{"line":613,"column":12},"end":{"line":614,"column":88}},"240":{"start":{"line":616,"column":12},"end":{"line":616,"column":73}},"241":{"start":{"line":624,"column":23},"end":{"line":624,"column":64}},"242":{"start":{"line":625,"column":27},"end":{"line":625,"column":72}},"243":{"start":{"line":627,"column":8},"end":{"line":638,"column":9}},"244":{"start":{"line":628,"column":12},"end":{"line":628,"column":54}},"245":{"start":{"line":629,"column":12},"end":{"line":637,"column":13}},"246":{"start":{"line":630,"column":16},"end":{"line":630,"column":55}},"247":{"start":{"line":631,"column":16},"end":{"line":631,"column":52}},"248":{"start":{"line":632,"column":16},"end":{"line":632,"column":61}},"249":{"start":{"line":634,"column":16},"end":{"line":634,"column":55}},"250":{"start":{"line":635,"column":16},"end":{"line":635,"column":52}},"251":{"start":{"line":636,"column":16},"end":{"line":636,"column":55}},"252":{"start":{"line":645,"column":8},"end":{"line":645,"column":68}},"253":{"start":{"line":652,"column":26},"end":{"line":652,"column":64}},"254":{"start":{"line":655,"column":8},"end":{"line":660,"column":9}},"255":{"start":{"line":656,"column":12},"end":{"line":659,"column":14}},"256":{"start":{"line":663,"column":8},"end":{"line":663,"column":81}},"257":{"start":{"line":666,"column":27},"end":{"line":666,"column":105}},"258":{"start":{"line":667,"column":25},"end":{"line":667,"column":73}},"259":{"start":{"line":668,"column":33},"end":{"line":668,"column":73}},"260":{"start":{"line":670,"column":8},"end":{"line":673,"column":9}},"261":{"start":{"line":671,"column":12},"end":{"line":671,"column":90}},"262":{"start":{"line":672,"column":12},"end":{"line":672,"column":19}},"263":{"start":{"line":675,"column":8},"end":{"line":711,"column":20}},"264":{"start":{"line":676,"column":24},"end":{"line":676,"column":34}},"265":{"start":{"line":677,"column":30},"end":{"line":677,"column":92}},"266":{"start":{"line":678,"column":27},"end":{"line":678,"column":39}},"267":{"start":{"line":680,"column":28},"end":{"line":680,"column":40}},"268":{"start":{"line":681,"column":12},"end":{"line":683,"column":13}},"269":{"start":{"line":682,"column":16},"end":{"line":682,"column":85}},"270":{"start":{"line":685,"column":29},"end":{"line":687,"column":20}},"271":{"start":{"line":686,"column":67},"end":{"line":686,"column":151}},"272":{"start":{"line":689,"column":32},"end":{"line":691,"column":20}},"273":{"start":{"line":693,"column":34},"end":{"line":693,"column":105}},"274":{"start":{"line":695,"column":12},"end":{"line":710,"column":14}},"275":{"start":{"line":714,"column":8},"end":{"line":714,"column":58}},"276":{"start":{"line":724,"column":8},"end":{"line":726,"column":9}},"277":{"start":{"line":725,"column":12},"end":{"line":725,"column":40}},"278":{"start":{"line":728,"column":8},"end":{"line":730,"column":9}},"279":{"start":{"line":729,"column":12},"end":{"line":729,"column":78}},"280":{"start":{"line":731,"column":8},"end":{"line":731,"column":39}},"281":{"start":{"line":738,"column":8},"end":{"line":738,"column":78}},"282":{"start":{"line":745,"column":8},"end":{"line":776,"column":10}},"283":{"start":{"line":778,"column":8},"end":{"line":778,"column":80}},"284":{"start":{"line":779,"column":8},"end":{"line":779,"column":26}},"285":{"start":{"line":780,"column":8},"end":{"line":780,"column":38}},"286":{"start":{"line":783,"column":8},"end":{"line":786,"column":9}},"287":{"start":{"line":784,"column":12},"end":{"line":784,"column":48}},"288":{"start":{"line":785,"column":12},"end":{"line":785,"column":48}},"289":{"start":{"line":789,"column":8},"end":{"line":791,"column":9}},"290":{"start":{"line":790,"column":12},"end":{"line":790,"column":40}},"291":{"start":{"line":794,"column":8},"end":{"line":794,"column":40}},"292":{"start":{"line":796,"column":8},"end":{"line":796,"column":68}},"293":{"start":{"line":803,"column":24},"end":{"line":803,"column":58}},"294":{"start":{"line":806,"column":8},"end":{"line":809,"column":9}},"295":{"start":{"line":807,"column":12},"end":{"line":807,"column":58}},"296":{"start":{"line":808,"column":12},"end":{"line":808,"column":51}},"297":{"start":{"line":812,"column":8},"end":{"line":815,"column":9}},"298":{"start":{"line":813,"column":12},"end":{"line":813,"column":55}},"299":{"start":{"line":814,"column":12},"end":{"line":814,"column":48}},"300":{"start":{"line":818,"column":8},"end":{"line":821,"column":9}},"301":{"start":{"line":819,"column":12},"end":{"line":819,"column":69}},"302":{"start":{"line":820,"column":12},"end":{"line":820,"column":62}},"303":{"start":{"line":824,"column":8},"end":{"line":824,"column":30}},"304":{"start":{"line":825,"column":8},"end":{"line":825,"column":28}},"305":{"start":{"line":828,"column":8},"end":{"line":830,"column":9}},"306":{"start":{"line":829,"column":12},"end":{"line":829,"column":62}},"307":{"start":{"line":837,"column":8},"end":{"line":837,"column":99}},"308":{"start":{"line":838,"column":8},"end":{"line":838,"column":77}},"309":{"start":{"line":839,"column":8},"end":{"line":839,"column":73}},"310":{"start":{"line":840,"column":8},"end":{"line":840,"column":85}},"311":{"start":{"line":841,"column":8},"end":{"line":841,"column":85}},"312":{"start":{"line":842,"column":8},"end":{"line":842,"column":95}},"313":{"start":{"line":843,"column":8},"end":{"line":843,"column":100}},"314":{"start":{"line":844,"column":8},"end":{"line":844,"column":87}},"315":{"start":{"line":845,"column":8},"end":{"line":845,"column":110}},"316":{"start":{"line":846,"column":8},"end":{"line":846,"column":106}},"317":{"start":{"line":849,"column":8},"end":{"line":849,"column":38}},"318":{"start":{"line":851,"column":8},"end":{"line":853,"column":11}},"319":{"start":{"line":852,"column":12},"end":{"line":852,"column":59}},"320":{"start":{"line":855,"column":8},"end":{"line":855,"column":26}},"321":{"start":{"line":862,"column":31},"end":{"line":867,"column":9}},"322":{"start":{"line":869,"column":8},"end":{"line":874,"column":11}},"323":{"start":{"line":870,"column":29},"end":{"line":870,"column":56}},"324":{"start":{"line":871,"column":12},"end":{"line":873,"column":13}},"325":{"start":{"line":872,"column":16},"end":{"line":872,"column":77}},"326":{"start":{"line":881,"column":32},"end":{"line":881,"column":37}},"327":{"start":{"line":883,"column":8},"end":{"line":896,"column":9}},"328":{"start":{"line":885,"column":16},"end":{"line":885,"column":41}},"329":{"start":{"line":886,"column":16},"end":{"line":886,"column":22}},"330":{"start":{"line":888,"column":16},"end":{"line":888,"column":42}},"331":{"start":{"line":889,"column":16},"end":{"line":889,"column":22}},"332":{"start":{"line":892,"column":16},"end":{"line":892,"column":115}},"333":{"start":{"line":893,"column":16},"end":{"line":893,"column":22}},"334":{"start":{"line":895,"column":16},"end":{"line":895,"column":42}},"335":{"start":{"line":898,"column":8},"end":{"line":902,"column":9}},"336":{"start":{"line":899,"column":12},"end":{"line":899,"column":53}},"337":{"start":{"line":901,"column":12},"end":{"line":901,"column":56}},"338":{"start":{"line":905,"column":8},"end":{"line":914,"column":9}},"339":{"start":{"line":906,"column":12},"end":{"line":913,"column":13}},"340":{"start":{"line":907,"column":16},"end":{"line":911,"column":18}},"341":{"start":{"line":908,"column":20},"end":{"line":910,"column":21}},"342":{"start":{"line":909,"column":24},"end":{"line":909,"column":42}},"343":{"start":{"line":912,"column":16},"end":{"line":912,"column":119}},"344":{"start":{"line":921,"column":8},"end":{"line":925,"column":9}},"345":{"start":{"line":922,"column":12},"end":{"line":922,"column":85}},"346":{"start":{"line":923,"column":12},"end":{"line":923,"column":35}},"347":{"start":{"line":924,"column":12},"end":{"line":924,"column":19}},"348":{"start":{"line":928,"column":8},"end":{"line":936,"column":9}},"349":{"start":{"line":929,"column":12},"end":{"line":929,"column":55}},"350":{"start":{"line":930,"column":12},"end":{"line":930,"column":32}},"351":{"start":{"line":931,"column":12},"end":{"line":931,"column":41}},"352":{"start":{"line":932,"column":12},"end":{"line":932,"column":66}},"353":{"start":{"line":933,"column":12},"end":{"line":933,"column":44}},"354":{"start":{"line":934,"column":12},"end":{"line":934,"column":35}},"355":{"start":{"line":935,"column":12},"end":{"line":935,"column":19}},"356":{"start":{"line":939,"column":8},"end":{"line":967,"column":9}},"357":{"start":{"line":940,"column":12},"end":{"line":940,"column":65}},"358":{"start":{"line":941,"column":31},"end":{"line":941,"column":69}},"359":{"start":{"line":942,"column":12},"end":{"line":942,"column":58}},"360":{"start":{"line":944,"column":12},"end":{"line":957,"column":13}},"361":{"start":{"line":945,"column":16},"end":{"line":945,"column":58}},"362":{"start":{"line":946,"column":16},"end":{"line":946,"column":36}},"363":{"start":{"line":947,"column":16},"end":{"line":947,"column":83}},"364":{"start":{"line":948,"column":16},"end":{"line":948,"column":46}},"365":{"start":{"line":950,"column":16},"end":{"line":952,"column":25}},"366":{"start":{"line":951,"column":20},"end":{"line":951,"column":48}},"367":{"start":{"line":953,"column":19},"end":{"line":957,"column":13}},"368":{"start":{"line":954,"column":16},"end":{"line":954,"column":122}},"369":{"start":{"line":956,"column":16},"end":{"line":956,"column":104}},"370":{"start":{"line":959,"column":12},"end":{"line":962,"column":20}},"371":{"start":{"line":960,"column":16},"end":{"line":960,"column":48}},"372":{"start":{"line":961,"column":16},"end":{"line":961,"column":39}},"373":{"start":{"line":964,"column":12},"end":{"line":964,"column":78}},"374":{"start":{"line":965,"column":12},"end":{"line":965,"column":100}},"375":{"start":{"line":966,"column":12},"end":{"line":966,"column":35}},"376":{"start":{"line":976,"column":8},"end":{"line":979,"column":9}},"377":{"start":{"line":977,"column":12},"end":{"line":977,"column":56}},"378":{"start":{"line":978,"column":12},"end":{"line":978,"column":19}},"379":{"start":{"line":981,"column":8},"end":{"line":984,"column":9}},"380":{"start":{"line":982,"column":12},"end":{"line":982,"column":64}},"381":{"start":{"line":983,"column":12},"end":{"line":983,"column":19}},"382":{"start":{"line":986,"column":8},"end":{"line":996,"column":9}},"383":{"start":{"line":988,"column":12},"end":{"line":993,"column":13}},"384":{"start":{"line":989,"column":37},"end":{"line":989,"column":72}},"385":{"start":{"line":990,"column":16},"end":{"line":990,"column":68}},"386":{"start":{"line":991,"column":16},"end":{"line":991,"column":71}},"387":{"start":{"line":992,"column":16},"end":{"line":992,"column":23}},"388":{"start":{"line":995,"column":12},"end":{"line":995,"column":108}},"389":{"start":{"line":999,"column":8},"end":{"line":1031,"column":9}},"390":{"start":{"line":1001,"column":36},"end":{"line":1007,"column":13}},"391":{"start":{"line":1009,"column":33},"end":{"line":1009,"column":73}},"392":{"start":{"line":1012,"column":12},"end":{"line":1015,"column":14}},"393":{"start":{"line":1013,"column":16},"end":{"line":1013,"column":31}},"394":{"start":{"line":1014,"column":16},"end":{"line":1014,"column":37}},"395":{"start":{"line":1017,"column":12},"end":{"line":1017,"column":82}},"396":{"start":{"line":1020,"column":12},"end":{"line":1024,"column":13}},"397":{"start":{"line":1021,"column":16},"end":{"line":1023,"column":25}},"398":{"start":{"line":1022,"column":20},"end":{"line":1022,"column":41}},"399":{"start":{"line":1027,"column":12},"end":{"line":1027,"column":94}},"400":{"start":{"line":1030,"column":12},"end":{"line":1030,"column":115}},"401":{"start":{"line":1039,"column":8},"end":{"line":1039,"column":82}},"402":{"start":{"line":1040,"column":8},"end":{"line":1040,"column":31}},"403":{"start":{"line":1043,"column":8},"end":{"line":1043,"column":37}},"404":{"start":{"line":1045,"column":8},"end":{"line":1050,"column":9}},"405":{"start":{"line":1046,"column":12},"end":{"line":1048,"column":13}},"406":{"start":{"line":1047,"column":16},"end":{"line":1047,"column":127}},"407":{"start":{"line":1049,"column":12},"end":{"line":1049,"column":19}},"408":{"start":{"line":1052,"column":8},"end":{"line":1072,"column":9}},"409":{"start":{"line":1053,"column":28},"end":{"line":1061,"column":13}},"410":{"start":{"line":1062,"column":12},"end":{"line":1062,"column":85}},"411":{"start":{"line":1064,"column":12},"end":{"line":1066,"column":13}},"412":{"start":{"line":1065,"column":16},"end":{"line":1065,"column":84}},"413":{"start":{"line":1067,"column":12},"end":{"line":1067,"column":66}},"414":{"start":{"line":1069,"column":12},"end":{"line":1069,"column":70}},"415":{"start":{"line":1070,"column":12},"end":{"line":1070,"column":92}},"416":{"start":{"line":1071,"column":12},"end":{"line":1071,"column":35}},"417":{"start":{"line":1079,"column":8},"end":{"line":1079,"column":40}},"418":{"start":{"line":1080,"column":8},"end":{"line":1080,"column":31}},"419":{"start":{"line":1081,"column":8},"end":{"line":1081,"column":69}},"420":{"start":{"line":1088,"column":25},"end":{"line":1088,"column":70}},"421":{"start":{"line":1089,"column":28},"end":{"line":1089,"column":70}},"422":{"start":{"line":1090,"column":23},"end":{"line":1090,"column":60}},"423":{"start":{"line":1091,"column":26},"end":{"line":1091,"column":91}},"424":{"start":{"line":1093,"column":8},"end":{"line":1093,"column":138}},"425":{"start":{"line":1095,"column":8},"end":{"line":1129,"column":9}},"426":{"start":{"line":1096,"column":12},"end":{"line":1096,"column":77}},"427":{"start":{"line":1097,"column":12},"end":{"line":1097,"column":71}},"428":{"start":{"line":1098,"column":12},"end":{"line":1098,"column":79}},"429":{"start":{"line":1099,"column":12},"end":{"line":1099,"column":67}},"430":{"start":{"line":1099,"column":27},"end":{"line":1099,"column":67}},"431":{"start":{"line":1101,"column":12},"end":{"line":1128,"column":13}},"432":{"start":{"line":1103,"column":20},"end":{"line":1113,"column":21}},"433":{"start":{"line":1104,"column":24},"end":{"line":1104,"column":88}},"434":{"start":{"line":1105,"column":24},"end":{"line":1105,"column":81}},"435":{"start":{"line":1106,"column":24},"end":{"line":1106,"column":85}},"436":{"start":{"line":1107,"column":24},"end":{"line":1107,"column":87}},"437":{"start":{"line":1107,"column":39},"end":{"line":1107,"column":87}},"438":{"start":{"line":1109,"column":24},"end":{"line":1109,"column":88}},"439":{"start":{"line":1110,"column":24},"end":{"line":1110,"column":83}},"440":{"start":{"line":1111,"column":24},"end":{"line":1111,"column":82}},"441":{"start":{"line":1112,"column":24},"end":{"line":1112,"column":86}},"442":{"start":{"line":1112,"column":39},"end":{"line":1112,"column":86}},"443":{"start":{"line":1114,"column":20},"end":{"line":1114,"column":26}},"444":{"start":{"line":1116,"column":20},"end":{"line":1116,"column":85}},"445":{"start":{"line":1117,"column":20},"end":{"line":1117,"column":79}},"446":{"start":{"line":1118,"column":20},"end":{"line":1118,"column":110}},"447":{"start":{"line":1119,"column":20},"end":{"line":1119,"column":82}},"448":{"start":{"line":1119,"column":35},"end":{"line":1119,"column":82}},"449":{"start":{"line":1120,"column":20},"end":{"line":1120,"column":26}},"450":{"start":{"line":1123,"column":20},"end":{"line":1123,"column":84}},"451":{"start":{"line":1124,"column":20},"end":{"line":1124,"column":79}},"452":{"start":{"line":1125,"column":20},"end":{"line":1125,"column":113}},"453":{"start":{"line":1126,"column":20},"end":{"line":1126,"column":82}},"454":{"start":{"line":1126,"column":35},"end":{"line":1126,"column":82}},"455":{"start":{"line":1127,"column":20},"end":{"line":1127,"column":26}},"456":{"start":{"line":1131,"column":8},"end":{"line":1134,"column":9}},"457":{"start":{"line":1132,"column":12},"end":{"line":1132,"column":76}},"458":{"start":{"line":1133,"column":12},"end":{"line":1133,"column":106}},"459":{"start":{"line":1141,"column":23},"end":{"line":1141,"column":62}},"460":{"start":{"line":1142,"column":32},"end":{"line":1142,"column":80}},"461":{"start":{"line":1143,"column":8},"end":{"line":1146,"column":9}},"462":{"start":{"line":1144,"column":12},"end":{"line":1144,"column":43}},"463":{"start":{"line":1145,"column":12},"end":{"line":1145,"column":51}},"464":{"start":{"line":1153,"column":32},"end":{"line":1153,"column":80}},"465":{"start":{"line":1154,"column":8},"end":{"line":1156,"column":9}},"466":{"start":{"line":1155,"column":12},"end":{"line":1155,"column":51}},"467":{"start":{"line":1159,"column":32},"end":{"line":1159,"column":80}},"468":{"start":{"line":1160,"column":23},"end":{"line":1160,"column":62}},"469":{"start":{"line":1161,"column":8},"end":{"line":1165,"column":9}},"470":{"start":{"line":1164,"column":12},"end":{"line":1164,"column":42}},"471":{"start":{"line":1172,"column":8},"end":{"line":1174,"column":9}},"472":{"start":{"line":1173,"column":12},"end":{"line":1173,"column":59}},"473":{"start":{"line":1177,"column":8},"end":{"line":1177,"column":43}},"474":{"start":{"line":1180,"column":8},"end":{"line":1182,"column":17}},"475":{"start":{"line":1181,"column":12},"end":{"line":1181,"column":47}},"476":{"start":{"line":1189,"column":32},"end":{"line":1189,"column":80}},"477":{"start":{"line":1190,"column":8},"end":{"line":1192,"column":9}},"478":{"start":{"line":1191,"column":12},"end":{"line":1191,"column":19}},"479":{"start":{"line":1195,"column":20},"end":{"line":1195,"column":30}},"480":{"start":{"line":1196,"column":31},"end":{"line":1196,"column":69}},"481":{"start":{"line":1197,"column":32},"end":{"line":1197,"column":66}},"482":{"start":{"line":1200,"column":38},"end":{"line":1200,"column":99}},"483":{"start":{"line":1203,"column":8},"end":{"line":1205,"column":9}},"484":{"start":{"line":1204,"column":12},"end":{"line":1204,"column":40}},"485":{"start":{"line":1209,"column":8},"end":{"line":1214,"column":9}},"486":{"start":{"line":1211,"column":12},"end":{"line":1211,"column":62}},"487":{"start":{"line":1213,"column":12},"end":{"line":1213,"column":76}},"488":{"start":{"line":1217,"column":22},"end":{"line":1217,"column":59}},"489":{"start":{"line":1218,"column":24},"end":{"line":1218,"column":49}},"490":{"start":{"line":1219,"column":24},"end":{"line":1219,"column":45}},"491":{"start":{"line":1223,"column":8},"end":{"line":1229,"column":9}},"492":{"start":{"line":1224,"column":12},"end":{"line":1224,"column":59}},"493":{"start":{"line":1225,"column":15},"end":{"line":1229,"column":9}},"494":{"start":{"line":1226,"column":12},"end":{"line":1226,"column":49}},"495":{"start":{"line":1228,"column":12},"end":{"line":1228,"column":37}},"496":{"start":{"line":1231,"column":8},"end":{"line":1231,"column":47}},"497":{"start":{"line":1238,"column":24},"end":{"line":1238,"column":60}},"498":{"start":{"line":1239,"column":8},"end":{"line":1243,"column":9}},"499":{"start":{"line":1241,"column":12},"end":{"line":1241,"column":73}},"500":{"start":{"line":1242,"column":12},"end":{"line":1242,"column":19}},"501":{"start":{"line":1245,"column":21},"end":{"line":1245,"column":23}},"502":{"start":{"line":1248,"column":8},"end":{"line":1248,"column":94}},"503":{"start":{"line":1249,"column":8},"end":{"line":1249,"column":22}},"504":{"start":{"line":1251,"column":8},"end":{"line":1251,"column":84}},"505":{"start":{"line":1252,"column":8},"end":{"line":1252,"column":66}},"506":{"start":{"line":1253,"column":8},"end":{"line":1253,"column":59}},"507":{"start":{"line":1254,"column":8},"end":{"line":1254,"column":99}},"508":{"start":{"line":1256,"column":8},"end":{"line":1259,"column":9}},"509":{"start":{"line":1257,"column":12},"end":{"line":1257,"column":64}},"510":{"start":{"line":1258,"column":12},"end":{"line":1258,"column":78}},"511":{"start":{"line":1262,"column":8},"end":{"line":1290,"column":9}},"512":{"start":{"line":1263,"column":12},"end":{"line":1263,"column":51}},"513":{"start":{"line":1265,"column":12},"end":{"line":1270,"column":13}},"514":{"start":{"line":1266,"column":16},"end":{"line":1266,"column":83}},"515":{"start":{"line":1267,"column":16},"end":{"line":1267,"column":102}},"516":{"start":{"line":1269,"column":16},"end":{"line":1269,"column":53}},"517":{"start":{"line":1273,"column":12},"end":{"line":1282,"column":15}},"518":{"start":{"line":1274,"column":16},"end":{"line":1279,"column":17}},"519":{"start":{"line":1275,"column":38},"end":{"line":1275,"column":74}},"520":{"start":{"line":1276,"column":20},"end":{"line":1278,"column":21}},"521":{"start":{"line":1277,"column":24},"end":{"line":1277,"column":134}},"522":{"start":{"line":1281,"column":16},"end":{"line":1281,"column":69}},"523":{"start":{"line":1284,"column":12},"end":{"line":1284,"column":47}},"524":{"start":{"line":1286,"column":12},"end":{"line":1286,"column":55}},"525":{"start":{"line":1287,"column":12},"end":{"line":1289,"column":13}},"526":{"start":{"line":1288,"column":16},"end":{"line":1288,"column":68}},"527":{"start":{"line":1292,"column":8},"end":{"line":1292,"column":106}},"528":{"start":{"line":1293,"column":8},"end":{"line":1293,"column":125}},"529":{"start":{"line":1294,"column":8},"end":{"line":1294,"column":72}},"530":{"start":{"line":1295,"column":8},"end":{"line":1295,"column":77}},"531":{"start":{"line":1297,"column":8},"end":{"line":1297,"column":46}},"532":{"start":{"line":1304,"column":24},"end":{"line":1304,"column":65}},"533":{"start":{"line":1305,"column":8},"end":{"line":1305,"column":29}},"534":{"start":{"line":1305,"column":22},"end":{"line":1305,"column":29}},"535":{"start":{"line":1307,"column":21},"end":{"line":1307,"column":23}},"536":{"start":{"line":1310,"column":8},"end":{"line":1310,"column":111}},"537":{"start":{"line":1311,"column":8},"end":{"line":1311,"column":22}},"538":{"start":{"line":1313,"column":8},"end":{"line":1313,"column":101}},"539":{"start":{"line":1314,"column":8},"end":{"line":1314,"column":83}},"540":{"start":{"line":1315,"column":8},"end":{"line":1315,"column":76}},"541":{"start":{"line":1316,"column":8},"end":{"line":1316,"column":22}},"542":{"start":{"line":1318,"column":8},"end":{"line":1318,"column":116}},"543":{"start":{"line":1319,"column":8},"end":{"line":1322,"column":9}},"544":{"start":{"line":1320,"column":12},"end":{"line":1320,"column":81}},"545":{"start":{"line":1321,"column":12},"end":{"line":1321,"column":95}},"546":{"start":{"line":1323,"column":8},"end":{"line":1323,"column":22}},"547":{"start":{"line":1326,"column":8},"end":{"line":1353,"column":9}},"548":{"start":{"line":1327,"column":12},"end":{"line":1327,"column":68}},"549":{"start":{"line":1329,"column":12},"end":{"line":1334,"column":13}},"550":{"start":{"line":1330,"column":16},"end":{"line":1330,"column":100}},"551":{"start":{"line":1331,"column":16},"end":{"line":1331,"column":119}},"552":{"start":{"line":1333,"column":16},"end":{"line":1333,"column":70}},"553":{"start":{"line":1337,"column":12},"end":{"line":1347,"column":13}},"554":{"start":{"line":1338,"column":37},"end":{"line":1338,"column":84}},"555":{"start":{"line":1339,"column":16},"end":{"line":1343,"column":17}},"556":{"start":{"line":1340,"column":20},"end":{"line":1340,"column":82}},"557":{"start":{"line":1342,"column":20},"end":{"line":1342,"column":76}},"558":{"start":{"line":1345,"column":16},"end":{"line":1345,"column":69}},"559":{"start":{"line":1346,"column":16},"end":{"line":1346,"column":69}},"560":{"start":{"line":1349,"column":12},"end":{"line":1349,"column":72}},"561":{"start":{"line":1350,"column":12},"end":{"line":1352,"column":13}},"562":{"start":{"line":1351,"column":16},"end":{"line":1351,"column":85}},"563":{"start":{"line":1354,"column":8},"end":{"line":1354,"column":22}},"564":{"start":{"line":1356,"column":8},"end":{"line":1356,"column":123}},"565":{"start":{"line":1357,"column":8},"end":{"line":1357,"column":142}},"566":{"start":{"line":1358,"column":8},"end":{"line":1358,"column":89}},"567":{"start":{"line":1359,"column":8},"end":{"line":1359,"column":94}},"568":{"start":{"line":1361,"column":8},"end":{"line":1361,"column":46}},"569":{"start":{"line":1368,"column":28},"end":{"line":1376,"column":9}},"570":{"start":{"line":1378,"column":8},"end":{"line":1381,"column":9}},"571":{"start":{"line":1379,"column":12},"end":{"line":1379,"column":67}},"572":{"start":{"line":1380,"column":12},"end":{"line":1380,"column":31}},"573":{"start":{"line":1383,"column":8},"end":{"line":1415,"column":9}},"574":{"start":{"line":1385,"column":12},"end":{"line":1385,"column":87}},"575":{"start":{"line":1386,"column":12},"end":{"line":1386,"column":72}},"576":{"start":{"line":1389,"column":12},"end":{"line":1411,"column":13}},"577":{"start":{"line":1390,"column":16},"end":{"line":1410,"column":17}},"578":{"start":{"line":1391,"column":43},"end":{"line":1391,"column":63}},"579":{"start":{"line":1392,"column":37},"end":{"line":1404,"column":22}},"580":{"start":{"line":1393,"column":40},"end":{"line":1393,"column":109}},"581":{"start":{"line":1393,"column":57},"end":{"line":1393,"column":102}},"582":{"start":{"line":1395,"column":24},"end":{"line":1398,"column":26}},"583":{"start":{"line":1396,"column":28},"end":{"line":1396,"column":50}},"584":{"start":{"line":1397,"column":28},"end":{"line":1397,"column":48}},"585":{"start":{"line":1400,"column":24},"end":{"line":1403,"column":26}},"586":{"start":{"line":1406,"column":20},"end":{"line":1406,"column":58}},"587":{"start":{"line":1407,"column":20},"end":{"line":1407,"column":61}},"588":{"start":{"line":1409,"column":20},"end":{"line":1409,"column":79}},"589":{"start":{"line":1414,"column":12},"end":{"line":1414,"column":46}},"590":{"start":{"line":1417,"column":8},"end":{"line":1417,"column":27}},"591":{"start":{"line":1424,"column":8},"end":{"line":1426,"column":9}},"592":{"start":{"line":1425,"column":12},"end":{"line":1425,"column":50}},"593":{"start":{"line":1428,"column":8},"end":{"line":1430,"column":9}},"594":{"start":{"line":1429,"column":12},"end":{"line":1429,"column":59}},"595":{"start":{"line":1432,"column":8},"end":{"line":1434,"column":18}},"596":{"start":{"line":1433,"column":12},"end":{"line":1433,"column":40}},"597":{"start":{"line":1437,"column":8},"end":{"line":1437,"column":42}},"598":{"start":{"line":1438,"column":8},"end":{"line":1438,"column":34}},"599":{"start":{"line":1445,"column":8},"end":{"line":1448,"column":9}},"600":{"start":{"line":1446,"column":12},"end":{"line":1446,"column":50}},"601":{"start":{"line":1447,"column":12},"end":{"line":1447,"column":42}},"602":{"start":{"line":1450,"column":8},"end":{"line":1453,"column":9}},"603":{"start":{"line":1451,"column":12},"end":{"line":1451,"column":59}},"604":{"start":{"line":1452,"column":12},"end":{"line":1452,"column":51}},"605":{"start":{"line":1455,"column":8},"end":{"line":1455,"column":34}},"606":{"start":{"line":1463,"column":8},"end":{"line":1466,"column":9}},"607":{"start":{"line":1464,"column":12},"end":{"line":1464,"column":88}},"608":{"start":{"line":1465,"column":12},"end":{"line":1465,"column":19}},"609":{"start":{"line":1469,"column":8},"end":{"line":1477,"column":9}},"610":{"start":{"line":1470,"column":24},"end":{"line":1470,"column":44}},"611":{"start":{"line":1471,"column":12},"end":{"line":1476,"column":13}},"612":{"start":{"line":1472,"column":16},"end":{"line":1472,"column":57}},"613":{"start":{"line":1473,"column":16},"end":{"line":1473,"column":23}},"614":{"start":{"line":1475,"column":16},"end":{"line":1475,"column":49}},"615":{"start":{"line":1479,"column":8},"end":{"line":1482,"column":9}},"616":{"start":{"line":1480,"column":12},"end":{"line":1480,"column":80}},"617":{"start":{"line":1481,"column":12},"end":{"line":1481,"column":19}},"618":{"start":{"line":1484,"column":20},"end":{"line":1484,"column":30}},"619":{"start":{"line":1485,"column":28},"end":{"line":1485,"column":66}},"620":{"start":{"line":1486,"column":24},"end":{"line":1486,"column":116}},"621":{"start":{"line":1489,"column":8},"end":{"line":1492,"column":9}},"622":{"start":{"line":1490,"column":12},"end":{"line":1490,"column":69}},"623":{"start":{"line":1491,"column":12},"end":{"line":1491,"column":19}},"624":{"start":{"line":1495,"column":38},"end":{"line":1495,"column":84}},"625":{"start":{"line":1496,"column":34},"end":{"line":1496,"column":78}},"626":{"start":{"line":1497,"column":26},"end":{"line":1497,"column":51}},"627":{"start":{"line":1498,"column":24},"end":{"line":1498,"column":45}},"628":{"start":{"line":1500,"column":8},"end":{"line":1503,"column":9}},"629":{"start":{"line":1501,"column":12},"end":{"line":1501,"column":73}},"630":{"start":{"line":1502,"column":12},"end":{"line":1502,"column":19}},"631":{"start":{"line":1506,"column":33},"end":{"line":1506,"column":77}},"632":{"start":{"line":1507,"column":42},"end":{"line":1507,"column":81}},"633":{"start":{"line":1508,"column":27},"end":{"line":1508,"column":73}},"634":{"start":{"line":1510,"column":8},"end":{"line":1514,"column":9}},"635":{"start":{"line":1511,"column":12},"end":{"line":1511,"column":58}},"636":{"start":{"line":1512,"column":12},"end":{"line":1512,"column":40}},"637":{"start":{"line":1513,"column":12},"end":{"line":1513,"column":83}},"638":{"start":{"line":1522,"column":8},"end":{"line":1522,"column":37}},"639":{"start":{"line":1523,"column":8},"end":{"line":1523,"column":30}},"640":{"start":{"line":1525,"column":8},"end":{"line":1538,"column":9}},"641":{"start":{"line":1526,"column":28},"end":{"line":1534,"column":13}},"642":{"start":{"line":1535,"column":12},"end":{"line":1535,"column":89}},"643":{"start":{"line":1537,"column":12},"end":{"line":1537,"column":69}},"644":{"start":{"line":1545,"column":26},"end":{"line":1545,"column":62}},"645":{"start":{"line":1546,"column":8},"end":{"line":1548,"column":9}},"646":{"start":{"line":1547,"column":12},"end":{"line":1547,"column":55}},"647":{"start":{"line":1555,"column":8},"end":{"line":1560,"column":9}},"648":{"start":{"line":1556,"column":12},"end":{"line":1556,"column":61}},"649":{"start":{"line":1557,"column":12},"end":{"line":1557,"column":59}},"650":{"start":{"line":1559,"column":12},"end":{"line":1559,"column":60}},"651":{"start":{"line":1568,"column":8},"end":{"line":1582,"column":9}},"652":{"start":{"line":1570,"column":12},"end":{"line":1570,"column":55}},"653":{"start":{"line":1571,"column":12},"end":{"line":1571,"column":41}},"654":{"start":{"line":1572,"column":12},"end":{"line":1574,"column":13}},"655":{"start":{"line":1573,"column":16},"end":{"line":1573,"column":62}},"656":{"start":{"line":1577,"column":12},"end":{"line":1577,"column":54}},"657":{"start":{"line":1578,"column":12},"end":{"line":1578,"column":42}},"658":{"start":{"line":1579,"column":12},"end":{"line":1581,"column":13}},"659":{"start":{"line":1580,"column":16},"end":{"line":1580,"column":65}},"660":{"start":{"line":1584,"column":8},"end":{"line":1584,"column":38}},"661":{"start":{"line":1585,"column":8},"end":{"line":1585,"column":28}},"662":{"start":{"line":1586,"column":8},"end":{"line":1586,"column":40}},"663":{"start":{"line":1587,"column":8},"end":{"line":1587,"column":31}},"664":{"start":{"line":1595,"column":8},"end":{"line":1595,"column":54}},"665":{"start":{"line":1596,"column":8},"end":{"line":1598,"column":9}},"666":{"start":{"line":1597,"column":12},"end":{"line":1597,"column":65}},"667":{"start":{"line":1599,"column":8},"end":{"line":1599,"column":38}},"668":{"start":{"line":1600,"column":8},"end":{"line":1600,"column":28}},"669":{"start":{"line":1607,"column":8},"end":{"line":1609,"column":9}},"670":{"start":{"line":1608,"column":12},"end":{"line":1608,"column":57}},"671":{"start":{"line":1616,"column":8},"end":{"line":1625,"column":9}},"672":{"start":{"line":1617,"column":12},"end":{"line":1617,"column":55}},"673":{"start":{"line":1618,"column":12},"end":{"line":1618,"column":56}},"674":{"start":{"line":1619,"column":12},"end":{"line":1619,"column":60}},"675":{"start":{"line":1620,"column":12},"end":{"line":1620,"column":30}},"676":{"start":{"line":1621,"column":12},"end":{"line":1621,"column":43}},"677":{"start":{"line":1622,"column":12},"end":{"line":1622,"column":34}},"678":{"start":{"line":1623,"column":12},"end":{"line":1623,"column":68}},"679":{"start":{"line":1624,"column":12},"end":{"line":1624,"column":74}},"680":{"start":{"line":1632,"column":8},"end":{"line":1656,"column":9}},"681":{"start":{"line":1633,"column":31},"end":{"line":1638,"column":13}},"682":{"start":{"line":1640,"column":29},"end":{"line":1640,"column":64}},"683":{"start":{"line":1641,"column":25},"end":{"line":1641,"column":75}},"684":{"start":{"line":1643,"column":24},"end":{"line":1643,"column":49}},"685":{"start":{"line":1644,"column":22},"end":{"line":1644,"column":49}},"686":{"start":{"line":1645,"column":12},"end":{"line":1645,"column":25}},"687":{"start":{"line":1646,"column":12},"end":{"line":1646,"column":97}},"688":{"start":{"line":1647,"column":12},"end":{"line":1647,"column":41}},"689":{"start":{"line":1648,"column":12},"end":{"line":1648,"column":22}},"690":{"start":{"line":1649,"column":12},"end":{"line":1649,"column":41}},"691":{"start":{"line":1650,"column":12},"end":{"line":1650,"column":37}},"692":{"start":{"line":1652,"column":12},"end":{"line":1652,"column":75}},"693":{"start":{"line":1654,"column":12},"end":{"line":1654,"column":62}},"694":{"start":{"line":1655,"column":12},"end":{"line":1655,"column":84}},"695":{"start":{"line":1663,"column":8},"end":{"line":1708,"column":9}},"696":{"start":{"line":1664,"column":31},"end":{"line":1664,"column":51}},"697":{"start":{"line":1667,"column":12},"end":{"line":1669,"column":13}},"698":{"start":{"line":1668,"column":16},"end":{"line":1668,"column":88}},"699":{"start":{"line":1672,"column":33},"end":{"line":1672,"column":58}},"700":{"start":{"line":1673,"column":31},"end":{"line":1673,"column":129}},"701":{"start":{"line":1675,"column":12},"end":{"line":1677,"column":13}},"702":{"start":{"line":1676,"column":16},"end":{"line":1676,"column":23}},"703":{"start":{"line":1680,"column":33},"end":{"line":1682,"column":13}},"704":{"start":{"line":1681,"column":16},"end":{"line":1681,"column":69}},"705":{"start":{"line":1684,"column":12},"end":{"line":1686,"column":13}},"706":{"start":{"line":1685,"column":16},"end":{"line":1685,"column":112}},"707":{"start":{"line":1689,"column":12},"end":{"line":1689,"column":40}},"708":{"start":{"line":1690,"column":12},"end":{"line":1690,"column":82}},"709":{"start":{"line":1693,"column":12},"end":{"line":1697,"column":13}},"710":{"start":{"line":1694,"column":16},"end":{"line":1694,"column":77}},"711":{"start":{"line":1695,"column":16},"end":{"line":1695,"column":88}},"712":{"start":{"line":1696,"column":16},"end":{"line":1696,"column":36}},"713":{"start":{"line":1700,"column":12},"end":{"line":1700,"column":34}},"714":{"start":{"line":1701,"column":12},"end":{"line":1701,"column":43}},"715":{"start":{"line":1702,"column":12},"end":{"line":1702,"column":68}},"716":{"start":{"line":1704,"column":12},"end":{"line":1704,"column":116}},"717":{"start":{"line":1706,"column":12},"end":{"line":1706,"column":62}},"718":{"start":{"line":1707,"column":12},"end":{"line":1707,"column":84}},"719":{"start":{"line":1722,"column":8},"end":{"line":1727,"column":10}},"720":{"start":{"line":1729,"column":24},"end":{"line":1729,"column":73}},"721":{"start":{"line":1730,"column":8},"end":{"line":1734,"column":9}},"722":{"start":{"line":1731,"column":12},"end":{"line":1731,"column":44}},"723":{"start":{"line":1732,"column":12},"end":{"line":1732,"column":40}},"724":{"start":{"line":1733,"column":12},"end":{"line":1733,"column":39}},"725":{"start":{"line":1741,"column":8},"end":{"line":1745,"column":9}},"726":{"start":{"line":1742,"column":12},"end":{"line":1744,"column":13}},"727":{"start":{"line":1743,"column":16},"end":{"line":1743,"column":23}},"728":{"start":{"line":1747,"column":24},"end":{"line":1747,"column":73}},"729":{"start":{"line":1748,"column":8},"end":{"line":1750,"column":9}},"730":{"start":{"line":1749,"column":12},"end":{"line":1749,"column":47}},"731":{"start":{"line":1752,"column":8},"end":{"line":1752,"column":41}},"732":{"start":{"line":1759,"column":29},"end":{"line":1759,"column":68}},"733":{"start":{"line":1760,"column":8},"end":{"line":1760,"column":64}},"734":{"start":{"line":1760,"column":57},"end":{"line":1760,"column":64}},"735":{"start":{"line":1762,"column":26},"end":{"line":1762,"column":61}},"736":{"start":{"line":1763,"column":32},"end":{"line":1763,"column":80}},"737":{"start":{"line":1765,"column":8},"end":{"line":1765,"column":36}},"738":{"start":{"line":1767,"column":8},"end":{"line":1783,"column":11}},"739":{"start":{"line":1768,"column":29},"end":{"line":1768,"column":50}},"740":{"start":{"line":1769,"column":30},"end":{"line":1769,"column":60}},"741":{"start":{"line":1770,"column":29},"end":{"line":1770,"column":87}},"742":{"start":{"line":1772,"column":25},"end":{"line":1772,"column":54}},"743":{"start":{"line":1773,"column":12},"end":{"line":1773,"column":108}},"744":{"start":{"line":1774,"column":12},"end":{"line":1774,"column":65}},"745":{"start":{"line":1774,"column":33},"end":{"line":1774,"column":64}},"746":{"start":{"line":1776,"column":12},"end":{"line":1780,"column":14}},"747":{"start":{"line":1782,"column":12},"end":{"line":1782,"column":43}},"748":{"start":{"line":1790,"column":8},"end":{"line":1794,"column":9}},"749":{"start":{"line":1791,"column":12},"end":{"line":1793,"column":13}},"750":{"start":{"line":1792,"column":16},"end":{"line":1792,"column":23}},"751":{"start":{"line":1796,"column":8},"end":{"line":1796,"column":65}},"752":{"start":{"line":1797,"column":8},"end":{"line":1797,"column":60}},"753":{"start":{"line":1799,"column":8},"end":{"line":1799,"column":36}},"754":{"start":{"line":1800,"column":8},"end":{"line":1800,"column":48}},"755":{"start":{"line":1801,"column":8},"end":{"line":1801,"column":38}},"756":{"start":{"line":1808,"column":25},"end":{"line":1808,"column":72}},"757":{"start":{"line":1809,"column":8},"end":{"line":1809,"column":30}},"758":{"start":{"line":1809,"column":23},"end":{"line":1809,"column":30}},"759":{"start":{"line":1811,"column":8},"end":{"line":1811,"column":97}},"760":{"start":{"line":1812,"column":8},"end":{"line":1812,"column":80}},"761":{"start":{"line":1813,"column":8},"end":{"line":1813,"column":77}},"762":{"start":{"line":1816,"column":8},"end":{"line":1816,"column":41}},"763":{"start":{"line":1818,"column":8},"end":{"line":1818,"column":70}},"764":{"start":{"line":1819,"column":8},"end":{"line":1819,"column":84}},"765":{"start":{"line":1820,"column":8},"end":{"line":1820,"column":70}},"766":{"start":{"line":1821,"column":8},"end":{"line":1821,"column":77}},"767":{"start":{"line":1823,"column":32},"end":{"line":1823,"column":80}},"768":{"start":{"line":1824,"column":8},"end":{"line":1824,"column":94}},"769":{"start":{"line":1827,"column":8},"end":{"line":1834,"column":11}},"770":{"start":{"line":1828,"column":28},"end":{"line":1828,"column":55}},"771":{"start":{"line":1829,"column":12},"end":{"line":1833,"column":13}},"772":{"start":{"line":1830,"column":16},"end":{"line":1832,"column":19}},"773":{"start":{"line":1831,"column":20},"end":{"line":1831,"column":71}},"774":{"start":{"line":1841,"column":8},"end":{"line":1841,"column":97}},"775":{"start":{"line":1842,"column":8},"end":{"line":1842,"column":80}},"776":{"start":{"line":1843,"column":8},"end":{"line":1843,"column":77}},"777":{"start":{"line":1844,"column":8},"end":{"line":1844,"column":77}},"778":{"start":{"line":1845,"column":8},"end":{"line":1845,"column":79}},"779":{"start":{"line":1846,"column":8},"end":{"line":1846,"column":149}},"780":{"start":{"line":1853,"column":27},"end":{"line":1853,"column":49}},"781":{"start":{"line":1854,"column":28},"end":{"line":1859,"column":9}},"782":{"start":{"line":1861,"column":8},"end":{"line":1861,"column":70}},"783":{"start":{"line":1862,"column":8},"end":{"line":1862,"column":59}},"784":{"start":{"line":1864,"column":8},"end":{"line":1864,"column":36}},"785":{"start":{"line":1865,"column":8},"end":{"line":1865,"column":40}},"786":{"start":{"line":1872,"column":8},"end":{"line":1872,"column":95}},"787":{"start":{"line":1872,"column":88},"end":{"line":1872,"column":95}},"788":{"start":{"line":1874,"column":27},"end":{"line":1874,"column":70}},"789":{"start":{"line":1875,"column":21},"end":{"line":1875,"column":73}},"790":{"start":{"line":1876,"column":28},"end":{"line":1876,"column":87}},"791":{"start":{"line":1877,"column":21},"end":{"line":1877,"column":66}},"792":{"start":{"line":1878,"column":24},"end":{"line":1878,"column":72}},"793":{"start":{"line":1879,"column":26},"end":{"line":1879,"column":78}},"794":{"start":{"line":1881,"column":8},"end":{"line":1884,"column":9}},"795":{"start":{"line":1882,"column":12},"end":{"line":1882,"column":80}},"796":{"start":{"line":1883,"column":12},"end":{"line":1883,"column":19}},"797":{"start":{"line":1887,"column":8},"end":{"line":1892,"column":10}},"798":{"start":{"line":1895,"column":8},"end":{"line":1899,"column":9}},"799":{"start":{"line":1896,"column":12},"end":{"line":1896,"column":55}},"800":{"start":{"line":1897,"column":15},"end":{"line":1899,"column":9}},"801":{"start":{"line":1898,"column":12},"end":{"line":1898,"column":60}},"802":{"start":{"line":1901,"column":8},"end":{"line":1901,"column":60}},"803":{"start":{"line":1903,"column":8},"end":{"line":1903,"column":36}},"804":{"start":{"line":1904,"column":8},"end":{"line":1904,"column":38}},"805":{"start":{"line":1906,"column":8},"end":{"line":1906,"column":54}},"806":{"start":{"line":1913,"column":8},"end":{"line":1913,"column":95}},"807":{"start":{"line":1913,"column":88},"end":{"line":1913,"column":95}},"808":{"start":{"line":1915,"column":27},"end":{"line":1915,"column":70}},"809":{"start":{"line":1916,"column":25},"end":{"line":1916,"column":72}},"810":{"start":{"line":1918,"column":8},"end":{"line":1920,"column":9}},"811":{"start":{"line":1919,"column":12},"end":{"line":1919,"column":19}},"812":{"start":{"line":1923,"column":8},"end":{"line":1926,"column":9}},"813":{"start":{"line":1924,"column":12},"end":{"line":1924,"column":73}},"814":{"start":{"line":1925,"column":12},"end":{"line":1925,"column":19}},"815":{"start":{"line":1928,"column":8},"end":{"line":1928,"column":63}},"816":{"start":{"line":1931,"column":8},"end":{"line":1933,"column":9}},"817":{"start":{"line":1932,"column":12},"end":{"line":1932,"column":60}},"818":{"start":{"line":1935,"column":8},"end":{"line":1935,"column":59}},"819":{"start":{"line":1936,"column":8},"end":{"line":1936,"column":59}},"820":{"start":{"line":1938,"column":8},"end":{"line":1938,"column":36}},"821":{"start":{"line":1939,"column":8},"end":{"line":1939,"column":35}},"822":{"start":{"line":1941,"column":8},"end":{"line":1941,"column":56}},"823":{"start":{"line":1948,"column":8},"end":{"line":1948,"column":95}},"824":{"start":{"line":1948,"column":88},"end":{"line":1948,"column":95}},"825":{"start":{"line":1950,"column":27},"end":{"line":1950,"column":70}},"826":{"start":{"line":1951,"column":25},"end":{"line":1951,"column":72}},"827":{"start":{"line":1952,"column":22},"end":{"line":1952,"column":44}},"828":{"start":{"line":1954,"column":26},"end":{"line":1959,"column":9}},"829":{"start":{"line":1961,"column":8},"end":{"line":1961,"column":63}},"830":{"start":{"line":1962,"column":8},"end":{"line":1962,"column":59}},"831":{"start":{"line":1964,"column":8},"end":{"line":1964,"column":36}},"832":{"start":{"line":1965,"column":8},"end":{"line":1965,"column":35}},"833":{"start":{"line":1967,"column":8},"end":{"line":1967,"column":59}},"834":{"start":{"line":1974,"column":8},"end":{"line":1976,"column":9}},"835":{"start":{"line":1975,"column":12},"end":{"line":1975,"column":19}},"836":{"start":{"line":1978,"column":8},"end":{"line":1978,"column":76}},"837":{"start":{"line":1979,"column":8},"end":{"line":1979,"column":56}},"838":{"start":{"line":1980,"column":8},"end":{"line":1980,"column":59}},"839":{"start":{"line":1981,"column":8},"end":{"line":1981,"column":59}},"840":{"start":{"line":1983,"column":8},"end":{"line":1983,"column":36}},"841":{"start":{"line":1984,"column":8},"end":{"line":1984,"column":35}},"842":{"start":{"line":1986,"column":8},"end":{"line":1986,"column":67}},"843":{"start":{"line":1993,"column":20},"end":{"line":1993,"column":30}},"844":{"start":{"line":1994,"column":26},"end":{"line":1994,"column":75}},"845":{"start":{"line":1995,"column":24},"end":{"line":1995,"column":27}},"846":{"start":{"line":1998,"column":21},"end":{"line":1998,"column":40}},"847":{"start":{"line":1999,"column":21},"end":{"line":1999,"column":72}},"848":{"start":{"line":2000,"column":21},"end":{"line":2000,"column":72}},"849":{"start":{"line":2002,"column":28},"end":{"line":2019,"column":9}},"850":{"start":{"line":2021,"column":28},"end":{"line":2030,"column":9}},"851":{"start":{"line":2032,"column":28},"end":{"line":2041,"column":9}},"852":{"start":{"line":2043,"column":27},"end":{"line":2043,"column":75}},"853":{"start":{"line":2044,"column":30},"end":{"line":2044,"column":88}},"854":{"start":{"line":2044,"column":64},"end":{"line":2044,"column":84}},"855":{"start":{"line":2046,"column":8},"end":{"line":2072,"column":10}},"856":{"start":{"line":2059,"column":70},"end":{"line":2059,"column":90}},"857":{"start":{"line":2064,"column":70},"end":{"line":2064,"column":90}},"858":{"start":{"line":2069,"column":70},"end":{"line":2069,"column":90}},"859":{"start":{"line":2079,"column":8},"end":{"line":2079,"column":95}},"860":{"start":{"line":2079,"column":88},"end":{"line":2079,"column":95}},"861":{"start":{"line":2081,"column":27},"end":{"line":2081,"column":70}},"862":{"start":{"line":2082,"column":25},"end":{"line":2082,"column":72}},"863":{"start":{"line":2083,"column":31},"end":{"line":2083,"column":80}},"864":{"start":{"line":2085,"column":8},"end":{"line":2085,"column":49}},"865":{"start":{"line":2085,"column":42},"end":{"line":2085,"column":49}},"866":{"start":{"line":2088,"column":32},"end":{"line":2088,"column":74}},"867":{"start":{"line":2089,"column":32},"end":{"line":2092,"column":9}},"868":{"start":{"line":2095,"column":28},"end":{"line":2095,"column":73}},"869":{"start":{"line":2096,"column":31},"end":{"line":2096,"column":86}},"870":{"start":{"line":2098,"column":8},"end":{"line":2146,"column":9}},"871":{"start":{"line":2099,"column":29},"end":{"line":2099,"column":52}},"872":{"start":{"line":2102,"column":12},"end":{"line":2104,"column":13}},"873":{"start":{"line":2103,"column":16},"end":{"line":2103,"column":63}},"874":{"start":{"line":2106,"column":36},"end":{"line":2106,"column":100}},"875":{"start":{"line":2108,"column":12},"end":{"line":2139,"column":13}},"876":{"start":{"line":2110,"column":16},"end":{"line":2125,"column":17}},"877":{"start":{"line":2111,"column":35},"end":{"line":2111,"column":67}},"878":{"start":{"line":2112,"column":20},"end":{"line":2112,"column":48}},"879":{"start":{"line":2113,"column":20},"end":{"line":2113,"column":50}},"880":{"start":{"line":2114,"column":20},"end":{"line":2114,"column":49}},"881":{"start":{"line":2115,"column":20},"end":{"line":2115,"column":54}},"882":{"start":{"line":2117,"column":20},"end":{"line":2117,"column":50}},"883":{"start":{"line":2118,"column":20},"end":{"line":2118,"column":55}},"884":{"start":{"line":2121,"column":20},"end":{"line":2121,"column":50}},"885":{"start":{"line":2122,"column":20},"end":{"line":2122,"column":66}},"886":{"start":{"line":2123,"column":20},"end":{"line":2123,"column":51}},"887":{"start":{"line":2124,"column":20},"end":{"line":2124,"column":27}},"888":{"start":{"line":2128,"column":16},"end":{"line":2132,"column":17}},"889":{"start":{"line":2129,"column":40},"end":{"line":2129,"column":85}},"890":{"start":{"line":2130,"column":20},"end":{"line":2130,"column":100}},"891":{"start":{"line":2131,"column":20},"end":{"line":2131,"column":27}},"892":{"start":{"line":2135,"column":16},"end":{"line":2135,"column":164}},"893":{"start":{"line":2138,"column":16},"end":{"line":2138,"column":164}},"894":{"start":{"line":2142,"column":12},"end":{"line":2145,"column":20}},"895":{"start":{"line":2153,"column":20},"end":{"line":2153,"column":49}},"896":{"start":{"line":2154,"column":8},"end":{"line":2154,"column":31}},"897":{"start":{"line":2155,"column":8},"end":{"line":2155,"column":29}},"898":{"start":{"line":2163,"column":8},"end":{"line":2163,"column":105}},"899":{"start":{"line":2164,"column":8},"end":{"line":2164,"column":101}},"900":{"start":{"line":2167,"column":8},"end":{"line":2167,"column":38}},"901":{"start":{"line":2175,"column":8},"end":{"line":2175,"column":111}},"902":{"start":{"line":2176,"column":8},"end":{"line":2176,"column":107}},"903":{"start":{"line":2179,"column":8},"end":{"line":2179,"column":29}},"904":{"start":{"line":2187,"column":8},"end":{"line":2187,"column":94}},"905":{"start":{"line":2188,"column":8},"end":{"line":2188,"column":96}},"906":{"start":{"line":2191,"column":8},"end":{"line":2191,"column":109}},"907":{"start":{"line":2192,"column":8},"end":{"line":2192,"column":112}},"908":{"start":{"line":2195,"column":8},"end":{"line":2197,"column":9}},"909":{"start":{"line":2196,"column":12},"end":{"line":2196,"column":42}},"910":{"start":{"line":2204,"column":8},"end":{"line":2204,"column":47}},"911":{"start":{"line":2204,"column":40},"end":{"line":2204,"column":47}},"912":{"start":{"line":2207,"column":8},"end":{"line":2209,"column":9}},"913":{"start":{"line":2208,"column":12},"end":{"line":2208,"column":39}},"914":{"start":{"line":2212,"column":32},"end":{"line":2212,"column":34}},"915":{"start":{"line":2213,"column":8},"end":{"line":2218,"column":11}},"916":{"start":{"line":2215,"column":12},"end":{"line":2217,"column":13}},"917":{"start":{"line":2216,"column":16},"end":{"line":2216,"column":94}},"918":{"start":{"line":2220,"column":8},"end":{"line":2220,"column":87}},"919":{"start":{"line":2221,"column":8},"end":{"line":2221,"column":80}},"920":{"start":{"line":2224,"column":8},"end":{"line":2224,"column":39}},"921":{"start":{"line":2227,"column":8},"end":{"line":2235,"column":9}},"922":{"start":{"line":2228,"column":33},"end":{"line":2228,"column":81}},"923":{"start":{"line":2229,"column":12},"end":{"line":2229,"column":39}},"924":{"start":{"line":2231,"column":35},"end":{"line":2231,"column":76}},"925":{"start":{"line":2232,"column":12},"end":{"line":2234,"column":13}},"926":{"start":{"line":2233,"column":16},"end":{"line":2233,"column":52}},"927":{"start":{"line":2237,"column":8},"end":{"line":2237,"column":36}},"928":{"start":{"line":2238,"column":8},"end":{"line":2238,"column":73}},"929":{"start":{"line":2245,"column":8},"end":{"line":2245,"column":47}},"930":{"start":{"line":2245,"column":40},"end":{"line":2245,"column":47}},"931":{"start":{"line":2248,"column":8},"end":{"line":2250,"column":9}},"932":{"start":{"line":2249,"column":12},"end":{"line":2249,"column":39}},"933":{"start":{"line":2253,"column":32},"end":{"line":2253,"column":34}},"934":{"start":{"line":2254,"column":8},"end":{"line":2259,"column":11}},"935":{"start":{"line":2256,"column":12},"end":{"line":2258,"column":13}},"936":{"start":{"line":2257,"column":16},"end":{"line":2257,"column":94}},"937":{"start":{"line":2261,"column":8},"end":{"line":2261,"column":87}},"938":{"start":{"line":2262,"column":8},"end":{"line":2262,"column":60}},"939":{"start":{"line":2265,"column":8},"end":{"line":2273,"column":9}},"940":{"start":{"line":2266,"column":33},"end":{"line":2266,"column":81}},"941":{"start":{"line":2267,"column":12},"end":{"line":2267,"column":39}},"942":{"start":{"line":2269,"column":35},"end":{"line":2269,"column":76}},"943":{"start":{"line":2270,"column":12},"end":{"line":2272,"column":13}},"944":{"start":{"line":2271,"column":16},"end":{"line":2271,"column":52}},"945":{"start":{"line":2275,"column":8},"end":{"line":2275,"column":63}},"946":{"start":{"line":2284,"column":8},"end":{"line":2284,"column":57}},"947":{"start":{"line":2284,"column":47},"end":{"line":2284,"column":57}},"948":{"start":{"line":2286,"column":29},"end":{"line":2286,"column":38}},"949":{"start":{"line":2287,"column":25},"end":{"line":2287,"column":27}},"950":{"start":{"line":2290,"column":8},"end":{"line":2295,"column":9}},"951":{"start":{"line":2291,"column":24},"end":{"line":2291,"column":46}},"952":{"start":{"line":2292,"column":12},"end":{"line":2294,"column":13}},"953":{"start":{"line":2293,"column":16},"end":{"line":2293,"column":35}},"954":{"start":{"line":2297,"column":8},"end":{"line":2297,"column":24}},"955":{"start":{"line":2305,"column":22},"end":{"line":2305,"column":62}},"956":{"start":{"line":2305,"column":45},"end":{"line":2305,"column":61}},"957":{"start":{"line":2306,"column":8},"end":{"line":2306,"column":44}},"958":{"start":{"line":2306,"column":37},"end":{"line":2306,"column":44}},"959":{"start":{"line":2309,"column":8},"end":{"line":2309,"column":42}},"960":{"start":{"line":2310,"column":8},"end":{"line":2310,"column":51}},"961":{"start":{"line":2311,"column":8},"end":{"line":2311,"column":29}},"962":{"start":{"line":2313,"column":8},"end":{"line":2313,"column":27}},"963":{"start":{"line":2314,"column":8},"end":{"line":2314,"column":30}},"964":{"start":{"line":2315,"column":8},"end":{"line":2315,"column":28}},"965":{"start":{"line":2316,"column":8},"end":{"line":2316,"column":55}},"966":{"start":{"line":2324,"column":22},"end":{"line":2324,"column":62}},"967":{"start":{"line":2324,"column":45},"end":{"line":2324,"column":61}},"968":{"start":{"line":2325,"column":8},"end":{"line":2325,"column":27}},"969":{"start":{"line":2325,"column":20},"end":{"line":2325,"column":27}},"970":{"start":{"line":2327,"column":8},"end":{"line":2340,"column":9}},"971":{"start":{"line":2329,"column":12},"end":{"line":2329,"column":40}},"972":{"start":{"line":2332,"column":12},"end":{"line":2332,"column":32}},"973":{"start":{"line":2333,"column":12},"end":{"line":2333,"column":46}},"974":{"start":{"line":2336,"column":12},"end":{"line":2336,"column":31}},"975":{"start":{"line":2337,"column":12},"end":{"line":2337,"column":34}},"976":{"start":{"line":2338,"column":12},"end":{"line":2338,"column":32}},"977":{"start":{"line":2339,"column":12},"end":{"line":2339,"column":65}},"978":{"start":{"line":2347,"column":25},"end":{"line":2347,"column":60}},"979":{"start":{"line":2348,"column":26},"end":{"line":2348,"column":62}},"980":{"start":{"line":2350,"column":8},"end":{"line":2350,"column":44}},"981":{"start":{"line":2350,"column":37},"end":{"line":2350,"column":44}},"982":{"start":{"line":2353,"column":8},"end":{"line":2360,"column":9}},"983":{"start":{"line":2354,"column":12},"end":{"line":2359,"column":14}},"984":{"start":{"line":2362,"column":22},"end":{"line":2362,"column":45}},"985":{"start":{"line":2363,"column":27},"end":{"line":2363,"column":39}},"986":{"start":{"line":2366,"column":8},"end":{"line":2366,"column":109}},"987":{"start":{"line":2368,"column":8},"end":{"line":2372,"column":9}},"988":{"start":{"line":2369,"column":12},"end":{"line":2369,"column":120}},"989":{"start":{"line":2370,"column":12},"end":{"line":2370,"column":77}},"990":{"start":{"line":2371,"column":12},"end":{"line":2371,"column":19}},"991":{"start":{"line":2375,"column":27},"end":{"line":2375,"column":99}},"992":{"start":{"line":2376,"column":25},"end":{"line":2376,"column":70}},"993":{"start":{"line":2377,"column":31},"end":{"line":2377,"column":64}},"994":{"start":{"line":2380,"column":8},"end":{"line":2380,"column":92}},"995":{"start":{"line":2380,"column":56},"end":{"line":2380,"column":81}},"996":{"start":{"line":2383,"column":8},"end":{"line":2383,"column":46}},"997":{"start":{"line":2390,"column":20},"end":{"line":2390,"column":62}},"998":{"start":{"line":2390,"column":49},"end":{"line":2390,"column":61}},"999":{"start":{"line":2393,"column":8},"end":{"line":2410,"column":9}},"1000":{"start":{"line":2395,"column":16},"end":{"line":2399,"column":19}},"1001":{"start":{"line":2396,"column":20},"end":{"line":2396,"column":52}},"1002":{"start":{"line":2396,"column":39},"end":{"line":2396,"column":52}},"1003":{"start":{"line":2397,"column":34},"end":{"line":2397,"column":59}},"1004":{"start":{"line":2398,"column":20},"end":{"line":2398,"column":75}},"1005":{"start":{"line":2400,"column":16},"end":{"line":2400,"column":22}},"1006":{"start":{"line":2402,"column":16},"end":{"line":2405,"column":19}},"1007":{"start":{"line":2403,"column":20},"end":{"line":2403,"column":52}},"1008":{"start":{"line":2403,"column":39},"end":{"line":2403,"column":52}},"1009":{"start":{"line":2404,"column":20},"end":{"line":2404,"column":63}},"1010":{"start":{"line":2406,"column":16},"end":{"line":2406,"column":22}},"1011":{"start":{"line":2408,"column":16},"end":{"line":2408,"column":60}},"1012":{"start":{"line":2408,"column":45},"end":{"line":2408,"column":58}},"1013":{"start":{"line":2409,"column":16},"end":{"line":2409,"column":22}},"1014":{"start":{"line":2413,"column":8},"end":{"line":2442,"column":9}},"1015":{"start":{"line":2415,"column":16},"end":{"line":2415,"column":80}},"1016":{"start":{"line":2415,"column":37},"end":{"line":2415,"column":78}},"1017":{"start":{"line":2416,"column":16},"end":{"line":2416,"column":22}},"1018":{"start":{"line":2418,"column":16},"end":{"line":2418,"column":80}},"1019":{"start":{"line":2418,"column":37},"end":{"line":2418,"column":78}},"1020":{"start":{"line":2419,"column":16},"end":{"line":2419,"column":22}},"1021":{"start":{"line":2421,"column":16},"end":{"line":2426,"column":19}},"1022":{"start":{"line":2422,"column":20},"end":{"line":2422,"column":59}},"1023":{"start":{"line":2422,"column":50},"end":{"line":2422,"column":59}},"1024":{"start":{"line":2423,"column":20},"end":{"line":2423,"column":45}},"1025":{"start":{"line":2423,"column":36},"end":{"line":2423,"column":45}},"1026":{"start":{"line":2424,"column":20},"end":{"line":2424,"column":46}},"1027":{"start":{"line":2424,"column":36},"end":{"line":2424,"column":46}},"1028":{"start":{"line":2425,"column":20},"end":{"line":2425,"column":69}},"1029":{"start":{"line":2427,"column":16},"end":{"line":2427,"column":22}},"1030":{"start":{"line":2429,"column":16},"end":{"line":2434,"column":19}},"1031":{"start":{"line":2430,"column":20},"end":{"line":2430,"column":59}},"1032":{"start":{"line":2430,"column":50},"end":{"line":2430,"column":59}},"1033":{"start":{"line":2431,"column":20},"end":{"line":2431,"column":45}},"1034":{"start":{"line":2431,"column":36},"end":{"line":2431,"column":45}},"1035":{"start":{"line":2432,"column":20},"end":{"line":2432,"column":46}},"1036":{"start":{"line":2432,"column":36},"end":{"line":2432,"column":46}},"1037":{"start":{"line":2433,"column":20},"end":{"line":2433,"column":69}},"1038":{"start":{"line":2435,"column":16},"end":{"line":2435,"column":22}},"1039":{"start":{"line":2437,"column":16},"end":{"line":2437,"column":75}},"1040":{"start":{"line":2437,"column":37},"end":{"line":2437,"column":73}},"1041":{"start":{"line":2438,"column":16},"end":{"line":2438,"column":22}},"1042":{"start":{"line":2440,"column":16},"end":{"line":2440,"column":75}},"1043":{"start":{"line":2440,"column":37},"end":{"line":2440,"column":73}},"1044":{"start":{"line":2441,"column":16},"end":{"line":2441,"column":22}},"1045":{"start":{"line":2444,"column":8},"end":{"line":2444,"column":21}},"1046":{"start":{"line":2451,"column":20},"end":{"line":2451,"column":30}},"1047":{"start":{"line":2452,"column":26},"end":{"line":2452,"column":70}},"1048":{"start":{"line":2453,"column":27},"end":{"line":2453,"column":103}},"1049":{"start":{"line":2455,"column":26},"end":{"line":2455,"column":92}},"1050":{"start":{"line":2457,"column":25},"end":{"line":2459,"column":16}},"1051":{"start":{"line":2458,"column":61},"end":{"line":2458,"column":144}},"1052":{"start":{"line":2461,"column":28},"end":{"line":2463,"column":16}},"1053":{"start":{"line":2465,"column":26},"end":{"line":2468,"column":25}},"1054":{"start":{"line":2470,"column":8},"end":{"line":2486,"column":10}},"1055":{"start":{"line":2493,"column":27},"end":{"line":2493,"column":68}},"1056":{"start":{"line":2494,"column":24},"end":{"line":2494,"column":62}},"1057":{"start":{"line":2495,"column":24},"end":{"line":2495,"column":62}},"1058":{"start":{"line":2496,"column":25},"end":{"line":2496,"column":64}},"1059":{"start":{"line":2498,"column":8},"end":{"line":2498,"column":69}},"1060":{"start":{"line":2498,"column":62},"end":{"line":2498,"column":69}},"1061":{"start":{"line":2500,"column":27},"end":{"line":2500,"column":83}},"1062":{"start":{"line":2502,"column":8},"end":{"line":2505,"column":9}},"1063":{"start":{"line":2503,"column":12},"end":{"line":2503,"column":46}},"1064":{"start":{"line":2504,"column":12},"end":{"line":2504,"column":19}},"1065":{"start":{"line":2507,"column":8},"end":{"line":2507,"column":42}},"1066":{"start":{"line":2508,"column":8},"end":{"line":2508,"column":90}},"1067":{"start":{"line":2510,"column":8},"end":{"line":2510,"column":64}},"1068":{"start":{"line":2511,"column":8},"end":{"line":2511,"column":73}},"1069":{"start":{"line":2518,"column":27},"end":{"line":2518,"column":71}},"1070":{"start":{"line":2519,"column":24},"end":{"line":2519,"column":65}},"1071":{"start":{"line":2520,"column":24},"end":{"line":2520,"column":65}},"1072":{"start":{"line":2521,"column":25},"end":{"line":2521,"column":67}},"1073":{"start":{"line":2523,"column":8},"end":{"line":2523,"column":69}},"1074":{"start":{"line":2523,"column":62},"end":{"line":2523,"column":69}},"1075":{"start":{"line":2525,"column":27},"end":{"line":2525,"column":86}},"1076":{"start":{"line":2527,"column":8},"end":{"line":2530,"column":9}},"1077":{"start":{"line":2528,"column":12},"end":{"line":2528,"column":46}},"1078":{"start":{"line":2529,"column":12},"end":{"line":2529,"column":19}},"1079":{"start":{"line":2532,"column":8},"end":{"line":2532,"column":42}},"1080":{"start":{"line":2533,"column":8},"end":{"line":2533,"column":93}},"1081":{"start":{"line":2535,"column":8},"end":{"line":2535,"column":67}},"1082":{"start":{"line":2536,"column":8},"end":{"line":2536,"column":76}},"1083":{"start":{"line":2543,"column":8},"end":{"line":2546,"column":9}},"1084":{"start":{"line":2544,"column":12},"end":{"line":2544,"column":49}},"1085":{"start":{"line":2545,"column":12},"end":{"line":2545,"column":34}},"1086":{"start":{"line":2553,"column":27},"end":{"line":2553,"column":95}},"1087":{"start":{"line":2554,"column":8},"end":{"line":2557,"column":9}},"1088":{"start":{"line":2555,"column":12},"end":{"line":2555,"column":49}},"1089":{"start":{"line":2556,"column":12},"end":{"line":2556,"column":34}},"1090":{"start":{"line":2564,"column":29},"end":{"line":2564,"column":66}},"1091":{"start":{"line":2565,"column":8},"end":{"line":2569,"column":9}},"1092":{"start":{"line":2566,"column":12},"end":{"line":2566,"column":60}},"1093":{"start":{"line":2567,"column":12},"end":{"line":2567,"column":48}},"1094":{"start":{"line":2568,"column":12},"end":{"line":2568,"column":32}},"1095":{"start":{"line":2576,"column":27},"end":{"line":2576,"column":62}},"1096":{"start":{"line":2577,"colu
[...]
"end":{}}],"line":422},"43":{"loc":{"start":{"line":422,"column":12},"end":{"line":422,"column":26}},"type":"binary-expr","locations":[{"start":{"line":422,"column":12},"end":{"line":422,"column":17}},{"start":{"line":422,"column":21},"end":{"line":422,"column":26}}],"line":422},"44":{"loc":{"start":{"line":428,"column":12},"end":{"line":428,"column":76}},"type":"if","locations":[{"start":{"line":428,"column":12},"end":{"line":428,"column":76}},{"start":{},"end":{}}],"line":428},"45":{"loc":{"start":{"line":428,"column":16},"end":{"line":428,"column":57}},"type":"binary-expr","locations":[{"start":{"line":428,"column":16},"end":{"line":428,"column":32}},{"start":{"line":428,"column":36},"end":{"line":428,"column":57}}],"line":428},"46":{"loc":{"start":{"line":439,"column":8},"end":{"line":439,"column":64}},"type":"if","locations":[{"start":{"line":439,"column":8},"end":{"line":439,"column":64}},{"start":{},"end":{}}],"line":439},"47":{"loc":{"start":{"line":439,"column":12},"end":{"line":439,"column":49}},"type":"binary-expr","locations":[{"start":{"line":439,"column":12},"end":{"line":439,"column":26}},{"start":{"line":439,"column":30},"end":{"line":439,"column":49}}],"line":439},"48":{"loc":{"start":{"line":440,"column":8},"end":{"line":440,"column":53}},"type":"if","locations":[{"start":{"line":440,"column":8},"end":{"line":440,"column":53}},{"start":{},"end":{}}],"line":440},"49":{"loc":{"start":{"line":441,"column":8},"end":{"line":441,"column":58}},"type":"if","locations":[{"start":{"line":441,"column":8},"end":{"line":441,"column":58}},{"start":{},"end":{}}],"line":441},"50":{"loc":{"start":{"line":442,"column":8},"end":{"line":442,"column":63}},"type":"if","locations":[{"start":{"line":442,"column":8},"end":{"line":442,"column":63}},{"start":{},"end":{}}],"line":442},"51":{"loc":{"start":{"line":443,"column":8},"end":{"line":443,"column":58}},"type":"if","locations":[{"start":{"line":443,"column":8},"end":{"line":443,"column":58}},{"start":{},"end":{}}],"line":443},"52":{"loc":{"start":{"line":444,"column":8},"end":{"line":444,"column":76}},"type":"if","locations":[{"start":{"line":444,"column":8},"end":{"line":444,"column":76}},{"start":{},"end":{}}],"line":444},"53":{"loc":{"start":{"line":453,"column":8},"end":{"line":453,"column":33}},"type":"if","locations":[{"start":{"line":453,"column":8},"end":{"line":453,"column":33}},{"start":{},"end":{}}],"line":453},"54":{"loc":{"start":{"line":457,"column":8},"end":{"line":460,"column":9}},"type":"if","locations":[{"start":{"line":457,"column":8},"end":{"line":460,"column":9}},{"start":{},"end":{}}],"line":457},"55":{"loc":{"start":{"line":463,"column":19},"end":{"line":465,"column":55}},"type":"cond-expr","locations":[{"start":{"line":464,"column":18},"end":{"line":464,"column":60}},{"start":{"line":465,"column":18},"end":{"line":465,"column":55}}],"line":463},"56":{"loc":{"start":{"line":475,"column":8},"end":{"line":475,"column":57}},"type":"if","locations":[{"start":{"line":475,"column":8},"end":{"line":475,"column":57}},{"start":{},"end":{}}],"line":475},"57":{"loc":{"start":{"line":492,"column":8},"end":{"line":492,"column":53}},"type":"if","locations":[{"start":{"line":492,"column":8},"end":{"line":492,"column":53}},{"start":{},"end":{}}],"line":492},"58":{"loc":{"start":{"line":492,"column":12},"end":{"line":492,"column":41}},"type":"binary-expr","locations":[{"start":{"line":492,"column":12},"end":{"line":492,"column":26}},{"start":{"line":492,"column":30},"end":{"line":492,"column":41}}],"line":492},"59":{"loc":{"start":{"line":496,"column":8},"end":{"line":496,"column":38}},"type":"if","locations":[{"start":{"line":496,"column":8},"end":{"line":496,"column":38}},{"start":{},"end":{}}],"line":496},"60":{"loc":{"start":{"line":497,"column":8},"end":{"line":497,"column":37}},"type":"if","locations":[{"start":{"line":497,"column":8},"end":{"line":497,"column":37}},{"start":{},"end":{}}],"line":497},"61":{"loc":{"start":{"line":502,"column":8},"end":{"line":502,"column":59}},"type":"if","locations":[{"start":{"line":502,"column":8},"end":{"line":502,"column":59}},{"start":{},"end":{}}],"line":502},"62":{"loc":{"start":{"line":502,"column":12},"end":{"line":502,"column":47}},"type":"binary-expr","locations":[{"start":{"line":502,"column":12},"end":{"line":502,"column":25}},{"start":{"line":502,"column":29},"end":{"line":502,"column":47}}],"line":502},"63":{"loc":{"start":{"line":509,"column":8},"end":{"line":509,"column":59}},"type":"if","locations":[{"start":{"line":509,"column":8},"end":{"line":509,"column":59}},{"start":{},"end":{}}],"line":509},"64":{"loc":{"start":{"line":509,"column":12},"end":{"line":509,"column":47}},"type":"binary-expr","locations":[{"start":{"line":509,"column":12},"end":{"line":509,"column":25}},{"start":{"line":509,"column":29},"end":{"line":509,"column":47}}],"line":509},"65":{"loc":{"start":{"line":511,"column":8},"end":{"line":513,"column":9}},"type":"if","locations":[{"start":{"line":511,"column":8},"end":{"line":513,"column":9}},{"start":{},"end":{}}],"line":511},"66":{"loc":{"start":{"line":511,"column":12},"end":{"line":511,"column":72}},"type":"binary-expr","locations":[{"start":{"line":511,"column":12},"end":{"line":511,"column":29}},{"start":{"line":511,"column":33},"end":{"line":511,"column":50}},{"start":{"line":511,"column":54},"end":{"line":511,"column":72}}],"line":511}},"s":{"0":0,"1":0,"2":0,"3":0,"4":0,"5":0,"6":0,"7":0,"8":0,"9":0,"10":0,"11":0,"12":0,"13":0,"14":0,"15":0,"16":0,"17":0,"18":0,"19":0,"20":0,"21":0,"22":0,"23":0,"24":0,"25":0,"26":0,"27":0,"28":0,"29":0,"30":0,"31":0,"32":0,"33":0,"34":0,"35":0,"36":0,"37":0,"38":0,"39":0,"40":0,"41":0,"42":0,"43":0,"44":0,"45":0,"46":0,"47":0,"48":0,"49":0,"50":0,"51":0,"52":0,"53":0,"54":0,"55":0,"56":0,"57":0,"58":0,"59":0,"60":0,"61":0,"62":0,"63":0,"64":0,"65":0,"66":0,"67":0,"68":0,"69":0,"70":0,"71":0,"72":0,"73":0,"74":0,"75":0,"76":0,"77":0,"78":0,"79":0,"80":0,"81":0,"82":0,"83":0,"84":0,"85":0,"86":0,"87":0,"88":0,"89":0,"90":0,"91":0,"92":0,"93":0,"94":0,"95":0,"96":0,"97":0,"98":0,"99":0,"100":0,"101":0,"102":0,"103":0,"104":0,"105":0,"106":0,"107":0,"108":0,"109":0,"110":0,"111":0,"112":0,"113":0,"114":0,"115":0,"116":0,"117":0,"118":0,"119":0,"120":0,"121":0,"122":0,"123":0,"124":0,"125":0,"126":0,"127":0,"128":0,"129":0,"130":0,"131":0,"132":0,"133":0,"134":0,"135":0,"136":0,"137":0,"138":0,"139":0,"140":0,"141":0,"142":0,"143":0,"144":0,"145":0,"146":0,"147":0,"148":0,"149":0,"150":0,"151":0,"152":0,"153":0,"154":0,"155":0,"156":0,"157":0,"158":0,"159":0,"160":0,"161":0,"162":0,"163":0,"164":0,"165":0,"166":0,"167":0,"168":0,"169":0,"170":0,"171":0,"172":0,"173":0,"174":0,"175":0,"176":0,"177":0,"178":0,"179":0,"180":0,"181":0,"182":0,"183":0,"184":0,"185":0,"186":0,"187":0,"188":0,"189":0,"190":0,"191":0,"192":0,"193":0,"194":0,"195":0,"196":0,"197":0,"198":0,"199":0,"200":0,"201":0,"202":0,"203":0,"204":0,"205":0,"206":0,"207":0,"208":0,"209":0,"210":0,"211":0,"212":0,"213":0,"214":0,"215":0,"216":0,"217":0,"218":0,"219":0,"220":0,"221":0,"222":0,"223":0,"224":0,"225":0,"226":0,"227":0,"228":0,"229":0,"230":0,"231":0,"232":0,"233":0,"234":0,"235":0,"236":0,"237":0,"238":0,"239":0,"240":0,"241":0,"242":0,"243":0,"244":0,"245":0,"246":0,"247":0,"248":0,"249":0,"250":0,"251":0,"252":0,"253":0,"254":0},"f":{"0":0,"1":0,"2":0,"3":0,"4":0,"5":0,"6":0,"7":0,"8":0,"9":0,"10":0,"11":0,"12":0,"13":0,"14":0,"15":0,"16":0,"17":0,"18":0,"19":0,"20":0,"21":0,"22":0,"23":0,"24":0,"25":0,"26":0,"27":0,"28":0,"29":0,"30":0,"31":0,"32":0,"33":0},"b":{"0":[0],"1":[0,0],"2":[0,0],"3":[0,0],"4":[0,0],"5":[0,0],"6":[0,0],"7":[0,0],"8":[0,0],"9":[0,0],"10":[0,0],"11":[0,0],"12":[0,0],"13":[0,0],"14":[0,0],"15":[0,0],"16":[0,0],"17":[0,0,0,0,0,0,0,0],"18":[0,0],"19":[0,0],"20":[0,0],"21":[0,0],"22":[0,0],"23":[0,0],"24":[0,0],"25":[0,0],"26":[0,0],"27":[0,0],"28":[0,0],"29":[0,0],"30":[0,0],"31":[0,0],"32":[0,0],"33":[0,0],"34":[0],"35":[0],"36":[0,0,0,0,0],"37":[0,0],"38":[0,0],"39":[0,0],"40":[0,0],"41":[0,0],"42":[0,0],"43":[0,0],"44":[0,0],"45":[0,0],"46":[0,0],"47":[0,0],"48":[0,0],"49":[0,0],"50":[0,0],"51":[0,0],"52":[0,0],"53":[0,0],"54":[0,0],"55":[0,0],"56":[0,0],"57":[0,0],"58":[0,0],"59":[0,0],"60":[0,0],"61":[0,0],"62":[0,0],"63":[0,0],"64":[0,0],"65":[0,0],"66":[0,0,0]},"inputSourceMap":null}
,"/Users/chris/toolbox/webapps/activity-tracker/src/scripts/utils.js": {"path":"/Users/chris/toolbox/webapps/activity-tracker/src/scripts/utils.js","statementMap":{"0":{"start":{"line":11,"column":17},"end":{"line":11,"column":36}},"1":{"start":{"line":12,"column":4},"end":{"line":19,"column":7}},"2":{"start":{"line":28,"column":4},"end":{"line":33,"column":7}},"3":{"start":{"line":42,"column":17},"end":{"line":42,"column":36}},"4":{"start":{"line":43,"column":4},"end":{"line":46,"column":7}},"5":{"start":{"line":55,"column":16},"end":{"line":55,"column":45}},"6":{"start":{"line":56,"column":4},"end":{"line":56,"column":27}},"7":{"start":{"line":57,"column":4},"end":{"line":57,"column":25}},"8":{"start":{"line":66,"column":25},"end":{"line":66,"column":54}},"9":{"start":{"line":67,"column":4},"end":{"line":79,"column":6}},"10":{"start":{"line":82,"column":18},"end":{"line":82,"column":49}},"11":{"start":{"line":83,"column":4},"end":{"line":104,"column":6}},"12":{"start":{"line":105,"column":4},"end":{"line":105,"column":37}},"13":{"start":{"line":107,"column":4},"end":{"line":107,"column":39}},"14":{"start":{"line":108,"column":4},"end":{"line":108,"column":44}},"15":{"start":{"line":111,"column":4},"end":{"line":118,"column":17}},"16":{"start":{"line":112,"column":8},"end":{"line":112,"column":63}},"17":{"start":{"line":113,"column":8},"end":{"line":117,"column":16}},"18":{"start":{"line":114,"column":12},"end":{"line":116,"column":13}},"19":{"start":{"line":115,"column":16},"end":{"line":115,"column":38}},"20":{"start":{"line":128,"column":17},"end":{"line":128,"column":56}},"21":{"start":{"line":129,"column":16},"end":{"line":129,"column":41}},"22":{"start":{"line":130,"column":14},"end":{"line":130,"column":41}},"23":{"start":{"line":131,"column":4},"end":{"line":131,"column":17}},"24":{"start":{"line":132,"column":4},"end":{"line":132,"column":26}},"25":{"start":{"line":133,"column":4},"end":{"line":133,"column":33}},"26":{"start":{"line":134,"column":4},"end":{"line":134,"column":14}},"27":{"start":{"line":135,"column":4},"end":{"line":135,"column":33}},"28":{"start":{"line":136,"column":4},"end":{"line":136,"column":29}},"29":{"start":{"line":144,"column":16},"end":{"line":144,"column":26}},"30":{"start":{"line":145,"column":4},"end":{"line":145,"column":63}},"31":{"start":{"line":146,"column":4},"end":{"line":146,"column":42}},"32":{"start":{"line":155,"column":4},"end":{"line":155,"column":24}},"33":{"start":{"line":155,"column":14},"end":{"line":155,"column":24}},"34":{"start":{"line":156,"column":4},"end":{"line":158,"column":5}},"35":{"start":{"line":157,"column":8},"end":{"line":157,"column":46}},"36":{"start":{"line":159,"column":4},"end":{"line":159,"column":15}},"37":{"start":{"line":167,"column":4},"end":{"line":167,"column":75}},"38":{"start":{"line":176,"column":17},"end":{"line":176,"column":37}},"39":{"start":{"line":177,"column":4},"end":{"line":177,"column":48}},"40":{"start":{"line":186,"column":19},"end":{"line":186,"column":33}},"41":{"start":{"line":187,"column":22},"end":{"line":187,"column":35}},"42":{"start":{"line":188,"column":25},"end":{"line":188,"column":61}},"43":{"start":{"line":189,"column":4},"end":{"line":189,"column":50}},"44":{"start":{"line":190,"column":4},"end":{"line":190,"column":32}},"45":{"start":{"line":191,"column":4},"end":{"line":191,"column":18}},"46":{"start":{"line":200,"column":19},"end":{"line":200,"column":47}},"47":{"start":{"line":201,"column":4},"end":{"line":201,"column":41}},"48":{"start":{"line":202,"column":4},"end":{"line":202,"column":37}},"49":{"start":{"line":203,"column":4},"end":{"line":203,"column":18}},"50":{"start":{"line":212,"column":4},"end":{"line":212,"column":60}},"51":{"start":{"line":212,"column":49},"end":{"line":212,"column":60}},"52":{"start":{"line":213,"column":4},"end":{"line":213,"column":60}},"53":{"start":{"line":213,"column":29},"end":{"line":213,"column":60}},"54":{"start":{"line":214,"column":4},"end":{"line":214,"column":70}},"55":{"start":{"line":214,"column":30},"end":{"line":214,"column":70}},"56":{"start":{"line":214,"column":53},"end":{"line":214,"column":68}},"57":{"start":{"line":215,"column":4},"end":{"line":221,"column":5}},"58":{"start":{"line":216,"column":23},"end":{"line":216,"column":25}},"59":{"start":{"line":217,"column":8},"end":{"line":219,"column":11}},"60":{"start":{"line":218,"column":12},"end":{"line":218,"column":46}},"61":{"start":{"line":220,"column":8},"end":{"line":220,"column":22}}},"fnMap":{"0":{"name":"formatDateTime","decl":{"start":{"line":10,"column":9},"end":{"line":10,"column":23}},"loc":{"start":{"line":10,"column":35},"end":{"line":20,"column":1}},"line":10},"1":{"name":"formatDate","decl":{"start":{"line":27,"column":9},"end":{"line":27,"column":19}},"loc":{"start":{"line":27,"column":26},"end":{"line":34,"column":1}},"line":27},"2":{"name":"formatTime","decl":{"start":{"line":41,"column":9},"end":{"line":41,"column":19}},"loc":{"start":{"line":41,"column":31},"end":{"line":47,"column":1}},"line":41},"3":{"name":"escapeHtml","decl":{"start":{"line":54,"column":9},"end":{"line":54,"column":19}},"loc":{"start":{"line":54,"column":26},"end":{"line":58,"column":1}},"line":54},"4":{"name":"showNotification","decl":{"start":{"line":65,"column":9},"end":{"line":65,"column":25}},"loc":{"start":{"line":65,"column":67},"end":{"line":119,"column":1}},"line":65},"5":{"name":"(anonymous_5)","decl":{"start":{"line":111,"column":15},"end":{"line":111,"column":16}},"loc":{"start":{"line":111,"column":21},"end":{"line":118,"column":5}},"line":111},"6":{"name":"(anonymous_6)","decl":{"start":{"line":113,"column":19},"end":{"line":113,"column":20}},"loc":{"start":{"line":113,"column":25},"end":{"line":117,"column":9}},"line":113},"7":{"name":"downloadFile","decl":{"start":{"line":127,"column":9},"end":{"line":127,"column":21}},"loc":{"start":{"line":127,"column":51},"end":{"line":137,"column":1}},"line":127},"8":{"name":"getCurrentTimeForInput","decl":{"start":{"line":143,"column":9},"end":{"line":143,"column":31}},"loc":{"start":{"line":143,"column":34},"end":{"line":147,"column":1}},"line":143},"9":{"name":"escapeCsv","decl":{"start":{"line":154,"column":9},"end":{"line":154,"column":18}},"loc":{"start":{"line":154,"column":24},"end":{"line":160,"column":1}},"line":154},"10":{"name":"generateId","decl":{"start":{"line":166,"column":9},"end":{"line":166,"column":19}},"loc":{"start":{"line":166,"column":22},"end":{"line":168,"column":1}},"line":166},"11":{"name":"isValidDate","decl":{"start":{"line":175,"column":9},"end":{"line":175,"column":20}},"loc":{"start":{"line":175,"column":33},"end":{"line":178,"column":1}},"line":175},"12":{"name":"getWeekStart","decl":{"start":{"line":185,"column":9},"end":{"line":185,"column":21}},"loc":{"start":{"line":185,"column":28},"end":{"line":192,"column":1}},"line":185},"13":{"name":"getWeekEnd","decl":{"start":{"line":199,"column":9},"end":{"line":199,"column":19}},"loc":{"start":{"line":199,"column":26},"end":{"line":204,"column":1}},"line":199},"14":{"name":"deepClone","decl":{"start":{"line":211,"column":9},"end":{"line":211,"column":18}},"loc":{"start":{"line":211,"column":24},"end":{"line":222,"column":1}},"line":211},"15":{"name":"(anonymous_15)","decl":{"start":{"line":214,"column":45},"end":{"line":214,"column":46}},"loc":{"start":{"line":214,"column":53},"end":{"line":214,"column":68}},"line":214},"16":{"name":"(anonymous_16)","decl":{"start":{"line":217,"column":33},"end":{"line":217,"column":34}},"loc":{"start":{"line":217,"column":40},"end":{"line":219,"column":9}},"line":217}},"branchMap":{"0":{"loc":{"start":{"line":65,"column":35},"end":{"line":65,"column":48}},"type":"default-arg","locations":[{"start":{"line":65,"column":42},"end":{"line":65,"column":48}}],"line":65},"1":{"loc":{"start":{"line":65,"column":50},"end":{"line":65,"column":65}},"type":"default-arg","locations":[{"start":{"line":65,"column":61},"end":{"line":65,"column":65}}],"line":65},"2":{"loc":{"start":{"line":76,"column":22},"end":{"line":76,"column":95}},"type":"cond-expr","locations":[{"start":{"line":76,"column":43},"end":{"line":76,"column":52}},{"start":{"line":76,"column":55},"end":{"line":76,"column":95}}],"line":76},"3":{"loc":{"start":{"line":76,"column":55},"end":{"line":76,"column":95}},"type":"cond-expr","locations":[{"start":{"line":76,"column":74},"end":{"line":76,"column":83}},{"start":{"line":76,"column":86},"end":{"line":76,"column":95}}],"line":76},"4":{"loc":{"start":{"line":114,"column":12},"end":{"line":116,"column":13}},"type":"if","locations":[{"start":{"line":114,"column":12},"end":{"line":116,"column":13}},{"start":{},"end":{}}],"line":114},"5":{"loc":{"start":{"line":155,"column":4},"end":{"line":155,"column":24}},"type":"if","locations":[{"start":{"line":155,"column":4},"end":{"line":155,"column":24}},{"start":{},"end":{}}],"line":155},"6":{"loc":{"start":{"line":156,"column":4},"end":{"line":158,"column":5}},"type":"if","locations":[{"start":{"line":156,"column":4},"end":{"line":158,"column":5}},{"start":{},"end":{}}],"line":156},"7":{"loc":{"start":{"line":156,"column":8},"end":{"line":156,"column":68}},"type":"binary-expr","locations":[{"start":{"line":156,"column":8},"end":{"line":156,"column":25}},{"start":{"line":156,"column":29},"end":{"line":156,"column":46}},{"start":{"line":156,"column":50},"end":{"line":156,"column":68}}],"line":156},"8":{"loc":{"start":{"line":177,"column":11},"end":{"line":177,"column":47}},"type":"binary-expr","locations":[{"start":{"line":177,"column":11},"end":{"line":177,"column":31}},{"start":{"line":177,"column":35},"end":{"line":177,"column":47}}],"line":177},"9":{"loc":{"start":{"line":188,"column":25},"end":{"line":188,"column":61}},"type":"cond-expr","locations":[{"start":{"line":188,"column":43},"end":{"line":188,"column":45}},{"start":{"line":188,"column":48},"end":{"line":188,"column":61}}],"line":188},"10":{"loc":{"start":{"line":212,"column":4},"end":{"line":212,"column":60}},"type":"if","locations":[{"start":{"line":212,"column":4},"end":{"line":212,"column":60}},{"start":{},"end":{}}],"line":212},"11":{"loc":{"start":{"line":212,"column":8},"end":{"line":212,"column":47}},"type":"binary-expr","locations":[{"start":{"line":212,"column":8},"end":{"line":212,"column":20}},{"start":{"line":212,"column":24},"end":{"line":212,"column":47}}],"line":212},"12":{"loc":{"start":{"line":213,"column":4},"end":{"line":213,"column":60}},"type":"if","locations":[{"start":{"line":213,"column":4},"end":{"line":213,"column":60}},{"start":{},"end":{}}],"line":213},"13":{"loc":{"start":{"line":214,"column":4},"end":{"line":214,"column":70}},"type":"if","locations":[{"start":{"line":214,"column":4},"end":{"line":214,"column":70}},{"start":{},"end":{}}],"line":214},"14":{"loc":{"start":{"line":215,"column":4},"end":{"line":221,"column":5}},"type":"if","locations":[{"start":{"line":215,"column":4},"end":{"line":221,"column":5}},{"start":{},"end":{}}],"line":215}},"s":{"0":0,"1":0,"2":0,"3":0,"4":0,"5":0,"6":0,"7":0,"8":0,"9":0,"10":0,"11":0,"12":0,"13":0,"14":0,"15":0,"16":0,"17":0,"18":0,"19":0,"20":0,"21":0,"22":0,"23":0,"24":0,"25":0,"26":0,"27":0,"28":0,"29":0,"30":0,"31":0,"32":0,"33":0,"34":0,"35":0,"36":0,"37":0,"38":0,"39":0,"40":0,"41":0,"42":0,"43":0,"44":0,"45":0,"46":0,"47":0,"48":0,"49":0,"50":0,"51":0,"52":0,"53":0,"54":0,"55":0,"56":0,"57":0,"58":0,"59":0,"60":0,"61":0},"f":{"0":0,"1":0,"2":0,"3":0,"4":0,"5":0,"6":0,"7":0,"8":0,"9":0,"10":0,"11":0,"12":0,"13":0,"14":0,"15":0,"16":0},"b":{"0":[0],"1":[0],"2":[0,0],"3":[0,0],"4":[0,0],"5":[0,0],"6":[0,0],"7":[0,0,0],"8":[0,0],"9":[0,0],"10":[0,0],"11":[0,0],"12":[0,0],"13":[0,0],"14":[0,0]},"inputSourceMap":null}
}
