TN:
SF:src/scripts/ActivityTracker.js
FN:6,(anonymous_0)
FN:12,(anonymous_1)
FN:14,(anonymous_2)
FN:80,(anonymous_3)
FN:119,(anonymous_4)
FN:122,(anonymous_5)
FN:138,(anonymous_6)
FN:160,(anonymous_7)
FN:165,(anonymous_8)
FN:176,(anonymous_9)
FN:183,(anonymous_10)
FN:203,(anonymous_11)
FN:218,(anonymous_12)
FN:229,(anonymous_13)
FN:240,(anonymous_14)
FN:241,(anonymous_15)
FN:246,(anonymous_16)
FN:258,(anonymous_17)
FN:289,(anonymous_18)
FN:298,(anonymous_19)
FN:308,(anonymous_20)
FN:324,(anonymous_21)
FN:360,(anonymous_22)
FN:371,(anonymous_23)
FN:378,(anonymous_24)
FN:385,(anonymous_25)
FN:394,(anonymous_26)
FN:405,(anonymous_27)
FN:450,(anonymous_28)
FN:459,(anonymous_29)
FN:487,(anonymous_30)
FN:488,(anonymous_31)
FN:496,(anonymous_32)
FN:517,(anonymous_33)
FN:518,(anonymous_34)
FN:525,(anonymous_35)
FN:536,(anonymous_36)
FN:557,(anonymous_37)
FN:567,(anonymous_38)
FN:587,(anonymous_39)
FN:588,(anonymous_40)
FN:601,(anonymous_41)
FN:602,(anonymous_42)
FN:623,(anonymous_43)
FN:644,(anonymous_44)
FN:651,(anonymous_45)
FN:675,(anonymous_46)
FN:686,(anonymous_47)
FN:722,(anonymous_48)
FN:737,(anonymous_49)
FN:744,(anonymous_50)
FN:802,(anonymous_51)
FN:836,(anonymous_52)
FN:851,(anonymous_53)
FN:861,(anonymous_54)
FN:869,(anonymous_55)
FN:880,(anonymous_56)
FN:907,(anonymous_57)
FN:920,(anonymous_58)
FN:950,(anonymous_59)
FN:959,(anonymous_60)
FN:975,(anonymous_61)
FN:1012,(anonymous_62)
FN:1021,(anonymous_63)
FN:1038,(anonymous_64)
FN:1078,(anonymous_65)
FN:1087,(anonymous_66)
FN:1140,(anonymous_67)
FN:1152,(anonymous_68)
FN:1171,(anonymous_69)
FN:1180,(anonymous_70)
FN:1188,(anonymous_71)
FN:1237,(anonymous_72)
FN:1273,(anonymous_73)
FN:1280,(anonymous_74)
FN:1303,(anonymous_75)
FN:1367,(anonymous_76)
FN:1392,(anonymous_77)
FN:1393,(anonymous_78)
FN:1395,(anonymous_79)
FN:1423,(anonymous_80)
FN:1432,(anonymous_81)
FN:1444,(anonymous_82)
FN:1461,(anonymous_83)
FN:1520,(anonymous_84)
FN:1544,(anonymous_85)
FN:1554,(anonymous_86)
FN:1567,(anonymous_87)
FN:1594,(anonymous_88)
FN:1606,(anonymous_89)
FN:1615,(anonymous_90)
FN:1631,(anonymous_91)
FN:1662,(anonymous_92)
FN:1680,(anonymous_93)
FN:1714,(anonymous_94)
FN:1721,(anonymous_95)
FN:1740,(anonymous_96)
FN:1758,(anonymous_97)
FN:1767,(anonymous_98)
FN:1774,(anonymous_99)
FN:1789,(anonymous_100)
FN:1807,(anonymous_101)
FN:1827,(anonymous_102)
FN:1830,(anonymous_103)
FN:1840,(anonymous_104)
FN:1852,(anonymous_105)
FN:1871,(anonymous_106)
FN:1912,(anonymous_107)
FN:1947,(anonymous_108)
FN:1973,(anonymous_109)
FN:1992,(anonymous_110)
FN:2044,(anonymous_111)
FN:2059,(anonymous_112)
FN:2064,(anonymous_113)
FN:2069,(anonymous_114)
FN:2078,(anonymous_115)
FN:2152,(anonymous_116)
FN:2161,(anonymous_117)
FN:2173,(anonymous_118)
FN:2185,(anonymous_119)
FN:2203,(anonymous_120)
FN:2213,(anonymous_121)
FN:2244,(anonymous_122)
FN:2254,(anonymous_123)
FN:2283,(anonymous_124)
FN:2304,(anonymous_125)
FN:2305,(anonymous_126)
FN:2323,(anonymous_127)
FN:2324,(anonymous_128)
FN:2346,(anonymous_129)
FN:2380,(anonymous_130)
FN:2389,(anonymous_131)
FN:2390,(anonymous_132)
FN:2395,(anonymous_133)
FN:2402,(anonymous_134)
FN:2408,(anonymous_135)
FN:2415,(anonymous_136)
FN:2418,(anonymous_137)
FN:2421,(anonymous_138)
FN:2429,(anonymous_139)
FN:2437,(anonymous_140)
FN:2440,(anonymous_141)
FN:2450,(anonymous_142)
FN:2458,(anonymous_143)
FN:2492,(anonymous_144)
FN:2517,(anonymous_145)
FN:2542,(anonymous_146)
FN:2552,(anonymous_147)
FN:2563,(anonymous_148)
FN:2575,(anonymous_149)
FN:2587,(anonymous_150)
FN:2597,(anonymous_151)
FN:2610,(anonymous_152)
FN:2632,(anonymous_153)
FN:2642,(anonymous_154)
FN:2648,(anonymous_155)
FN:2676,(anonymous_156)
FN:2686,(anonymous_157)
FN:2696,(anonymous_158)
FN:2700,(anonymous_159)
FN:2709,(anonymous_160)
FN:2716,(anonymous_161)
FN:2730,(anonymous_162)
FN:2738,(anonymous_163)
FN:2745,(anonymous_164)
FN:2747,(anonymous_165)
FN:2769,(anonymous_166)
FN:2780,(anonymous_167)
FN:2782,(anonymous_168)
FN:2794,(anonymous_169)
FN:2806,(anonymous_170)
FN:2831,(anonymous_171)
FN:2849,(anonymous_172)
FN:2858,(anonymous_173)
FN:2870,(anonymous_174)
FN:2905,(anonymous_175)
FN:2930,(anonymous_176)
FN:2942,(anonymous_177)
FN:2954,(anonymous_178)
FN:2966,(anonymous_179)
FN:2982,(anonymous_180)
FN:2991,(anonymous_181)
FN:2994,(anonymous_182)
FN:2996,(anonymous_183)
FNF:184
FNH:0
FNDA:0,(anonymous_0)
FNDA:0,(anonymous_1)
FNDA:0,(anonymous_2)
FNDA:0,(anonymous_3)
FNDA:0,(anonymous_4)
FNDA:0,(anonymous_5)
FNDA:0,(anonymous_6)
FNDA:0,(anonymous_7)
FNDA:0,(anonymous_8)
FNDA:0,(anonymous_9)
FNDA:0,(anonymous_10)
FNDA:0,(anonymous_11)
FNDA:0,(anonymous_12)
FNDA:0,(anonymous_13)
FNDA:0,(anonymous_14)
FNDA:0,(anonymous_15)
FNDA:0,(anonymous_16)
FNDA:0,(anonymous_17)
FNDA:0,(anonymous_18)
FNDA:0,(anonymous_19)
FNDA:0,(anonymous_20)
FNDA:0,(anonymous_21)
FNDA:0,(anonymous_22)
FNDA:0,(anonymous_23)
FNDA:0,(anonymous_24)
FNDA:0,(anonymous_25)
FNDA:0,(anonymous_26)
FNDA:0,(anonymous_27)
FNDA:0,(anonymous_28)
FNDA:0,(anonymous_29)
FNDA:0,(anonymous_30)
FNDA:0,(anonymous_31)
FNDA:0,(anonymous_32)
FNDA:0,(anonymous_33)
FNDA:0,(anonymous_34)
FNDA:0,(anonymous_35)
FNDA:0,(anonymous_36)
FNDA:0,(anonymous_37)
FNDA:0,(anonymous_38)
FNDA:0,(anonymous_39)
FNDA:0,(anonymous_40)
FNDA:0,(anonymous_41)
FNDA:0,(anonymous_42)
FNDA:0,(anonymous_43)
FNDA:0,(anonymous_44)
FNDA:0,(anonymous_45)
FNDA:0,(anonymous_46)
FNDA:0,(anonymous_47)
FNDA:0,(anonymous_48)
FNDA:0,(anonymous_49)
FNDA:0,(anonymous_50)
FNDA:0,(anonymous_51)
FNDA:0,(anonymous_52)
FNDA:0,(anonymous_53)
FNDA:0,(anonymous_54)
FNDA:0,(anonymous_55)
FNDA:0,(anonymous_56)
FNDA:0,(anonymous_57)
FNDA:0,(anonymous_58)
FNDA:0,(anonymous_59)
FNDA:0,(anonymous_60)
FNDA:0,(anonymous_61)
FNDA:0,(anonymous_62)
FNDA:0,(anonymous_63)
FNDA:0,(anonymous_64)
FNDA:0,(anonymous_65)
FNDA:0,(anonymous_66)
FNDA:0,(anonymous_67)
FNDA:0,(anonymous_68)
FNDA:0,(anonymous_69)
FNDA:0,(anonymous_70)
FNDA:0,(anonymous_71)
FNDA:0,(anonymous_72)
FNDA:0,(anonymous_73)
FNDA:0,(anonymous_74)
FNDA:0,(anonymous_75)
FNDA:0,(anonymous_76)
FNDA:0,(anonymous_77)
FNDA:0,(anonymous_78)
FNDA:0,(anonymous_79)
FNDA:0,(anonymous_80)
FNDA:0,(anonymous_81)
FNDA:0,(anonymous_82)
FNDA:0,(anonymous_83)
FNDA:0,(anonymous_84)
FNDA:0,(anonymous_85)
FNDA:0,(anonymous_86)
FNDA:0,(anonymous_87)
FNDA:0,(anonymous_88)
FNDA:0,(anonymous_89)
FNDA:0,(anonymous_90)
FNDA:0,(anonymous_91)
FNDA:0,(anonymous_92)
FNDA:0,(anonymous_93)
FNDA:0,(anonymous_94)
FNDA:0,(anonymous_95)
FNDA:0,(anonymous_96)
FNDA:0,(anonymous_97)
FNDA:0,(anonymous_98)
FNDA:0,(anonymous_99)
FNDA:0,(anonymous_100)
FNDA:0,(anonymous_101)
FNDA:0,(anonymous_102)
FNDA:0,(anonymous_103)
FNDA:0,(anonymous_104)
FNDA:0,(anonymous_105)
FNDA:0,(anonymous_106)
FNDA:0,(anonymous_107)
FNDA:0,(anonymous_108)
FNDA:0,(anonymous_109)
FNDA:0,(anonymous_110)
FNDA:0,(anonymous_111)
FNDA:0,(anonymous_112)
FNDA:0,(anonymous_113)
FNDA:0,(anonymous_114)
FNDA:0,(anonymous_115)
FNDA:0,(anonymous_116)
FNDA:0,(anonymous_117)
FNDA:0,(anonymous_118)
FNDA:0,(anonymous_119)
FNDA:0,(anonymous_120)
FNDA:0,(anonymous_121)
FNDA:0,(anonymous_122)
FNDA:0,(anonymous_123)
FNDA:0,(anonymous_124)
FNDA:0,(anonymous_125)
FNDA:0,(anonymous_126)
FNDA:0,(anonymous_127)
FNDA:0,(anonymous_128)
FNDA:0,(anonymous_129)
FNDA:0,(anonymous_130)
FNDA:0,(anonymous_131)
FNDA:0,(anonymous_132)
FNDA:0,(anonymous_133)
FNDA:0,(anonymous_134)
FNDA:0,(anonymous_135)
FNDA:0,(anonymous_136)
FNDA:0,(anonymous_137)
FNDA:0,(anonymous_138)
FNDA:0,(anonymous_139)
FNDA:0,(anonymous_140)
FNDA:0,(anonymous_141)
FNDA:0,(anonymous_142)
FNDA:0,(anonymous_143)
FNDA:0,(anonymous_144)
FNDA:0,(anonymous_145)
FNDA:0,(anonymous_146)
FNDA:0,(anonymous_147)
FNDA:0,(anonymous_148)
FNDA:0,(anonymous_149)
FNDA:0,(anonymous_150)
FNDA:0,(anonymous_151)
FNDA:0,(anonymous_152)
FNDA:0,(anonymous_153)
FNDA:0,(anonymous_154)
FNDA:0,(anonymous_155)
FNDA:0,(anonymous_156)
FNDA:0,(anonymous_157)
FNDA:0,(anonymous_158)
FNDA:0,(anonymous_159)
FNDA:0,(anonymous_160)
FNDA:0,(anonymous_161)
FNDA:0,(anonymous_162)
FNDA:0,(anonymous_163)
FNDA:0,(anonymous_164)
FNDA:0,(anonymous_165)
FNDA:0,(anonymous_166)
FNDA:0,(anonymous_167)
FNDA:0,(anonymous_168)
FNDA:0,(anonymous_169)
FNDA:0,(anonymous_170)
FNDA:0,(anonymous_171)
FNDA:0,(anonymous_172)
FNDA:0,(anonymous_173)
FNDA:0,(anonymous_174)
FNDA:0,(anonymous_175)
FNDA:0,(anonymous_176)
FNDA:0,(anonymous_177)
FNDA:0,(anonymous_178)
FNDA:0,(anonymous_179)
FNDA:0,(anonymous_180)
FNDA:0,(anonymous_181)
FNDA:0,(anonymous_182)
FNDA:0,(anonymous_183)
DA:8,0
DA:9,0
DA:10,0
DA:11,0
DA:12,0
DA:13,0
DA:16,0
DA:17,0
DA:19,0
DA:20,0
DA:22,0
DA:23,0
DA:25,0
DA:26,0
DA:28,0
DA:32,0
DA:33,0
DA:35,0
DA:38,0
DA:65,0
DA:66,0
DA:67,0
DA:68,0
DA:69,0
DA:72,0
DA:74,0
DA:81,0
DA:82,0
DA:83,0
DA:84,0
DA:85,0
DA:86,0
DA:87,0
DA:88,0
DA:89,0
DA:90,0
DA:91,0
DA:94,0
DA:95,0
DA:97,0
DA:98,0
DA:99,0
DA:100,0
DA:103,0
DA:104,0
DA:107,0
DA:108,0
DA:111,0
DA:112,0
DA:120,0
DA:122,0
DA:123,0
DA:124,0
DA:125,0
DA:129,0
DA:130,0
DA:131,0
DA:140,0
DA:143,0
DA:144,0
DA:145,0
DA:146,0
DA:147,0
DA:148,0
DA:150,0
DA:154,0
DA:161,0
DA:162,0
DA:164,0
DA:165,0
DA:177,0
DA:178,0
DA:180,0
DA:181,0
DA:183,0
DA:184,0
DA:185,0
DA:186,0
DA:190,0
DA:191,0
DA:194,0
DA:195,0
DA:196,0
DA:204,0
DA:205,0
DA:206,0
DA:207,0
DA:208,0
DA:209,0
DA:211,0
DA:219,0
DA:220,0
DA:222,0
DA:230,0
DA:231,0
DA:233,0
DA:241,0
DA:242,0
DA:243,0
DA:246,0
DA:247,0
DA:248,0
DA:252,0
DA:259,0
DA:289,0
DA:290,0
DA:291,0
DA:293,0
DA:294,0
DA:296,0
DA:298,0
DA:299,0
DA:310,0
DA:311,0
DA:312,0
DA:313,0
DA:314,0
DA:315,0
DA:316,0
DA:317,0
DA:318,0
DA:319,0
DA:320,0
DA:321,0
DA:324,0
DA:325,0
DA:329,0
DA:332,0
DA:333,0
DA:337,0
DA:340,0
DA:341,0
DA:345,0
DA:348,0
DA:349,0
DA:350,0
DA:354,0
DA:361,0
DA:362,0
DA:364,0
DA:372,0
DA:379,0
DA:386,0
DA:387,0
DA:395,0
DA:396,0
DA:398,0
DA:406,0
DA:407,0
DA:408,0
DA:409,0
DA:410,0
DA:411,0
DA:412,0
DA:414,0
DA:427,0
DA:428,0
DA:429,0
DA:430,0
DA:432,0
DA:433,0
DA:435,0
DA:436,0
DA:437,0
DA:438,0
DA:440,0
DA:441,0
DA:444,0
DA:451,0
DA:452,0
DA:453,0
DA:454,0
DA:455,0
DA:456,0
DA:457,0
DA:459,0
DA:460,0
DA:461,0
DA:463,0
DA:475,0
DA:476,0
DA:477,0
DA:478,0
DA:479,0
DA:488,0
DA:489,0
DA:492,0
DA:493,0
DA:497,0
DA:498,0
DA:499,0
DA:501,0
DA:510,0
DA:518,0
DA:519,0
DA:522,0
DA:525,0
DA:526,0
DA:527,0
DA:528,0
DA:530,0
DA:538,0
DA:543,0
DA:546,0
DA:547,0
DA:551,0
DA:558,0
DA:559,0
DA:560,0
DA:563,0
DA:564,0
DA:567,0
DA:569,0
DA:573,0
DA:574,0
DA:575,0
DA:576,0
DA:579,0
DA:581,0
DA:588,0
DA:602,0
DA:603,0
DA:604,0
DA:605,0
DA:606,0
DA:607,0
DA:611,0
DA:613,0
DA:616,0
DA:624,0
DA:625,0
DA:627,0
DA:628,0
DA:629,0
DA:630,0
DA:631,0
DA:632,0
DA:634,0
DA:635,0
DA:636,0
DA:645,0
DA:652,0
DA:655,0
DA:656,0
DA:663,0
DA:666,0
DA:667,0
DA:668,0
DA:670,0
DA:671,0
DA:672,0
DA:675,0
DA:676,0
DA:677,0
DA:678,0
DA:680,0
DA:681,0
DA:682,0
DA:685,0
DA:686,0
DA:689,0
DA:693,0
DA:695,0
DA:714,0
DA:724,0
DA:725,0
DA:728,0
DA:729,0
DA:731,0
DA:738,0
DA:745,0
DA:778,0
DA:779,0
DA:780,0
DA:783,0
DA:784,0
DA:785,0
DA:789,0
DA:790,0
DA:794,0
DA:796,0
DA:803,0
DA:806,0
DA:807,0
DA:808,0
DA:812,0
DA:813,0
DA:814,0
DA:818,0
DA:819,0
DA:820,0
DA:824,0
DA:825,0
DA:828,0
DA:829,0
DA:837,0
DA:838,0
DA:839,0
DA:840,0
DA:841,0
DA:842,0
DA:843,0
DA:844,0
DA:845,0
DA:846,0
DA:849,0
DA:851,0
DA:852,0
DA:855,0
DA:862,0
DA:869,0
DA:870,0
DA:871,0
DA:872,0
DA:881,0
DA:883,0
DA:885,0
DA:886,0
DA:888,0
DA:889,0
DA:892,0
DA:893,0
DA:895,0
DA:898,0
DA:899,0
DA:901,0
DA:905,0
DA:906,0
DA:907,0
DA:908,0
DA:909,0
DA:912,0
DA:921,0
DA:922,0
DA:923,0
DA:924,0
DA:928,0
DA:929,0
DA:930,0
DA:931,0
DA:932,0
DA:933,0
DA:934,0
DA:935,0
DA:939,0
DA:940,0
DA:941,0
DA:942,0
DA:944,0
DA:945,0
DA:946,0
DA:947,0
DA:948,0
DA:950,0
DA:951,0
DA:953,0
DA:954,0
DA:956,0
DA:959,0
DA:960,0
DA:961,0
DA:964,0
DA:965,0
DA:966,0
DA:976,0
DA:977,0
DA:978,0
DA:981,0
DA:982,0
DA:983,0
DA:986,0
DA:988,0
DA:989,0
DA:990,0
DA:991,0
DA:992,0
DA:995,0
DA:999,0
DA:1001,0
DA:1009,0
DA:1012,0
DA:1013,0
DA:1014,0
DA:1017,0
DA:1020,0
DA:1021,0
DA:1022,0
DA:1027,0
DA:1030,0
DA:1039,0
DA:1040,0
DA:1043,0
DA:1045,0
DA:1046,0
DA:1047,0
DA:1049,0
DA:1052,0
DA:1053,0
DA:1062,0
DA:1064,0
DA:1065,0
DA:1067,0
DA:1069,0
DA:1070,0
DA:1071,0
DA:1079,0
DA:1080,0
DA:1081,0
DA:1088,0
DA:1089,0
DA:1090,0
DA:1091,0
DA:1093,0
DA:1095,0
DA:1096,0
DA:1097,0
DA:1098,0
DA:1099,0
DA:1101,0
DA:1103,0
DA:1104,0
DA:1105,0
DA:1106,0
DA:1107,0
DA:1109,0
DA:1110,0
DA:1111,0
DA:1112,0
DA:1114,0
DA:1116,0
DA:1117,0
DA:1118,0
DA:1119,0
DA:1120,0
DA:1123,0
DA:1124,0
DA:1125,0
DA:1126,0
DA:1127,0
DA:1131,0
DA:1132,0
DA:1133,0
DA:1141,0
DA:1142,0
DA:1143,0
DA:1144,0
DA:1145,0
DA:1153,0
DA:1154,0
DA:1155,0
DA:1159,0
DA:1160,0
DA:1161,0
DA:1164,0
DA:1172,0
DA:1173,0
DA:1177,0
DA:1180,0
DA:1181,0
DA:1189,0
DA:1190,0
DA:1191,0
DA:1195,0
DA:1196,0
DA:1197,0
DA:1200,0
DA:1203,0
DA:1204,0
DA:1209,0
DA:1211,0
DA:1213,0
DA:1217,0
DA:1218,0
DA:1219,0
DA:1223,0
DA:1224,0
DA:1225,0
DA:1226,0
DA:1228,0
DA:1231,0
DA:1238,0
DA:1239,0
DA:1241,0
DA:1242,0
DA:1245,0
DA:1248,0
DA:1249,0
DA:1251,0
DA:1252,0
DA:1253,0
DA:1254,0
DA:1256,0
DA:1257,0
DA:1258,0
DA:1262,0
DA:1263,0
DA:1265,0
DA:1266,0
DA:1267,0
DA:1269,0
DA:1273,0
DA:1274,0
DA:1275,0
DA:1276,0
DA:1277,0
DA:1281,0
DA:1284,0
DA:1286,0
DA:1287,0
DA:1288,0
DA:1292,0
DA:1293,0
DA:1294,0
DA:1295,0
DA:1297,0
DA:1304,0
DA:1305,0
DA:1307,0
DA:1310,0
DA:1311,0
DA:1313,0
DA:1314,0
DA:1315,0
DA:1316,0
DA:1318,0
DA:1319,0
DA:1320,0
DA:1321,0
DA:1323,0
DA:1326,0
DA:1327,0
DA:1329,0
DA:1330,0
DA:1331,0
DA:1333,0
DA:1337,0
DA:1338,0
DA:1339,0
DA:1340,0
DA:1342,0
DA:1345,0
DA:1346,0
DA:1349,0
DA:1350,0
DA:1351,0
DA:1354,0
DA:1356,0
DA:1357,0
DA:1358,0
DA:1359,0
DA:1361,0
DA:1368,0
DA:1378,0
DA:1379,0
DA:1380,0
DA:1383,0
DA:1385,0
DA:1386,0
DA:1389,0
DA:1390,0
DA:1391,0
DA:1392,0
DA:1393,0
DA:1395,0
DA:1396,0
DA:1397,0
DA:1400,0
DA:1406,0
DA:1407,0
DA:1409,0
DA:1414,0
DA:1417,0
DA:1424,0
DA:1425,0
DA:1428,0
DA:1429,0
DA:1432,0
DA:1433,0
DA:1437,0
DA:1438,0
DA:1445,0
DA:1446,0
DA:1447,0
DA:1450,0
DA:1451,0
DA:1452,0
DA:1455,0
DA:1463,0
DA:1464,0
DA:1465,0
DA:1469,0
DA:1470,0
DA:1471,0
DA:1472,0
DA:1473,0
DA:1475,0
DA:1479,0
DA:1480,0
DA:1481,0
DA:1484,0
DA:1485,0
DA:1486,0
DA:1489,0
DA:1490,0
DA:1491,0
DA:1495,0
DA:1496,0
DA:1497,0
DA:1498,0
DA:1500,0
DA:1501,0
DA:1502,0
DA:1506,0
DA:1507,0
DA:1508,0
DA:1510,0
DA:1511,0
DA:1512,0
DA:1513,0
DA:1522,0
DA:1523,0
DA:1525,0
DA:1526,0
DA:1535,0
DA:1537,0
DA:1545,0
DA:1546,0
DA:1547,0
DA:1555,0
DA:1556,0
DA:1557,0
DA:1559,0
DA:1568,0
DA:1570,0
DA:1571,0
DA:1572,0
DA:1573,0
DA:1577,0
DA:1578,0
DA:1579,0
DA:1580,0
DA:1584,0
DA:1585,0
DA:1586,0
DA:1587,0
DA:1595,0
DA:1596,0
DA:1597,0
DA:1599,0
DA:1600,0
DA:1607,0
DA:1608,0
DA:1616,0
DA:1617,0
DA:1618,0
DA:1619,0
DA:1620,0
DA:1621,0
DA:1622,0
DA:1623,0
DA:1624,0
DA:1632,0
DA:1633,0
DA:1640,0
DA:1641,0
DA:1643,0
DA:1644,0
DA:1645,0
DA:1646,0
DA:1647,0
DA:1648,0
DA:1649,0
DA:1650,0
DA:1652,0
DA:1654,0
DA:1655,0
DA:1663,0
DA:1664,0
DA:1667,0
DA:1668,0
DA:1672,0
DA:1673,0
DA:1675,0
DA:1676,0
DA:1680,0
DA:1681,0
DA:1684,0
DA:1685,0
DA:1689,0
DA:1690,0
DA:1693,0
DA:1694,0
DA:1695,0
DA:1696,0
DA:1700,0
DA:1701,0
DA:1702,0
DA:1704,0
DA:1706,0
DA:1707,0
DA:1722,0
DA:1729,0
DA:1730,0
DA:1731,0
DA:1732,0
DA:1733,0
DA:1741,0
DA:1742,0
DA:1743,0
DA:1747,0
DA:1748,0
DA:1749,0
DA:1752,0
DA:1759,0
DA:1760,0
DA:1762,0
DA:1763,0
DA:1765,0
DA:1767,0
DA:1768,0
DA:1769,0
DA:1770,0
DA:1772,0
DA:1773,0
DA:1774,0
DA:1776,0
DA:1782,0
DA:1790,0
DA:1791,0
DA:1792,0
DA:1796,0
DA:1797,0
DA:1799,0
DA:1800,0
DA:1801,0
DA:1808,0
DA:1809,0
DA:1811,0
DA:1812,0
DA:1813,0
DA:1816,0
DA:1818,0
DA:1819,0
DA:1820,0
DA:1821,0
DA:1823,0
DA:1824,0
DA:1827,0
DA:1828,0
DA:1829,0
DA:1830,0
DA:1831,0
DA:1841,0
DA:1842,0
DA:1843,0
DA:1844,0
DA:1845,0
DA:1846,0
DA:1853,0
DA:1854,0
DA:1861,0
DA:1862,0
DA:1864,0
DA:1865,0
DA:1872,0
DA:1874,0
DA:1875,0
DA:1876,0
DA:1877,0
DA:1878,0
DA:1879,0
DA:1881,0
DA:1882,0
DA:1883,0
DA:1887,0
DA:1895,0
DA:1896,0
DA:1897,0
DA:1898,0
DA:1901,0
DA:1903,0
DA:1904,0
DA:1906,0
DA:1913,0
DA:1915,0
DA:1916,0
DA:1918,0
DA:1919,0
DA:1923,0
DA:1924,0
DA:1925,0
DA:1928,0
DA:1931,0
DA:1932,0
DA:1935,0
DA:1936,0
DA:1938,0
DA:1939,0
DA:1941,0
DA:1948,0
DA:1950,0
DA:1951,0
DA:1952,0
DA:1954,0
DA:1961,0
DA:1962,0
DA:1964,0
DA:1965,0
DA:1967,0
DA:1974,0
DA:1975,0
DA:1978,0
DA:1979,0
DA:1980,0
DA:1981,0
DA:1983,0
DA:1984,0
DA:1986,0
DA:1993,0
DA:1994,0
DA:1995,0
DA:1998,0
DA:1999,0
DA:2000,0
DA:2002,0
DA:2021,0
DA:2032,0
DA:2043,0
DA:2044,0
DA:2046,0
DA:2059,0
DA:2064,0
DA:2069,0
DA:2079,0
DA:2081,0
DA:2082,0
DA:2083,0
DA:2085,0
DA:2088,0
DA:2089,0
DA:2095,0
DA:2096,0
DA:2098,0
DA:2099,0
DA:2102,0
DA:2103,0
DA:2106,0
DA:2108,0
DA:2110,0
DA:2111,0
DA:2112,0
DA:2113,0
DA:2114,0
DA:2115,0
DA:2117,0
DA:2118,0
DA:2121,0
DA:2122,0
DA:2123,0
DA:2124,0
DA:2128,0
DA:2129,0
DA:2130,0
DA:2131,0
DA:2135,0
DA:2138,0
DA:2142,0
DA:2153,0
DA:2154,0
DA:2155,0
DA:2163,0
DA:2164,0
DA:2167,0
DA:2175,0
DA:2176,0
DA:2179,0
DA:2187,0
DA:2188,0
DA:2191,0
DA:2192,0
DA:2195,0
DA:2196,0
DA:2204,0
DA:2207,0
DA:2208,0
DA:2212,0
DA:2213,0
DA:2215,0
DA:2216,0
DA:2220,0
DA:2221,0
DA:2224,0
DA:2227,0
DA:2228,0
DA:2229,0
DA:2231,0
DA:2232,0
DA:2233,0
DA:2237,0
DA:2238,0
DA:2245,0
DA:2248,0
DA:2249,0
DA:2253,0
DA:2254,0
DA:2256,0
DA:2257,0
DA:2261,0
DA:2262,0
DA:2265,0
DA:2266,0
DA:2267,0
DA:2269,0
DA:2270,0
DA:2271,0
DA:2275,0
DA:2284,0
DA:2286,0
DA:2287,0
DA:2290,0
DA:2291,0
DA:2292,0
DA:2293,0
DA:2297,0
DA:2305,0
DA:2306,0
DA:2309,0
DA:2310,0
DA:2311,0
DA:2313,0
DA:2314,0
DA:2315,0
DA:2316,0
DA:2324,0
DA:2325,0
DA:2327,0
DA:2329,0
DA:2332,0
DA:2333,0
DA:2336,0
DA:2337,0
DA:2338,0
DA:2339,0
DA:2347,0
DA:2348,0
DA:2350,0
DA:2353,0
DA:2354,0
DA:2362,0
DA:2363,0
DA:2366,0
DA:2368,0
DA:2369,0
DA:2370,0
DA:2371,0
DA:2375,0
DA:2376,0
DA:2377,0
DA:2380,0
DA:2383,0
DA:2390,0
DA:2393,0
DA:2395,0
DA:2396,0
DA:2397,0
DA:2398,0
DA:2400,0
DA:2402,0
DA:2403,0
DA:2404,0
DA:2406,0
DA:2408,0
DA:2409,0
DA:2413,0
DA:2415,0
DA:2416,0
DA:2418,0
DA:2419,0
DA:2421,0
DA:2422,0
DA:2423,0
DA:2424,0
DA:2425,0
DA:2427,0
DA:2429,0
DA:2430,0
DA:2431,0
DA:2432,0
DA:2433,0
DA:2435,0
DA:2437,0
DA:2438,0
DA:2440,0
DA:2441,0
DA:2444,0
DA:2451,0
DA:2452,0
DA:2453,0
DA:2455,0
DA:2457,0
DA:2458,0
DA:2461,0
DA:2465,0
DA:2470,0
DA:2493,0
DA:2494,0
DA:2495,0
DA:2496,0
DA:2498,0
DA:2500,0
DA:2502,0
DA:2503,0
DA:2504,0
DA:2507,0
DA:2508,0
DA:2510,0
DA:2511,0
DA:2518,0
DA:2519,0
DA:2520,0
DA:2521,0
DA:2523,0
DA:2525,0
DA:2527,0
DA:2528,0
DA:2529,0
DA:2532,0
DA:2533,0
DA:2535,0
DA:2536,0
DA:2543,0
DA:2544,0
DA:2545,0
DA:2553,0
DA:2554,0
DA:2555,0
DA:2556,0
DA:2564,0
DA:2565,0
DA:2566,0
DA:2567,0
DA:2568,0
DA:2576,0
DA:2577,0
DA:2578,0
DA:2579,0
DA:2580,0
DA:2588,0
DA:2589,0
DA:2590,0
DA:2598,0
DA:2599,0
DA:2601,0
DA:2602,0
DA:2603,0
DA:2611,0
DA:2612,0
DA:2614,0
DA:2617,0
DA:2632,0
DA:2633,0
DA:2634,0
DA:2636,0
DA:2637,0
DA:2638,0
DA:2642,0
DA:2643,0
DA:2648,0
DA:2649,0
DA:2651,0
DA:2652,0
DA:2653,0
DA:2657,0
DA:2658,0
DA:2659,0
DA:2660,0
DA:2661,0
DA:2662,0
DA:2663,0
DA:2664,0
DA:2665,0
DA:2666,0
DA:2667,0
DA:2669,0
DA:2670,0
DA:2671,0
DA:2676,0
DA:2677,0
DA:2678,0
DA:2687,0
DA:2688,0
DA:2689,0
DA:2690,0
DA:2697,0
DA:2698,0
DA:2700,0
DA:2701,0
DA:2702,0
DA:2709,0
DA:2710,0
DA:2711,0
DA:2713,0
DA:2714,0
DA:2716,0
DA:2717,0
DA:2719,0
DA:2720,0
DA:2724,0
DA:2725,0
DA:2730,0
DA:2732,0
DA:2739,0
DA:2740,0
DA:2742,0
DA:2743,0
DA:2745,0
DA:2746,0
DA:2747,0
DA:2750,0
DA:2751,0
DA:2753,0
DA:2762,0
DA:2763,0
DA:2770,0
DA:2771,0
DA:2772,0
DA:2774,0
DA:2781,0
DA:2782,0
DA:2783,0
DA:2784,0
DA:2786,0
DA:2795,0
DA:2796,0
DA:2797,0
DA:2798,0
DA:2799,0
DA:2807,0
DA:2808,0
DA:2809,0
DA:2810,0
DA:2813,0
DA:2816,0
DA:2817,0
DA:2819,0
DA:2820,0
DA:2823,0
DA:2824,0
DA:2825,0
DA:2832,0
DA:2833,0
DA:2835,0
DA:2837,0
DA:2838,0
DA:2839,0
DA:2840,0
DA:2844,0
DA:2845,0
DA:2846,0
DA:2849,0
DA:2852,0
DA:2859,0
DA:2860,0
DA:2862,0
DA:2863,0
DA:2864,0
DA:2866,0
DA:2869,0
DA:2870,0
DA:2873,0
DA:2877,0
DA:2883,0
DA:2906,0
DA:2907,0
DA:2908,0
DA:2909,0
DA:2911,0
DA:2913,0
DA:2915,0
DA:2916,0
DA:2917,0
DA:2920,0
DA:2921,0
DA:2923,0
DA:2924,0
DA:2931,0
DA:2932,0
DA:2933,0
DA:2934,0
DA:2935,0
DA:2943,0
DA:2944,0
DA:2945,0
DA:2946,0
DA:2947,0
DA:2955,0
DA:2956,0
DA:2957,0
DA:2958,0
DA:2967,0
DA:2968,0
DA:2970,0
DA:2971,0
DA:2972,0
DA:2973,0
DA:2983,0
DA:2984,0
DA:2992,0
DA:2994,0
DA:2995,0
DA:2996,0
DA:2997,0
DA:3002,0
LF:1213
LH:0
BRDA:11,0,0,0
BRDA:11,0,1,0
BRDA:13,1,0,0
BRDA:13,1,1,0
BRDA:13,1,2,0
BRDA:16,2,0,0
BRDA:16,2,1,0
BRDA:19,3,0,0
BRDA:19,3,1,0
BRDA:22,4,0,0
BRDA:22,4,1,0
BRDA:25,5,0,0
BRDA:25,5,1,0
BRDA:61,6,0,0
BRDA:61,6,1,0
BRDA:72,7,0,0
BRDA:72,7,1,0
BRDA:94,8,0,0
BRDA:94,8,1,0
BRDA:111,9,0,0
BRDA:111,9,1,0
BRDA:123,10,0,0
BRDA:123,10,1,0
BRDA:123,11,0,0
BRDA:123,11,1,0
BRDA:124,12,0,0
BRDA:124,12,1,0
BRDA:129,13,0,0
BRDA:129,13,1,0
BRDA:140,14,0,0
BRDA:140,14,1,0
BRDA:144,15,0,0
BRDA:144,15,1,0
BRDA:162,16,0,0
BRDA:162,16,1,0
BRDA:178,17,0,0
BRDA:178,17,1,0
BRDA:185,18,0,0
BRDA:185,18,1,0
BRDA:195,19,0,0
BRDA:195,19,1,0
BRDA:204,20,0,0
BRDA:204,20,1,0
BRDA:208,21,0,0
BRDA:208,21,1,0
BRDA:291,22,0,0
BRDA:291,22,1,0
BRDA:293,23,0,0
BRDA:293,23,1,0
BRDA:293,24,0,0
BRDA:293,24,1,0
BRDA:319,25,0,0
BRDA:319,25,1,0
BRDA:321,26,0,0
BRDA:321,26,1,0
BRDA:332,27,0,0
BRDA:332,27,1,0
BRDA:340,28,0,0
BRDA:340,28,1,0
BRDA:348,29,0,0
BRDA:348,29,1,0
BRDA:372,30,0,0
BRDA:372,30,1,0
BRDA:379,31,0,0
BRDA:379,31,1,0
BRDA:386,32,0,0
BRDA:386,32,1,0
BRDA:395,33,0,0
BRDA:395,33,1,0
BRDA:407,34,0,0
BRDA:407,34,1,0
BRDA:412,35,0,0
BRDA:412,35,1,0
BRDA:421,36,0,0
BRDA:421,36,1,0
BRDA:422,37,0,0
BRDA:422,37,1,0
BRDA:423,38,0,0
BRDA:423,38,1,0
BRDA:432,39,0,0
BRDA:432,39,1,0
BRDA:436,40,0,0
BRDA:436,40,1,0
BRDA:456,41,0,0
BRDA:456,41,1,0
BRDA:460,42,0,0
BRDA:460,42,1,0
BRDA:469,43,0,0
BRDA:469,43,1,0
BRDA:470,44,0,0
BRDA:470,44,1,0
BRDA:472,45,0,0
BRDA:472,45,1,0
BRDA:472,46,0,0
BRDA:472,46,1,0
BRDA:489,47,0,0
BRDA:489,47,1,0
BRDA:492,48,0,0
BRDA:492,48,1,0
BRDA:497,49,0,0
BRDA:497,49,1,0
BRDA:519,50,0,0
BRDA:519,50,1,0
BRDA:546,51,0,0
BRDA:546,51,1,0
BRDA:558,52,0,0
BRDA:558,52,1,0
BRDA:567,53,0,0
BRDA:567,53,1,0
BRDA:603,54,0,0
BRDA:603,54,1,0
BRDA:606,55,0,0
BRDA:606,55,1,0
BRDA:611,56,0,0
BRDA:611,56,1,0
BRDA:614,57,0,0
BRDA:614,57,1,0
BRDA:627,58,0,0
BRDA:627,58,1,0
BRDA:627,59,0,0
BRDA:627,59,1,0
BRDA:629,60,0,0
BRDA:629,60,1,0
BRDA:655,61,0,0
BRDA:655,61,1,0
BRDA:658,62,0,0
BRDA:658,62,1,0
BRDA:663,63,0,0
BRDA:663,63,1,0
BRDA:670,64,0,0
BRDA:670,64,1,0
BRDA:677,65,0,0
BRDA:677,65,1,0
BRDA:677,65,2,0
BRDA:681,66,0,0
BRDA:681,66,1,0
BRDA:682,67,0,0
BRDA:682,67,1,0
BRDA:685,68,0,0
BRDA:685,68,1,0
BRDA:685,69,0,0
BRDA:685,69,1,0
BRDA:689,70,0,0
BRDA:689,70,1,0
BRDA:693,71,0,0
BRDA:693,71,1,0
BRDA:700,72,0,0
BRDA:700,72,1,0
BRDA:705,73,0,0
BRDA:705,73,1,0
BRDA:724,74,0,0
BRDA:724,74,1,0
BRDA:724,75,0,0
BRDA:724,75,1,0
BRDA:728,76,0,0
BRDA:728,76,1,0
BRDA:728,77,0,0
BRDA:728,77,1,0
BRDA:768,78,0,0
BRDA:768,78,1,0
BRDA:769,79,0,0
BRDA:769,79,1,0
BRDA:770,80,0,0
BRDA:770,80,1,0
BRDA:771,81,0,0
BRDA:771,81,1,0
BRDA:773,82,0,0
BRDA:773,82,1,0
BRDA:774,83,0,0
BRDA:774,83,1,0
BRDA:783,84,0,0
BRDA:783,84,1,0
BRDA:789,85,0,0
BRDA:789,85,1,0
BRDA:789,86,0,0
BRDA:789,86,1,0
BRDA:803,87,0,0
BRDA:803,87,1,0
BRDA:806,88,0,0
BRDA:806,88,1,0
BRDA:812,89,0,0
BRDA:812,89,1,0
BRDA:818,90,0,0
BRDA:818,90,1,0
BRDA:818,91,0,0
BRDA:818,91,1,0
BRDA:828,92,0,0
BRDA:828,92,1,0
BRDA:828,93,0,0
BRDA:828,93,1,0
BRDA:864,94,0,0
BRDA:864,94,1,0
BRDA:865,95,0,0
BRDA:865,95,1,0
BRDA:866,96,0,0
BRDA:866,96,1,0
BRDA:871,97,0,0
BRDA:871,97,1,0
BRDA:871,98,0,0
BRDA:871,98,1,0
BRDA:883,99,0,0
BRDA:883,99,1,0
BRDA:883,99,2,0
BRDA:883,99,3,0
BRDA:892,100,0,0
BRDA:892,100,1,0
BRDA:898,101,0,0
BRDA:898,101,1,0
BRDA:905,102,0,0
BRDA:905,102,1,0
BRDA:906,103,0,0
BRDA:906,103,1,0
BRDA:908,104,0,0
BRDA:908,104,1,0
BRDA:921,105,0,0
BRDA:921,105,1,0
BRDA:921,106,0,0
BRDA:921,106,1,0
BRDA:928,107,0,0
BRDA:928,107,1,0
BRDA:928,108,0,0
BRDA:928,108,1,0
BRDA:944,109,0,0
BRDA:944,109,1,0
BRDA:953,110,0,0
BRDA:953,110,1,0
BRDA:976,111,0,0
BRDA:976,111,1,0
BRDA:981,112,0,0
BRDA:981,112,1,0
BRDA:988,113,0,0
BRDA:988,113,1,0
BRDA:988,114,0,0
BRDA:988,114,1,0
BRDA:1020,115,0,0
BRDA:1020,115,1,0
BRDA:1030,116,0,0
BRDA:1030,116,1,0
BRDA:1038,117,0,0
BRDA:1045,118,0,0
BRDA:1045,118,1,0
BRDA:1046,119,0,0
BRDA:1046,119,1,0
BRDA:1064,120,0,0
BRDA:1064,120,1,0
BRDA:1095,121,0,0
BRDA:1095,121,1,0
BRDA:1099,122,0,0
BRDA:1099,122,1,0
BRDA:1101,123,0,0
BRDA:1101,123,1,0
BRDA:1101,123,2,0
BRDA:1101,123,3,0
BRDA:1103,124,0,0
BRDA:1103,124,1,0
BRDA:1107,125,0,0
BRDA:1107,125,1,0
BRDA:1112,126,0,0
BRDA:1112,126,1,0
BRDA:1119,127,0,0
BRDA:1119,127,1,0
BRDA:1126,128,0,0
BRDA:1126,128,1,0
BRDA:1131,129,0,0
BRDA:1131,129,1,0
BRDA:1143,130,0,0
BRDA:1143,130,1,0
BRDA:1143,131,0,0
BRDA:1143,131,1,0
BRDA:1143,131,2,0
BRDA:1154,132,0,0
BRDA:1154,132,1,0
BRDA:1161,133,0,0
BRDA:1161,133,1,0
BRDA:1161,134,0,0
BRDA:1161,134,1,0
BRDA:1161,134,2,0
BRDA:1161,134,3,0
BRDA:1172,135,0,0
BRDA:1172,135,1,0
BRDA:1190,136,0,0
BRDA:1190,136,1,0
BRDA:1190,137,0,0
BRDA:1190,137,1,0
BRDA:1203,138,0,0
BRDA:1203,138,1,0
BRDA:1209,139,0,0
BRDA:1209,139,1,0
BRDA:1223,140,0,0
BRDA:1223,140,1,0
BRDA:1225,141,0,0
BRDA:1225,141,1,0
BRDA:1239,142,0,0
BRDA:1239,142,1,0
BRDA:1248,143,0,0
BRDA:1248,143,1,0
BRDA:1252,144,0,0
BRDA:1252,144,1,0
BRDA:1254,145,0,0
BRDA:1254,145,1,0
BRDA:1256,146,0,0
BRDA:1256,146,1,0
BRDA:1258,147,0,0
BRDA:1258,147,1,0
BRDA:1262,148,0,0
BRDA:1262,148,1,0
BRDA:1265,149,0,0
BRDA:1265,149,1,0
BRDA:1274,150,0,0
BRDA:1274,150,1,0
BRDA:1276,151,0,0
BRDA:1276,151,1,0
BRDA:1276,152,0,0
BRDA:1276,152,1,0
BRDA:1287,153,0,0
BRDA:1287,153,1,0
BRDA:1292,154,0,0
BRDA:1292,154,1,0
BRDA:1292,155,0,0
BRDA:1292,155,1,0
BRDA:1293,156,0,0
BRDA:1293,156,1,0
BRDA:1305,157,0,0
BRDA:1305,157,1,0
BRDA:1310,158,0,0
BRDA:1310,158,1,0
BRDA:1314,159,0,0
BRDA:1314,159,1,0
BRDA:1318,160,0,0
BRDA:1318,160,1,0
BRDA:1319,161,0,0
BRDA:1319,161,1,0
BRDA:1321,162,0,0
BRDA:1321,162,1,0
BRDA:1326,163,0,0
BRDA:1326,163,1,0
BRDA:1329,164,0,0
BRDA:1329,164,1,0
BRDA:1339,165,0,0
BRDA:1339,165,1,0
BRDA:1350,166,0,0
BRDA:1350,166,1,0
BRDA:1356,167,0,0
BRDA:1356,167,1,0
BRDA:1356,168,0,0
BRDA:1356,168,1,0
BRDA:1357,169,0,0
BRDA:1357,169,1,0
BRDA:1378,170,0,0
BRDA:1378,170,1,0
BRDA:1389,171,0,0
BRDA:1389,171,1,0
BRDA:1424,172,0,0
BRDA:1424,172,1,0
BRDA:1428,173,0,0
BRDA:1428,173,1,0
BRDA:1445,174,0,0
BRDA:1445,174,1,0
BRDA:1450,175,0,0
BRDA:1450,175,1,0
BRDA:1463,176,0,0
BRDA:1463,176,1,0
BRDA:1469,177,0,0
BRDA:1469,177,1,0
BRDA:1471,178,0,0
BRDA:1471,178,1,0
BRDA:1479,179,0,0
BRDA:1479,179,1,0
BRDA:1489,180,0,0
BRDA:1489,180,1,0
BRDA:1500,181,0,0
BRDA:1500,181,1,0
BRDA:1500,182,0,0
BRDA:1500,182,1,0
BRDA:1507,183,0,0
BRDA:1507,183,1,0
BRDA:1510,184,0,0
BRDA:1510,184,1,0
BRDA:1510,185,0,0
BRDA:1510,185,1,0
BRDA:1546,186,0,0
BRDA:1546,186,1,0
BRDA:1555,187,0,0
BRDA:1555,187,1,0
BRDA:1567,188,0,0
BRDA:1568,189,0,0
BRDA:1568,189,1,0
BRDA:1572,190,0,0
BRDA:1572,190,1,0
BRDA:1579,191,0,0
BRDA:1579,191,1,0
BRDA:1594,192,0,0
BRDA:1596,193,0,0
BRDA:1596,193,1,0
BRDA:1607,194,0,0
BRDA:1607,194,1,0
BRDA:1616,195,0,0
BRDA:1616,195,1,0
BRDA:1667,196,0,0
BRDA:1667,196,1,0
BRDA:1667,197,0,0
BRDA:1667,197,1,0
BRDA:1673,198,0,0
BRDA:1673,198,1,0
BRDA:1675,199,0,0
BRDA:1675,199,1,0
BRDA:1681,200,0,0
BRDA:1681,200,1,0
BRDA:1681,200,2,0
BRDA:1684,201,0,0
BRDA:1684,201,1,0
BRDA:1693,202,0,0
BRDA:1693,202,1,0
BRDA:1693,203,0,0
BRDA:1693,203,1,0
BRDA:1730,204,0,0
BRDA:1730,204,1,0
BRDA:1741,205,0,0
BRDA:1741,205,1,0
BRDA:1741,206,0,0
BRDA:1741,206,1,0
BRDA:1742,207,0,0
BRDA:1742,207,1,0
BRDA:1748,208,0,0
BRDA:1748,208,1,0
BRDA:1760,209,0,0
BRDA:1760,209,1,0
BRDA:1760,210,0,0
BRDA:1760,210,1,0
BRDA:1763,211,0,0
BRDA:1763,211,1,0
BRDA:1773,212,0,0
BRDA:1773,212,1,0
BRDA:1773,213,0,0
BRDA:1773,213,1,0
BRDA:1790,214,0,0
BRDA:1790,214,1,0
BRDA:1790,215,0,0
BRDA:1790,215,1,0
BRDA:1791,216,0,0
BRDA:1791,216,1,0
BRDA:1809,217,0,0
BRDA:1809,217,1,0
BRDA:1823,218,0,0
BRDA:1823,218,1,0
BRDA:1829,219,0,0
BRDA:1829,219,1,0
BRDA:1872,220,0,0
BRDA:1872,220,1,0
BRDA:1872,221,0,0
BRDA:1872,221,1,0
BRDA:1881,222,0,0
BRDA:1881,222,1,0
BRDA:1881,223,0,0
BRDA:1881,223,1,0
BRDA:1895,224,0,0
BRDA:1895,224,1,0
BRDA:1897,225,0,0
BRDA:1897,225,1,0
BRDA:1913,226,0,0
BRDA:1913,226,1,0
BRDA:1913,227,0,0
BRDA:1913,227,1,0
BRDA:1918,228,0,0
BRDA:1918,228,1,0
BRDA:1923,229,0,0
BRDA:1923,229,1,0
BRDA:1923,230,0,0
BRDA:1923,230,1,0
BRDA:1931,231,0,0
BRDA:1931,231,1,0
BRDA:1948,232,0,0
BRDA:1948,232,1,0
BRDA:1948,233,0,0
BRDA:1948,233,1,0
BRDA:1974,234,0,0
BRDA:1974,234,1,0
BRDA:2079,235,0,0
BRDA:2079,235,1,0
BRDA:2079,236,0,0
BRDA:2079,236,1,0
BRDA:2085,237,0,0
BRDA:2085,237,1,0
BRDA:2085,238,0,0
BRDA:2085,238,1,0
BRDA:2091,239,0,0
BRDA:2091,239,1,0
BRDA:2096,240,0,0
BRDA:2096,240,1,0
BRDA:2102,241,0,0
BRDA:2102,241,1,0
BRDA:2108,242,0,0
BRDA:2108,242,1,0
BRDA:2110,243,0,0
BRDA:2110,243,1,0
BRDA:2128,244,0,0
BRDA:2128,244,1,0
BRDA:2128,245,0,0
BRDA:2128,245,1,0
BRDA:2191,246,0,0
BRDA:2191,246,1,0
BRDA:2192,247,0,0
BRDA:2192,247,1,0
BRDA:2195,248,0,0
BRDA:2195,248,1,0
BRDA:2204,249,0,0
BRDA:2204,249,1,0
BRDA:2207,250,0,0
BRDA:2207,250,1,0
BRDA:2215,251,0,0
BRDA:2215,251,1,0
BRDA:2215,252,0,0
BRDA:2215,252,1,0
BRDA:2227,253,0,0
BRDA:2227,253,1,0
BRDA:2232,254,0,0
BRDA:2232,254,1,0
BRDA:2232,255,0,0
BRDA:2232,255,1,0
BRDA:2245,256,0,0
BRDA:2245,256,1,0
BRDA:2248,257,0,0
BRDA:2248,257,1,0
BRDA:2256,258,0,0
BRDA:2256,258,1,0
BRDA:2256,259,0,0
BRDA:2256,259,1,0
BRDA:2265,260,0,0
BRDA:2265,260,1,0
BRDA:2270,261,0,0
BRDA:2270,261,1,0
BRDA:2270,262,0,0
BRDA:2270,262,1,0
BRDA:2284,263,0,0
BRDA:2284,263,1,0
BRDA:2284,264,0,0
BRDA:2284,264,1,0
BRDA:2292,265,0,0
BRDA:2292,265,1,0
BRDA:2306,266,0,0
BRDA:2306,266,1,0
BRDA:2306,267,0,0
BRDA:2306,267,1,0
BRDA:2325,268,0,0
BRDA:2325,268,1,0
BRDA:2327,269,0,0
BRDA:2327,269,1,0
BRDA:2350,270,0,0
BRDA:2350,270,1,0
BRDA:2350,271,0,0
BRDA:2350,271,1,0
BRDA:2353,272,0,0
BRDA:2353,272,1,0
BRDA:2356,273,0,0
BRDA:2356,273,1,0
BRDA:2366,274,0,0
BRDA:2366,274,1,0
BRDA:2368,275,0,0
BRDA:2368,275,1,0
BRDA:2393,276,0,0
BRDA:2393,276,1,0
BRDA:2393,276,2,0
BRDA:2396,277,0,0
BRDA:2396,277,1,0
BRDA:2403,278,0,0
BRDA:2403,278,1,0
BRDA:2413,279,0,0
BRDA:2413,279,1,0
BRDA:2413,279,2,0
BRDA:2413,279,3,0
BRDA:2413,279,4,0
BRDA:2413,279,5,0
BRDA:2422,280,0,0
BRDA:2422,280,1,0
BRDA:2422,281,0,0
BRDA:2422,281,1,0
BRDA:2423,282,0,0
BRDA:2423,282,1,0
BRDA:2424,283,0,0
BRDA:2424,283,1,0
BRDA:2430,284,0,0
BRDA:2430,284,1,0
BRDA:2430,285,0,0
BRDA:2430,285,1,0
BRDA:2431,286,0,0
BRDA:2431,286,1,0
BRDA:2432,287,0,0
BRDA:2432,287,1,0
BRDA:2452,288,0,0
BRDA:2452,288,1,0
BRDA:2453,289,0,0
BRDA:2453,289,1,0
BRDA:2455,290,0,0
BRDA:2455,290,1,0
BRDA:2457,291,0,0
BRDA:2457,291,1,0
BRDA:2457,292,0,0
BRDA:2457,292,1,0
BRDA:2461,293,0,0
BRDA:2461,293,1,0
BRDA:2475,294,0,0
BRDA:2475,294,1,0
BRDA:2498,295,0,0
BRDA:2498,295,1,0
BRDA:2498,296,0,0
BRDA:2498,296,1,0
BRDA:2498,296,2,0
BRDA:2498,296,3,0
BRDA:2502,297,0,0
BRDA:2502,297,1,0
BRDA:2523,298,0,0
BRDA:2523,298,1,0
BRDA:2523,299,0,0
BRDA:2523,299,1,0
BRDA:2523,299,2,0
BRDA:2523,299,3,0
BRDA:2527,300,0,0
BRDA:2527,300,1,0
BRDA:2543,301,0,0
BRDA:2543,301,1,0
BRDA:2554,302,0,0
BRDA:2554,302,1,0
BRDA:2565,303,0,0
BRDA:2565,303,1,0
BRDA:2577,304,0,0
BRDA:2577,304,1,0
BRDA:2588,305,0,0
BRDA:2588,305,1,0
BRDA:2601,306,0,0
BRDA:2601,306,1,0
BRDA:2614,307,0,0
BRDA:2614,307,1,0
BRDA:2614,308,0,0
BRDA:2614,308,1,0
BRDA:2623,309,0,0
BRDA:2623,309,1,0
BRDA:2636,310,0,0
BRDA:2636,310,1,0
BRDA:2651,311,0,0
BRDA:2651,311,1,0
BRDA:2658,312,0,0
BRDA:2658,312,1,0
BRDA:2662,313,0,0
BRDA:2662,313,1,0
BRDA:2664,314,0,0
BRDA:2664,314,1,0
BRDA:2666,315,0,0
BRDA:2666,315,1,0
BRDA:2669,316,0,0
BRDA:2669,316,1,0
BRDA:2677,317,0,0
BRDA:2677,317,1,0
BRDA:2677,318,0,0
BRDA:2677,318,1,0
BRDA:2696,319,0,0
BRDA:2704,320,0,0
BRDA:2704,320,1,0
BRDA:2705,321,0,0
BRDA:2705,321,1,0
BRDA:2710,322,0,0
BRDA:2710,322,1,0
BRDA:2713,323,0,0
BRDA:2713,323,1,0
BRDA:2713,324,0,0
BRDA:2713,324,1,0
BRDA:2716,325,0,0
BRDA:2716,325,1,0
BRDA:2716,326,0,0
BRDA:2716,326,1,0
BRDA:2719,327,0,0
BRDA:2719,327,1,0
BRDA:2724,328,0,0
BRDA:2724,328,1,0
BRDA:2732,329,0,0
BRDA:2732,329,1,0
BRDA:2740,330,0,0
BRDA:2740,330,1,0
BRDA:2742,331,0,0
BRDA:2742,331,1,0
BRDA:2746,332,0,0
BRDA:2746,332,1,0
BRDA:2746,333,0,0
BRDA:2746,333,1,0
BRDA:2750,334,0,0
BRDA:2750,334,1,0
BRDA:2751,335,0,0
BRDA:2751,335,1,0
BRDA:2771,336,0,0
BRDA:2771,336,1,0
BRDA:2783,337,0,0
BRDA:2783,337,1,0
BRDA:2796,338,0,0
BRDA:2796,338,1,0
BRDA:2819,339,0,0
BRDA:2819,339,1,0
BRDA:2820,340,0,0
BRDA:2820,340,1,0
BRDA:2820,341,0,0
BRDA:2820,341,1,0
BRDA:2835,342,0,0
BRDA:2835,342,1,0
BRDA:2837,343,0,0
BRDA:2837,343,1,0
BRDA:2860,344,0,0
BRDA:2860,344,1,0
BRDA:2860,344,2,0
BRDA:2863,345,0,0
BRDA:2863,345,1,0
BRDA:2869,346,0,0
BRDA:2869,346,1,0
BRDA:2869,347,0,0
BRDA:2869,347,1,0
BRDA:2873,348,0,0
BRDA:2873,348,1,0
BRDA:2878,349,0,0
BRDA:2878,349,1,0
BRDA:2888,350,0,0
BRDA:2888,350,1,0
BRDA:2893,351,0,0
BRDA:2893,351,1,0
BRDA:2911,352,0,0
BRDA:2911,352,1,0
BRDA:2911,353,0,0
BRDA:2911,353,1,0
BRDA:2911,353,2,0
BRDA:2911,353,3,0
BRDA:2915,354,0,0
BRDA:2915,354,1,0
BRDA:2932,355,0,0
BRDA:2932,355,1,0
BRDA:2932,356,0,0
BRDA:2932,356,1,0
BRDA:2944,357,0,0
BRDA:2944,357,1,0
BRDA:2944,358,0,0
BRDA:2944,358,1,0
BRDA:2955,359,0,0
BRDA:2955,359,1,0
BRDA:2957,360,0,0
BRDA:2957,360,1,0
BRDA:2970,361,0,0
BRDA:2970,361,1,0
BRDA:2972,362,0,0
BRDA:2972,362,1,0
BRDA:2995,363,0,0
BRDA:2995,363,1,0
BRDA:2995,364,0,0
BRDA:2995,364,1,0
BRDA:2997,365,0,0
BRDA:2997,365,1,0
BRF:750
BRH:0
end_of_record
TN:
SF:src/scripts/markdownRenderer.js
FN:7,(anonymous_0)
FN:43,(anonymous_1)
FN:51,(anonymous_2)
FN:100,(anonymous_3)
FN:102,(anonymous_4)
FN:125,(anonymous_5)
FN:135,(anonymous_6)
FN:156,(anonymous_7)
FN:166,(anonymous_8)
FNF:9
FNH:0
FNDA:0,(anonymous_0)
FNDA:0,(anonymous_1)
FNDA:0,(anonymous_2)
FNDA:0,(anonymous_3)
FNDA:0,(anonymous_4)
FNDA:0,(anonymous_5)
FNDA:0,(anonymous_6)
FNDA:0,(anonymous_7)
FNDA:0,(anonymous_8)
DA:8,0
DA:44,0
DA:45,0
DA:48,0
DA:51,0
DA:52,0
DA:56,0
DA:59,0
DA:61,0
DA:64,0
DA:65,0
DA:69,0
DA:70,0
DA:74,0
DA:75,0
DA:76,0
DA:77,0
DA:78,0
DA:79,0
DA:80,0
DA:81,0
DA:84,0
DA:87,0
DA:88,0
DA:89,0
DA:90,0
DA:92,0
DA:102,0
DA:104,0
DA:108,0
DA:109,0
DA:110,0
DA:111,0
DA:114,0
DA:115,0
DA:117,0
DA:126,0
DA:136,0
DA:139,0
DA:140,0
DA:141,0
DA:142,0
DA:143,0
DA:144,0
DA:145,0
DA:146,0
DA:148,0
DA:157,0
DA:167,0
DA:169,0
DA:170,0
DA:172,0
DA:173,0
DA:176,0
DA:181,0
DA:182,0
DA:185,0
LF:57
LH:0
BRDA:43,0,0,0
BRDA:44,1,0,0
BRDA:44,1,1,0
BRDA:44,2,0,0
BRDA:44,2,1,0
BRDA:56,3,0,0
BRDA:56,3,1,0
BRDA:69,4,0,0
BRDA:69,4,1,0
BRDA:69,5,0,0
BRDA:69,5,1,0
BRDA:135,6,0,0
BRDA:166,7,0,0
BRDA:167,8,0,0
BRDA:167,8,1,0
BRDA:172,9,0,0
BRDA:172,9,1,0
BRDA:172,10,0,0
BRDA:172,10,1,0
BRDA:181,11,0,0
BRDA:181,11,1,0
BRF:21
BRH:0
end_of_record
TN:
SF:src/scripts/notifications.js
FN:5,(anonymous_0)
FN:12,(anonymous_1)
FN:25,(anonymous_2)
FN:41,(anonymous_3)
FN:52,(anonymous_4)
FN:59,(anonymous_5)
FN:69,(anonymous_6)
FN:75,(anonymous_7)
FN:86,(anonymous_8)
FN:87,(anonymous_9)
FN:95,(anonymous_10)
FN:109,showNotification
FN:117,(anonymous_12)
FNF:13
FNH:0
FNDA:0,(anonymous_0)
FNDA:0,(anonymous_1)
FNDA:0,(anonymous_2)
FNDA:0,(anonymous_3)
FNDA:0,(anonymous_4)
FNDA:0,(anonymous_5)
FNDA:0,(anonymous_6)
FNDA:0,(anonymous_7)
FNDA:0,(anonymous_8)
FNDA:0,(anonymous_9)
FNDA:0,(anonymous_10)
FNDA:0,showNotification
FNDA:0,(anonymous_12)
DA:6,0
DA:7,0
DA:8,0
DA:9,0
DA:13,0
DA:14,0
DA:15,0
DA:26,0
DA:28,0
DA:29,0
DA:32,0
DA:33,0
DA:36,0
DA:37,0
DA:40,0
DA:41,0
DA:42,0
DA:46,0
DA:53,0
DA:54,0
DA:55,0
DA:56,0
DA:59,0
DA:60,0
DA:63,0
DA:70,0
DA:71,0
DA:73,0
DA:75,0
DA:76,0
DA:77,0
DA:79,0
DA:87,0
DA:88,0
DA:96,0
DA:110,0
DA:111,0
DA:113,0
DA:117,0
DA:118,0
DA:119,0
LF:41
LH:0
BRDA:14,0,0,0
BRDA:14,0,1,0
BRDA:25,1,0,0
BRDA:25,2,0,0
BRDA:26,3,0,0
BRDA:26,3,1,0
BRDA:40,4,0,0
BRDA:40,4,1,0
BRDA:71,5,0,0
BRDA:71,5,1,0
BRDA:76,6,0,0
BRDA:76,6,1,0
BRDA:109,7,0,0
BRDA:109,8,0,0
BRDA:110,9,0,0
BRDA:110,9,1,0
BRDA:118,10,0,0
BRDA:118,10,1,0
BRF:18
BRH:0
end_of_record
TN:
SF:src/scripts/pauseManager.js
FN:7,(anonymous_0)
FN:18,(anonymous_1)
FN:29,(anonymous_2)
FN:31,(anonymous_3)
FN:38,(anonymous_4)
FN:39,(anonymous_5)
FN:45,(anonymous_6)
FN:53,(anonymous_7)
FN:84,(anonymous_8)
FN:93,(anonymous_9)
FN:97,(anonymous_10)
FN:101,(anonymous_11)
FN:118,(anonymous_12)
FN:125,(anonymous_13)
FN:134,(anonymous_14)
FN:157,(anonymous_15)
FN:168,(anonymous_16)
FN:177,(anonymous_17)
FN:185,(anonymous_18)
FN:195,(anonymous_19)
FN:251,(anonymous_20)
FN:272,(anonymous_21)
FN:283,(anonymous_22)
FN:297,(anonymous_23)
FN:315,(anonymous_24)
FN:332,(anonymous_25)
FN:349,(anonymous_26)
FNF:27
FNH:0
FNDA:0,(anonymous_0)
FNDA:0,(anonymous_1)
FNDA:0,(anonymous_2)
FNDA:0,(anonymous_3)
FNDA:0,(anonymous_4)
FNDA:0,(anonymous_5)
FNDA:0,(anonymous_6)
FNDA:0,(anonymous_7)
FNDA:0,(anonymous_8)
FNDA:0,(anonymous_9)
FNDA:0,(anonymous_10)
FNDA:0,(anonymous_11)
FNDA:0,(anonymous_12)
FNDA:0,(anonymous_13)
FNDA:0,(anonymous_14)
FNDA:0,(anonymous_15)
FNDA:0,(anonymous_16)
FNDA:0,(anonymous_17)
FNDA:0,(anonymous_18)
FNDA:0,(anonymous_19)
FNDA:0,(anonymous_20)
FNDA:0,(anonymous_21)
FNDA:0,(anonymous_22)
FNDA:0,(anonymous_23)
FNDA:0,(anonymous_24)
FNDA:0,(anonymous_25)
FNDA:0,(anonymous_26)
DA:8,0
DA:9,0
DA:10,0
DA:11,0
DA:12,0
DA:19,0
DA:20,0
DA:21,0
DA:22,0
DA:31,0
DA:32,0
DA:33,0
DA:38,0
DA:39,0
DA:40,0
DA:41,0
DA:45,0
DA:46,0
DA:55,0
DA:56,0
DA:57,0
DA:61,0
DA:62,0
DA:63,0
DA:75,0
DA:84,0
DA:85,0
DA:86,0
DA:91,0
DA:93,0
DA:94,0
DA:97,0
DA:98,0
DA:101,0
DA:102,0
DA:103,0
DA:106,0
DA:110,0
DA:111,0
DA:112,0
DA:115,0
DA:118,0
DA:119,0
DA:120,0
DA:121,0
DA:125,0
DA:126,0
DA:136,0
DA:138,0
DA:140,0
DA:141,0
DA:142,0
DA:145,0
DA:146,0
DA:147,0
DA:148,0
DA:151,0
DA:158,0
DA:159,0
DA:160,0
DA:161,0
DA:162,0
DA:169,0
DA:170,0
DA:174,0
DA:177,0
DA:178,0
DA:186,0
DA:187,0
DA:188,0
DA:196,0
DA:197,0
DA:198,0
DA:201,0
DA:202,0
DA:204,0
DA:205,0
DA:206,0
DA:209,0
DA:211,0
DA:213,0
DA:214,0
DA:215,0
DA:219,0
DA:220,0
DA:221,0
DA:222,0
DA:226,0
DA:227,0
DA:228,0
DA:229,0
DA:231,0
DA:235,0
DA:236,0
DA:239,0
DA:240,0
DA:241,0
DA:244,0
DA:253,0
DA:254,0
DA:258,0
DA:259,0
DA:262,0
DA:263,0
DA:265,0
DA:273,0
DA:274,0
DA:275,0
DA:276,0
DA:277,0
DA:286,0
DA:287,0
DA:288,0
DA:289,0
DA:290,0
DA:291,0
DA:298,0
DA:300,0
DA:301,0
DA:302,0
DA:304,0
DA:307,0
DA:316,0
DA:317,0
DA:320,0
DA:321,0
DA:324,0
DA:325,0
DA:333,0
DA:334,0
DA:337,0
DA:338,0
DA:341,0
DA:342,0
DA:343,0
DA:350,0
DA:355,0
DA:356,0
DA:359,0
LF:139
LH:0
BRDA:20,0,0,0
BRDA:20,0,1,0
BRDA:55,1,0,0
BRDA:55,1,1,0
BRDA:119,2,0,0
BRDA:119,2,1,0
BRDA:138,3,0,0
BRDA:138,3,1,0
BRDA:147,4,0,0
BRDA:147,4,1,0
BRDA:169,5,0,0
BRDA:169,5,1,0
BRDA:186,6,0,0
BRDA:186,6,1,0
BRDA:196,7,0,0
BRDA:196,7,1,0
BRDA:196,8,0,0
BRDA:196,8,1,0
BRDA:204,9,0,0
BRDA:204,9,1,0
BRDA:211,10,0,0
BRDA:211,10,1,0
BRDA:226,11,0,0
BRDA:226,11,1,0
BRDA:228,12,0,0
BRDA:228,12,1,0
BRDA:262,13,0,0
BRDA:262,13,1,0
BRDA:286,14,0,0
BRDA:286,14,1,0
BRDA:298,15,0,0
BRDA:298,15,1,0
BRDA:300,16,0,0
BRDA:300,16,1,0
BRDA:301,17,0,0
BRDA:301,17,1,0
BRDA:316,18,0,0
BRDA:316,18,1,0
BRDA:320,19,0,0
BRDA:320,19,1,0
BRDA:333,20,0,0
BRDA:333,20,1,0
BRDA:337,21,0,0
BRDA:337,21,1,0
BRDA:355,22,0,0
BRDA:355,22,1,0
BRF:46
BRH:0
end_of_record
TN:
SF:src/scripts/pomodoroManager.js
FN:7,(anonymous_0)
FN:48,(anonymous_1)
FN:52,(anonymous_2)
FN:71,(anonymous_3)
FN:89,(anonymous_4)
FN:93,(anonymous_5)
FN:104,(anonymous_6)
FN:164,(anonymous_7)
FN:255,(anonymous_8)
FN:282,(anonymous_9)
FN:303,(anonymous_10)
FN:337,(anonymous_11)
FN:350,(anonymous_12)
FN:369,(anonymous_13)
FN:388,(anonymous_14)
FN:428,(anonymous_15)
FN:433,(anonymous_16)
FN:458,(anonymous_17)
FN:485,(anonymous_18)
FN:519,(anonymous_19)
FN:528,(anonymous_20)
FN:545,(anonymous_21)
FN:558,(anonymous_22)
FN:577,(anonymous_23)
FN:598,(anonymous_24)
FN:606,(anonymous_25)
FN:619,(anonymous_26)
FN:643,(anonymous_27)
FN:700,(anonymous_28)
FN:709,(anonymous_29)
FN:714,(anonymous_30)
FN:729,(anonymous_31)
FN:742,(anonymous_32)
FN:761,(anonymous_33)
FN:771,(anonymous_34)
FN:807,(anonymous_35)
FN:839,(anonymous_36)
FN:870,(anonymous_37)
FN:898,(anonymous_38)
FN:930,(anonymous_39)
FN:940,(anonymous_40)
FN:971,(anonymous_41)
FN:1071,(anonymous_42)
FN:1108,(anonymous_43)
FN:1124,(anonymous_44)
FN:1127,(anonymous_45)
FN:1138,(anonymous_46)
FN:1148,(anonymous_47)
FN:1211,(anonymous_48)
FN:1236,(anonymous_49)
FN:1266,(anonymous_50)
FN:1283,(anonymous_51)
FN:1290,(anonymous_52)
FN:1302,(anonymous_53)
FN:1332,(anonymous_54)
FN:1354,(anonymous_55)
FN:1384,(anonymous_56)
FN:1399,(anonymous_57)
FN:1427,(anonymous_58)
FN:1437,(anonymous_59)
FN:1447,(anonymous_60)
FN:1454,(anonymous_61)
FNF:62
FNH:0
FNDA:0,(anonymous_0)
FNDA:0,(anonymous_1)
FNDA:0,(anonymous_2)
FNDA:0,(anonymous_3)
FNDA:0,(anonymous_4)
FNDA:0,(anonymous_5)
FNDA:0,(anonymous_6)
FNDA:0,(anonymous_7)
FNDA:0,(anonymous_8)
FNDA:0,(anonymous_9)
FNDA:0,(anonymous_10)
FNDA:0,(anonymous_11)
FNDA:0,(anonymous_12)
FNDA:0,(anonymous_13)
FNDA:0,(anonymous_14)
FNDA:0,(anonymous_15)
FNDA:0,(anonymous_16)
FNDA:0,(anonymous_17)
FNDA:0,(anonymous_18)
FNDA:0,(anonymous_19)
FNDA:0,(anonymous_20)
FNDA:0,(anonymous_21)
FNDA:0,(anonymous_22)
FNDA:0,(anonymous_23)
FNDA:0,(anonymous_24)
FNDA:0,(anonymous_25)
FNDA:0,(anonymous_26)
FNDA:0,(anonymous_27)
FNDA:0,(anonymous_28)
FNDA:0,(anonymous_29)
FNDA:0,(anonymous_30)
FNDA:0,(anonymous_31)
FNDA:0,(anonymous_32)
FNDA:0,(anonymous_33)
FNDA:0,(anonymous_34)
FNDA:0,(anonymous_35)
FNDA:0,(anonymous_36)
FNDA:0,(anonymous_37)
FNDA:0,(anonymous_38)
FNDA:0,(anonymous_39)
FNDA:0,(anonymous_40)
FNDA:0,(anonymous_41)
FNDA:0,(anonymous_42)
FNDA:0,(anonymous_43)
FNDA:0,(anonymous_44)
FNDA:0,(anonymous_45)
FNDA:0,(anonymous_46)
FNDA:0,(anonymous_47)
FNDA:0,(anonymous_48)
FNDA:0,(anonymous_49)
FNDA:0,(anonymous_50)
FNDA:0,(anonymous_51)
FNDA:0,(anonymous_52)
FNDA:0,(anonymous_53)
FNDA:0,(anonymous_54)
FNDA:0,(anonymous_55)
FNDA:0,(anonymous_56)
FNDA:0,(anonymous_57)
FNDA:0,(anonymous_58)
FNDA:0,(anonymous_59)
FNDA:0,(anonymous_60)
FNDA:0,(anonymous_61)
DA:8,0
DA:9,0
DA:10,0
DA:11,0
DA:12,0
DA:13,0
DA:14,0
DA:15,0
DA:16,0
DA:17,0
DA:18,0
DA:19,0
DA:20,0
DA:23,0
DA:42,0
DA:43,0
DA:45,0
DA:50,0
DA:51,0
DA:52,0
DA:53,0
DA:58,0
DA:63,0
DA:65,0
DA:72,0
DA:89,0
DA:90,0
DA:91,0
DA:92,0
DA:93,0
DA:94,0
DA:95,0
DA:96,0
DA:101,0
DA:105,0
DA:106,0
DA:107,0
DA:127,0
DA:128,0
DA:131,0
DA:132,0
DA:133,0
DA:134,0
DA:135,0
DA:136,0
DA:139,0
DA:140,0
DA:143,0
DA:146,0
DA:149,0
DA:152,0
DA:153,0
DA:154,0
DA:156,0
DA:160,0
DA:165,0
DA:166,0
DA:167,0
DA:168,0
DA:169,0
DA:170,0
DA:171,0
DA:172,0
DA:173,0
DA:174,0
DA:175,0
DA:176,0
DA:177,0
DA:178,0
DA:179,0
DA:180,0
DA:181,0
DA:183,0
DA:184,0
DA:187,0
DA:188,0
DA:191,0
DA:192,0
DA:195,0
DA:196,0
DA:199,0
DA:200,0
DA:203,0
DA:204,0
DA:207,0
DA:208,0
DA:211,0
DA:212,0
DA:215,0
DA:216,0
DA:219,0
DA:220,0
DA:223,0
DA:224,0
DA:227,0
DA:228,0
DA:231,0
DA:232,0
DA:235,0
DA:236,0
DA:239,0
DA:240,0
DA:243,0
DA:244,0
DA:248,0
DA:250,0
DA:251,0
DA:256,0
DA:257,0
DA:259,0
DA:260,0
DA:261,0
DA:265,0
DA:267,0
DA:268,0
DA:270,0
DA:274,0
DA:275,0
DA:276,0
DA:279,0
DA:283,0
DA:286,0
DA:287,0
DA:288,0
DA:289,0
DA:290,0
DA:291,0
DA:292,0
DA:295,0
DA:298,0
DA:300,0
DA:304,0
DA:305,0
DA:307,0
DA:308,0
DA:309,0
DA:312,0
DA:313,0
DA:315,0
DA:316,0
DA:320,0
DA:321,0
DA:322,0
DA:323,0
DA:324,0
DA:325,0
DA:326,0
DA:327,0
DA:328,0
DA:329,0
DA:330,0
DA:333,0
DA:334,0
DA:338,0
DA:341,0
DA:342,0
DA:343,0
DA:344,0
DA:347,0
DA:351,0
DA:354,0
DA:355,0
DA:356,0
DA:358,0
DA:359,0
DA:361,0
DA:362,0
DA:363,0
DA:364,0
DA:365,0
DA:366,0
DA:367,0
DA:369,0
DA:370,0
DA:374,0
DA:377,0
DA:380,0
DA:383,0
DA:385,0
DA:389,0
DA:391,0
DA:392,0
DA:393,0
DA:396,0
DA:399,0
DA:402,0
DA:403,0
DA:404,0
DA:409,0
DA:417,0
DA:418,0
DA:422,0
DA:425,0
DA:428,0
DA:429,0
DA:434,0
DA:437,0
DA:438,0
DA:439,0
DA:441,0
DA:442,0
DA:444,0
DA:445,0
DA:446,0
DA:447,0
DA:451,0
DA:452,0
DA:454,0
DA:455,0
DA:456,0
DA:458,0
DA:459,0
DA:463,0
DA:466,0
DA:469,0
DA:471,0
DA:472,0
DA:475,0
DA:476,0
DA:477,0
DA:478,0
DA:482,0
DA:486,0
DA:488,0
DA:491,0
DA:492,0
DA:493,0
DA:494,0
DA:501,0
DA:502,0
DA:506,0
DA:507,0
DA:508,0
DA:512,0
DA:515,0
DA:518,0
DA:519,0
DA:520,0
DA:524,0
DA:529,0
DA:540,0
DA:541,0
DA:546,0
DA:553,0
DA:554,0
DA:559,0
DA:569,0
DA:570,0
DA:579,0
DA:580,0
DA:583,0
DA:586,0
DA:587,0
DA:588,0
DA:589,0
DA:590,0
DA:592,0
DA:599,0
DA:601,0
DA:604,0
DA:606,0
DA:607,0
DA:609,0
DA:615,0
DA:620,0
DA:622,0
DA:625,0
DA:626,0
DA:627,0
DA:630,0
DA:639,0
DA:640,0
DA:644,0
DA:647,0
DA:648,0
DA:649,0
DA:650,0
DA:651,0
DA:652,0
DA:653,0
DA:654,0
DA:655,0
DA:656,0
DA:657,0
DA:658,0
DA:659,0
DA:660,0
DA:662,0
DA:663,0
DA:664,0
DA:665,0
DA:666,0
DA:667,0
DA:668,0
DA:669,0
DA:670,0
DA:671,0
DA:672,0
DA:673,0
DA:674,0
DA:675,0
DA:678,0
DA:679,0
DA:680,0
DA:681,0
DA:682,0
DA:683,0
DA:684,0
DA:685,0
DA:686,0
DA:687,0
DA:688,0
DA:689,0
DA:690,0
DA:691,0
DA:693,0
DA:702,0
DA:711,0
DA:715,0
DA:716,0
DA:718,0
DA:719,0
DA:720,0
DA:721,0
DA:730,0
DA:733,0
DA:735,0
DA:736,0
DA:737,0
DA:740,0
DA:742,0
DA:743,0
DA:744,0
DA:745,0
DA:748,0
DA:751,0
DA:755,0
DA:762,0
DA:763,0
DA:764,0
DA:772,0
DA:773,0
DA:774,0
DA:777,0
DA:778,0
DA:782,0
DA:783,0
DA:784,0
DA:787,0
DA:788,0
DA:790,0
DA:791,0
DA:793,0
DA:794,0
DA:796,0
DA:797,0
DA:800,0
DA:801,0
DA:808,0
DA:809,0
DA:813,0
DA:814,0
DA:817,0
DA:820,0
DA:821,0
DA:822,0
DA:824,0
DA:825,0
DA:828,0
DA:829,0
DA:832,0
DA:840,0
DA:842,0
DA:843,0
DA:844,0
DA:845,0
DA:847,0
DA:848,0
DA:850,0
DA:851,0
DA:853,0
DA:854,0
DA:856,0
DA:857,0
DA:860,0
DA:863,0
DA:871,0
DA:873,0
DA:874,0
DA:875,0
DA:877,0
DA:878,0
DA:880,0
DA:881,0
DA:882,0
DA:887,0
DA:888,0
DA:892,0
DA:900,0
DA:901,0
DA:909,0
DA:910,0
DA:911,0
DA:912,0
DA:915,0
DA:918,0
DA:921,0
DA:924,0
DA:927,0
DA:930,0
DA:931,0
DA:934,0
DA:941,0
DA:942,0
DA:943,0
DA:946,0
DA:947,0
DA:948,0
DA:949,0
DA:950,0
DA:951,0
DA:954,0
DA:955,0
DA:958,0
DA:961,0
DA:964,0
DA:972,0
DA:973,0
DA:974,0
DA:975,0
DA:976,0
DA:977,0
DA:979,0
DA:981,0
DA:982,0
DA:983,0
DA:984,0
DA:987,0
DA:988,0
DA:991,0
DA:995,0
DA:996,0
DA:998,0
DA:1002,0
DA:1003,0
DA:1007,0
DA:1008,0
DA:1009,0
DA:1012,0
DA:1013,0
DA:1014,0
DA:1015,0
DA:1016,0
DA:1017,0
DA:1018,0
DA:1019,0
DA:1023,0
DA:1025,0
DA:1026,0
DA:1030,0
DA:1032,0
DA:1033,0
DA:1036,0
DA:1038,0
DA:1039,0
DA:1040,0
DA:1042,0
DA:1043,0
DA:1044,0
DA:1045,0
DA:1046,0
DA:1047,0
DA:1048,0
DA:1050,0
DA:1051,0
DA:1052,0
DA:1053,0
DA:1054,0
DA:1055,0
DA:1056,0
DA:1060,0
DA:1061,0
DA:1062,0
DA:1064,0
DA:1072,0
DA:1073,0
DA:1075,0
DA:1076,0
DA:1077,0
DA:1080,0
DA:1082,0
DA:1083,0
DA:1084,0
DA:1085,0
DA:1086,0
DA:1087,0
DA:1088,0
DA:1089,0
DA:1090,0
DA:1091,0
DA:1093,0
DA:1094,0
DA:1095,0
DA:1098,0
DA:1099,0
DA:1100,0
DA:1101,0
DA:1109,0
DA:1111,0
DA:1112,0
DA:1114,0
DA:1117,0
DA:1125,0
DA:1127,0
DA:1128,0
DA:1129,0
DA:1130,0
DA:1139,0
DA:1140,0
DA:1141,0
DA:1149,0
DA:1151,0
DA:1155,0
DA:1157,0
DA:1158,0
DA:1161,0
DA:1162,0
DA:1165,0
DA:1168,0
DA:1169,0
DA:1171,0
DA:1172,0
DA:1173,0
DA:1174,0
DA:1176,0
DA:1179,0
DA:1180,0
DA:1181,0
DA:1182,0
DA:1184,0
DA:1188,0
DA:1189,0
DA:1190,0
DA:1192,0
DA:1194,0
DA:1195,0
DA:1196,0
DA:1197,0
DA:1198,0
DA:1200,0
DA:1201,0
DA:1204,0
DA:1205,0
DA:1206,0
DA:1207,0
DA:1208,0
DA:1211,0
DA:1212,0
DA:1213,0
DA:1215,0
DA:1220,0
DA:1221,0
DA:1223,0
DA:1225,0
DA:1226,0
DA:1230,0
DA:1237,0
DA:1239,0
DA:1242,0
DA:1243,0
DA:1244,0
DA:1245,0
DA:1246,0
DA:1248,0
DA:1249,0
DA:1252,0
DA:1253,0
DA:1255,0
DA:1256,0
DA:1258,0
DA:1259,0
DA:1267,0
DA:1268,0
DA:1269,0
DA:1270,0
DA:1271,0
DA:1273,0
DA:1274,0
DA:1277,0
DA:1284,0
DA:1285,0
DA:1288,0
DA:1289,0
DA:1290,0
DA:1291,0
DA:1292,0
DA:1294,0
DA:1303,0
DA:1304,0
DA:1306,0
DA:1308,0
DA:1314,0
DA:1315,0
DA:1319,0
DA:1320,0
DA:1323,0
DA:1325,0
DA:1333,0
DA:1334,0
DA:1337,0
DA:1338,0
DA:1339,0
DA:1342,0
DA:1344,0
DA:1347,0
DA:1355,0
DA:1357,0
DA:1358,0
DA:1361,0
DA:1362,0
DA:1363,0
DA:1367,0
DA:1368,0
DA:1371,0
DA:1374,0
DA:1375,0
DA:1377,0
DA:1378,0
DA:1385,0
DA:1388,0
DA:1389,0
DA:1392,0
DA:1393,0
DA:1395,0
DA:1396,0
DA:1399,0
DA:1400,0
DA:1401,0
DA:1403,0
DA:1408,0
DA:1409,0
DA:1411,0
DA:1414,0
DA:1417,0
DA:1418,0
DA:1420,0
DA:1421,0
DA:1428,0
DA:1429,0
DA:1430,0
DA:1438,0
DA:1439,0
DA:1440,0
DA:1448,0
DA:1449,0
DA:1450,0
DA:1455,0
DA:1456,0
DA:1457,0
DA:1459,0
DA:1460,0
DA:1461,0
DA:1462,0
DA:1463,0
DA:1468,0
DA:1469,0
DA:1472,0
LF:667
LH:0
BRDA:51,0,0,0
BRDA:51,0,1,0
BRDA:91,1,0,0
BRDA:91,1,1,0
BRDA:92,2,0,0
BRDA:92,2,1,0
BRDA:105,3,0,0
BRDA:105,3,1,0
BRDA:105,4,0,0
BRDA:105,4,1,0
BRDA:108,5,0,0
BRDA:108,5,1,0
BRDA:109,6,0,0
BRDA:109,6,1,0
BRDA:110,7,0,0
BRDA:110,7,1,0
BRDA:111,8,0,0
BRDA:111,8,1,0
BRDA:112,9,0,0
BRDA:112,9,1,0
BRDA:113,10,0,0
BRDA:113,10,1,0
BRDA:114,11,0,0
BRDA:114,11,1,0
BRDA:115,12,0,0
BRDA:115,12,1,0
BRDA:116,13,0,0
BRDA:116,13,1,0
BRDA:117,14,0,0
BRDA:117,14,1,0
BRDA:118,15,0,0
BRDA:118,15,1,0
BRDA:120,16,0,0
BRDA:120,16,1,0
BRDA:123,17,0,0
BRDA:123,17,1,0
BRDA:127,18,0,0
BRDA:127,18,1,0
BRDA:128,19,0,0
BRDA:128,19,1,0
BRDA:131,20,0,0
BRDA:131,20,1,0
BRDA:132,21,0,0
BRDA:132,21,1,0
BRDA:133,22,0,0
BRDA:133,22,1,0
BRDA:139,23,0,0
BRDA:139,23,1,0
BRDA:143,24,0,0
BRDA:143,24,1,0
BRDA:146,25,0,0
BRDA:146,25,1,0
BRDA:152,26,0,0
BRDA:152,26,1,0
BRDA:152,27,0,0
BRDA:152,27,1,0
BRDA:152,27,2,0
BRDA:152,27,3,0
BRDA:154,28,0,0
BRDA:154,28,1,0
BRDA:154,29,0,0
BRDA:154,29,1,0
BRDA:183,30,0,0
BRDA:183,30,1,0
BRDA:187,31,0,0
BRDA:187,31,1,0
BRDA:188,32,0,0
BRDA:188,32,1,0
BRDA:191,33,0,0
BRDA:191,33,1,0
BRDA:195,34,0,0
BRDA:195,34,1,0
BRDA:199,35,0,0
BRDA:199,35,1,0
BRDA:203,36,0,0
BRDA:203,36,1,0
BRDA:207,37,0,0
BRDA:207,37,1,0
BRDA:211,38,0,0
BRDA:211,38,1,0
BRDA:215,39,0,0
BRDA:215,39,1,0
BRDA:219,40,0,0
BRDA:219,40,1,0
BRDA:223,41,0,0
BRDA:223,41,1,0
BRDA:227,42,0,0
BRDA:227,42,1,0
BRDA:231,43,0,0
BRDA:231,43,1,0
BRDA:235,44,0,0
BRDA:235,44,1,0
BRDA:239,45,0,0
BRDA:239,45,1,0
BRDA:243,46,0,0
BRDA:243,46,1,0
BRDA:250,47,0,0
BRDA:250,47,1,0
BRDA:260,48,0,0
BRDA:260,48,1,0
BRDA:261,49,0,0
BRDA:261,49,1,0
BRDA:267,50,0,0
BRDA:267,50,1,0
BRDA:274,51,0,0
BRDA:274,51,1,0
BRDA:279,52,0,0
BRDA:279,52,1,0
BRDA:283,53,0,0
BRDA:283,53,1,0
BRDA:307,54,0,0
BRDA:307,54,1,0
BRDA:315,55,0,0
BRDA:315,55,1,0
BRDA:315,56,0,0
BRDA:315,56,1,0
BRDA:320,57,0,0
BRDA:320,57,1,0
BRDA:320,58,0,0
BRDA:320,58,1,0
BRDA:338,59,0,0
BRDA:338,59,1,0
BRDA:341,60,0,0
BRDA:341,60,1,0
BRDA:351,61,0,0
BRDA:351,61,1,0
BRDA:354,62,0,0
BRDA:354,62,1,0
BRDA:389,63,0,0
BRDA:389,63,1,0
BRDA:402,64,0,0
BRDA:402,64,1,0
BRDA:403,65,0,0
BRDA:403,65,1,0
BRDA:406,66,0,0
BRDA:406,66,1,0
BRDA:417,67,0,0
BRDA:417,67,1,0
BRDA:434,68,0,0
BRDA:434,68,1,0
BRDA:437,69,0,0
BRDA:437,69,1,0
BRDA:451,70,0,0
BRDA:451,70,1,0
BRDA:451,70,2,0
BRDA:452,71,0,0
BRDA:452,71,1,0
BRDA:471,72,0,0
BRDA:471,72,1,0
BRDA:475,73,0,0
BRDA:475,73,1,0
BRDA:476,74,0,0
BRDA:476,74,1,0
BRDA:476,75,0,0
BRDA:476,75,1,0
BRDA:486,76,0,0
BRDA:486,76,1,0
BRDA:491,77,0,0
BRDA:491,77,1,0
BRDA:492,78,0,0
BRDA:492,78,1,0
BRDA:492,78,2,0
BRDA:493,79,0,0
BRDA:493,79,1,0
BRDA:501,80,0,0
BRDA:501,80,1,0
BRDA:506,81,0,0
BRDA:506,81,1,0
BRDA:506,82,0,0
BRDA:506,82,1,0
BRDA:518,83,0,0
BRDA:518,83,1,0
BRDA:540,84,0,0
BRDA:540,84,1,0
BRDA:553,85,0,0
BRDA:553,85,1,0
BRDA:569,86,0,0
BRDA:569,86,1,0
BRDA:583,87,0,0
BRDA:583,87,1,0
BRDA:599,88,0,0
BRDA:599,88,1,0
BRDA:599,89,0,0
BRDA:599,89,1,0
BRDA:607,90,0,0
BRDA:607,90,1,0
BRDA:611,91,0,0
BRDA:611,91,1,0
BRDA:620,92,0,0
BRDA:620,92,1,0
BRDA:620,93,0,0
BRDA:620,93,1,0
BRDA:625,94,0,0
BRDA:625,94,1,0
BRDA:633,95,0,0
BRDA:633,95,1,0
BRDA:644,96,0,0
BRDA:644,96,1,0
BRDA:662,97,0,0
BRDA:662,97,1,0
BRDA:663,98,0,0
BRDA:663,98,1,0
BRDA:664,99,0,0
BRDA:664,99,1,0
BRDA:665,100,0,0
BRDA:665,100,1,0
BRDA:666,101,0,0
BRDA:666,101,1,0
BRDA:667,102,0,0
BRDA:667,102,1,0
BRDA:668,103,0,0
BRDA:668,103,1,0
BRDA:669,104,0,0
BRDA:669,104,1,0
BRDA:670,105,0,0
BRDA:670,105,1,0
BRDA:671,106,0,0
BRDA:671,106,1,0
BRDA:672,107,0,0
BRDA:672,107,1,0
BRDA:673,108,0,0
BRDA:673,108,1,0
BRDA:674,109,0,0
BRDA:674,109,1,0
BRDA:675,110,0,0
BRDA:675,110,1,0
BRDA:711,111,0,0
BRDA:711,111,1,0
BRDA:715,112,0,0
BRDA:715,112,1,0
BRDA:716,113,0,0
BRDA:716,113,1,0
BRDA:719,114,0,0
BRDA:719,114,1,0
BRDA:720,115,0,0
BRDA:720,115,1,0
BRDA:735,116,0,0
BRDA:735,116,1,0
BRDA:735,117,0,0
BRDA:735,117,1,0
BRDA:735,117,2,0
BRDA:735,117,3,0
BRDA:743,118,0,0
BRDA:743,118,1,0
BRDA:743,119,0,0
BRDA:743,119,1,0
BRDA:743,119,2,0
BRDA:762,120,0,0
BRDA:762,120,1,0
BRDA:772,121,0,0
BRDA:772,121,1,0
BRDA:772,122,0,0
BRDA:772,122,1,0
BRDA:777,123,0,0
BRDA:777,123,1,0
BRDA:783,124,0,0
BRDA:783,124,1,0
BRDA:788,125,0,0
BRDA:788,125,1,0
BRDA:788,125,2,0
BRDA:808,126,0,0
BRDA:808,126,1,0
BRDA:808,127,0,0
BRDA:808,127,1,0
BRDA:820,128,0,0
BRDA:820,128,1,0
BRDA:828,129,0,0
BRDA:828,129,1,0
BRDA:828,130,0,0
BRDA:828,130,1,0
BRDA:828,130,2,0
BRDA:840,131,0,0
BRDA:840,131,1,0
BRDA:847,132,0,0
BRDA:847,132,1,0
BRDA:850,133,0,0
BRDA:850,133,1,0
BRDA:853,134,0,0
BRDA:853,134,1,0
BRDA:853,135,0,0
BRDA:853,135,1,0
BRDA:854,136,0,0
BRDA:854,136,1,0
BRDA:856,137,0,0
BRDA:856,137,1,0
BRDA:856,138,0,0
BRDA:856,138,1,0
BRDA:857,139,0,0
BRDA:857,139,1,0
BRDA:873,140,0,0
BRDA:873,140,1,0
BRDA:873,141,0,0
BRDA:873,141,1,0
BRDA:877,142,0,0
BRDA:877,142,1,0
BRDA:878,143,0,0
BRDA:878,143,1,0
BRDA:880,144,0,0
BRDA:880,144,1,0
BRDA:881,145,0,0
BRDA:881,145,1,0
BRDA:887,146,0,0
BRDA:887,146,1,0
BRDA:900,147,0,0
BRDA:900,147,1,0
BRDA:900,148,0,0
BRDA:900,148,1,0
BRDA:921,149,0,0
BRDA:921,149,1,0
BRDA:941,150,0,0
BRDA:941,150,1,0
BRDA:941,151,0,0
BRDA:941,151,1,0
BRDA:979,152,0,0
BRDA:979,152,1,0
BRDA:981,153,0,0
BRDA:981,153,1,0
BRDA:984,154,0,0
BRDA:984,154,1,0
BRDA:988,155,0,0
BRDA:988,155,1,0
BRDA:988,156,0,0
BRDA:988,156,1,0
BRDA:988,156,2,0
BRDA:988,156,3,0
BRDA:988,156,4,0
BRDA:995,157,0,0
BRDA:995,157,1,0
BRDA:995,158,0,0
BRDA:995,158,1,0
BRDA:1002,159,0,0
BRDA:1002,159,1,0
BRDA:1007,160,0,0
BRDA:1007,160,1,0
BRDA:1007,161,0,0
BRDA:1007,161,1,0
BRDA:1012,162,0,0
BRDA:1012,162,1,0
BRDA:1014,163,0,0
BRDA:1014,163,1,0
BRDA:1014,164,0,0
BRDA:1014,164,1,0
BRDA:1017,165,0,0
BRDA:1017,165,1,0
BRDA:1023,166,0,0
BRDA:1023,166,1,0
BRDA:1030,167,0,0
BRDA:1030,167,1,0
BRDA:1042,168,0,0
BRDA:1042,168,1,0
BRDA:1044,169,0,0
BRDA:1044,169,1,0
BRDA:1046,170,0,0
BRDA:1046,170,1,0
BRDA:1047,171,0,0
BRDA:1047,171,1,0
BRDA:1048,172,0,0
BRDA:1048,172,1,0
BRDA:1048,173,0,0
BRDA:1048,173,1,0
BRDA:1050,174,0,0
BRDA:1050,174,1,0
BRDA:1050,174,2,0
BRDA:1051,175,0,0
BRDA:1051,175,1,0
BRDA:1052,176,0,0
BRDA:1052,176,1,0
BRDA:1054,177,0,0
BRDA:1054,177,1,0
BRDA:1055,178,0,0
BRDA:1055,178,1,0
BRDA:1056,179,0,0
BRDA:1056,179,1,0
BRDA:1060,180,0,0
BRDA:1060,180,1,0
BRDA:1073,181,0,0
BRDA:1073,181,1,0
BRDA:1075,182,0,0
BRDA:1075,182,1,0
BRDA:1082,183,0,0
BRDA:1082,183,1,0
BRDA:1086,184,0,0
BRDA:1086,184,1,0
BRDA:1087,185,0,0
BRDA:1087,185,1,0
BRDA:1109,186,0,0
BRDA:1109,186,1,0
BRDA:1112,187,0,0
BRDA:1112,187,1,0
BRDA:1128,188,0,0
BRDA:1128,188,1,0
BRDA:1128,189,0,0
BRDA:1128,189,1,0
BRDA:1139,190,0,0
BRDA:1139,190,1,0
BRDA:1155,191,0,0
BRDA:1155,191,1,0
BRDA:1155,192,0,0
BRDA:1155,192,1,0
BRDA:1168,193,0,0
BRDA:1168,193,1,0
BRDA:1169,194,0,0
BRDA:1169,194,1,0
BRDA:1190,195,0,0
BRDA:1190,195,1,0
BRDA:1192,196,0,0
BRDA:1192,196,1,0
BRDA:1212,197,0,0
BRDA:1212,197,1,0
BRDA:1220,198,0,0
BRDA:1220,198,1,0
BRDA:1237,199,0,0
BRDA:1237,199,1,0
BRDA:1242,200,0,0
BRDA:1242,200,1,0
BRDA:1242,201,0,0
BRDA:1242,201,1,0
BRDA:1248,202,0,0
BRDA:1248,202,1,0
BRDA:1256,203,0,0
BRDA:1256,203,1,0
BRDA:1273,204,0,0
BRDA:1273,204,1,0
BRDA:1284,205,0,0
BRDA:1284,205,1,0
BRDA:1289,206,0,0
BRDA:1289,206,1,0
BRDA:1289,207,0,0
BRDA:1289,207,1,0
BRDA:1306,208,0,0
BRDA:1306,208,1,0
BRDA:1306,209,0,0
BRDA:1306,209,1,0
BRDA:1310,210,0,0
BRDA:1310,210,1,0
BRDA:1314,211,0,0
BRDA:1314,211,1,0
BRDA:1333,212,0,0
BRDA:1333,212,1,0
BRDA:1333,213,0,0
BRDA:1333,213,1,0
BRDA:1337,214,0,0
BRDA:1337,214,1,0
BRDA:1342,215,0,0
BRDA:1342,215,1,0
BRDA:1355,216,0,0
BRDA:1355,216,1,0
BRDA:1355,217,0,0
BRDA:1355,217,1,0
BRDA:1355,217,2,0
BRDA:1361,218,0,0
BRDA:1361,218,1,0
BRDA:1385,219,0,0
BRDA:1385,219,1,0
BRDA:1385,220,0,0
BRDA:1385,220,1,0
BRDA:1400,221,0,0
BRDA:1400,221,1,0
BRDA:1408,222,0,0
BRDA:1408,222,1,0
BRDA:1429,223,0,0
BRDA:1429,223,1,0
BRDA:1439,224,0,0
BRDA:1439,224,1,0
BRDA:1449,225,0,0
BRDA:1449,225,1,0
BRDA:1450,226,0,0
BRDA:1450,226,1,0
BRDA:1455,227,0,0
BRDA:1455,227,1,0
BRDA:1468,228,0,0
BRDA:1468,228,1,0
BRF:472
BRH:0
end_of_record
TN:
SF:src/scripts/report-templates.js
FNF:0
FNH:0
DA:4,0
LF:1
LH:0
BRF:0
BRH:0
end_of_record
TN:
SF:src/scripts/reports.js
FN:10,(anonymous_0)
FN:18,(anonymous_1)
FN:35,(anonymous_2)
FN:38,(anonymous_3)
FN:41,(anonymous_4)
FN:68,(anonymous_5)
FN:77,(anonymous_6)
FN:85,(anonymous_7)
FN:107,(anonymous_8)
FN:115,(anonymous_9)
FN:130,(anonymous_10)
FN:151,(anonymous_11)
FN:207,(anonymous_12)
FN:237,(anonymous_13)
FN:247,(anonymous_14)
FN:257,(anonymous_15)
FN:267,(anonymous_16)
FN:280,(anonymous_17)
FN:293,getWeekStart
FN:300,getWeekEnd
FNF:20
FNH:0
FNDA:0,(anonymous_0)
FNDA:0,(anonymous_1)
FNDA:0,(anonymous_2)
FNDA:0,(anonymous_3)
FNDA:0,(anonymous_4)
FNDA:0,(anonymous_5)
FNDA:0,(anonymous_6)
FNDA:0,(anonymous_7)
FNDA:0,(anonymous_8)
FNDA:0,(anonymous_9)
FNDA:0,(anonymous_10)
FNDA:0,(anonymous_11)
FNDA:0,(anonymous_12)
FNDA:0,(anonymous_13)
FNDA:0,(anonymous_14)
FNDA:0,(anonymous_15)
FNDA:0,(anonymous_16)
FNDA:0,(anonymous_17)
FNDA:0,getWeekStart
FNDA:0,getWeekEnd
DA:5,0
DA:11,0
DA:12,0
DA:13,0
DA:15,0
DA:16,0
DA:18,0
DA:19,0
DA:20,0
DA:21,0
DA:22,0
DA:25,0
DA:36,0
DA:38,0
DA:39,0
DA:41,0
DA:42,0
DA:44,0
DA:45,0
DA:48,0
DA:51,0
DA:52,0
DA:53,0
DA:55,0
DA:56,0
DA:57,0
DA:58,0
DA:59,0
DA:62,0
DA:63,0
DA:64,0
DA:67,0
DA:68,0
DA:69,0
DA:70,0
DA:71,0
DA:73,0
DA:74,0
DA:77,0
DA:83,0
DA:85,0
DA:87,0
DA:109,0
DA:116,0
DA:117,0
DA:119,0
DA:120,0
DA:121,0
DA:124,0
DA:125,0
DA:126,0
DA:128,0
DA:130,0
DA:131,0
DA:132,0
DA:135,0
DA:136,0
DA:139,0
DA:142,0
DA:143,0
DA:145,0
DA:152,0
DA:153,0
DA:155,0
DA:157,0
DA:158,0
DA:159,0
DA:160,0
DA:163,0
DA:164,0
DA:165,0
DA:167,0
DA:168,0
DA:169,0
DA:170,0
DA:174,0
DA:175,0
DA:177,0
DA:178,0
DA:180,0
DA:182,0
DA:183,0
DA:184,0
DA:186,0
DA:187,0
DA:190,0
DA:194,0
DA:197,0
DA:199,0
DA:200,0
DA:208,0
DA:209,0
DA:210,0
DA:213,0
DA:214,0
DA:215,0
DA:216,0
DA:217,0
DA:219,0
DA:221,0
DA:222,0
DA:228,0
DA:230,0
DA:231,0
DA:238,0
DA:239,0
DA:240,0
DA:241,0
DA:248,0
DA:249,0
DA:250,0
DA:251,0
DA:258,0
DA:259,0
DA:260,0
DA:261,0
DA:268,0
DA:269,0
DA:271,0
DA:272,0
DA:274,0
DA:281,0
DA:283,0
DA:284,0
DA:286,0
DA:288,0
DA:294,0
DA:295,0
DA:296,0
DA:297,0
DA:301,0
DA:302,0
DA:303,0
DA:304,0
LF:134
LH:0
BRDA:13,0,0,0
BRDA:13,0,1,0
BRDA:16,1,0,0
BRDA:16,1,1,0
BRDA:21,2,0,0
BRDA:21,2,1,0
BRDA:44,3,0,0
BRDA:44,3,1,0
BRDA:51,4,0,0
BRDA:51,4,1,0
BRDA:70,5,0,0
BRDA:70,5,1,0
BRDA:74,6,0,0
BRDA:74,6,1,0
BRDA:119,7,0,0
BRDA:119,7,1,0
BRDA:119,8,0,0
BRDA:119,8,1,0
BRDA:128,9,0,0
BRDA:128,9,1,0
BRDA:132,10,0,0
BRDA:132,10,1,0
BRDA:135,11,0,0
BRDA:135,11,1,0
BRDA:135,12,0,0
BRDA:135,12,1,0
BRDA:153,13,0,0
BRDA:153,13,1,0
BRDA:157,14,0,0
BRDA:157,14,1,0
BRDA:157,15,0,0
BRDA:157,15,1,0
BRDA:159,16,0,0
BRDA:159,16,1,0
BRDA:167,17,0,0
BRDA:167,17,1,0
BRDA:169,18,0,0
BRDA:169,18,1,0
BRDA:175,19,0,0
BRDA:175,19,1,0
BRDA:180,20,0,0
BRDA:180,20,1,0
BRDA:182,21,0,0
BRDA:182,21,1,0
BRDA:184,22,0,0
BRDA:184,22,1,0
BRDA:184,23,0,0
BRDA:184,23,1,0
BRDA:197,24,0,0
BRDA:197,24,1,0
BRDA:200,25,0,0
BRDA:200,25,1,0
BRDA:208,26,0,0
BRDA:208,26,1,0
BRDA:208,27,0,0
BRDA:208,27,1,0
BRDA:222,28,0,0
BRDA:222,28,1,0
BRDA:248,29,0,0
BRDA:248,29,1,0
BRDA:258,30,0,0
BRDA:258,30,1,0
BRDA:281,31,0,0
BRDA:281,31,1,0
BRDA:296,32,0,0
BRDA:296,32,1,0
BRF:66
BRH:0
end_of_record
TN:
SF:src/scripts/sounds.js
FN:7,(anonymous_0)
FN:42,(anonymous_1)
FN:55,(anonymous_2)
FN:64,(anonymous_3)
FN:163,(anonymous_4)
FN:185,(anonymous_5)
FN:212,(anonymous_6)
FN:235,(anonymous_7)
FN:257,(anonymous_8)
FN:285,(anonymous_9)
FN:311,(anonymous_10)
FN:342,(anonymous_11)
FN:369,(anonymous_12)
FN:393,(anonymous_13)
FN:420,(anonymous_14)
FN:448,(anonymous_15)
FN:471,(anonymous_16)
FN:499,(anonymous_17)
FN:526,(anonymous_18)
FN:553,(anonymous_19)
FN:580,(anonymous_20)
FN:623,(anonymous_21)
FN:660,(anonymous_22)
FN:690,(anonymous_23)
FN:720,(anonymous_24)
FN:740,(anonymous_25)
FN:845,(anonymous_26)
FN:876,(anonymous_27)
FN:907,(anonymous_28)
FN:940,(anonymous_29)
FNF:30
FNH:0
FNDA:0,(anonymous_0)
FNDA:0,(anonymous_1)
FNDA:0,(anonymous_2)
FNDA:0,(anonymous_3)
FNDA:0,(anonymous_4)
FNDA:0,(anonymous_5)
FNDA:0,(anonymous_6)
FNDA:0,(anonymous_7)
FNDA:0,(anonymous_8)
FNDA:0,(anonymous_9)
FNDA:0,(anonymous_10)
FNDA:0,(anonymous_11)
FNDA:0,(anonymous_12)
FNDA:0,(anonymous_13)
FNDA:0,(anonymous_14)
FNDA:0,(anonymous_15)
FNDA:0,(anonymous_16)
FNDA:0,(anonymous_17)
FNDA:0,(anonymous_18)
FNDA:0,(anonymous_19)
FNDA:0,(anonymous_20)
FNDA:0,(anonymous_21)
FNDA:0,(anonymous_22)
FNDA:0,(anonymous_23)
FNDA:0,(anonymous_24)
FNDA:0,(anonymous_25)
FNDA:0,(anonymous_26)
FNDA:0,(anonymous_27)
FNDA:0,(anonymous_28)
FNDA:0,(anonymous_29)
DA:8,0
DA:9,0
DA:36,0
DA:43,0
DA:44,0
DA:46,0
DA:47,0
DA:56,0
DA:65,0
DA:66,0
DA:69,0
DA:71,0
DA:72,0
DA:75,0
DA:77,0
DA:79,0
DA:80,0
DA:82,0
DA:83,0
DA:85,0
DA:86,0
DA:88,0
DA:89,0
DA:91,0
DA:92,0
DA:94,0
DA:95,0
DA:97,0
DA:98,0
DA:100,0
DA:101,0
DA:103,0
DA:104,0
DA:106,0
DA:107,0
DA:109,0
DA:110,0
DA:112,0
DA:113,0
DA:115,0
DA:116,0
DA:118,0
DA:119,0
DA:121,0
DA:122,0
DA:124,0
DA:125,0
DA:127,0
DA:128,0
DA:130,0
DA:131,0
DA:133,0
DA:134,0
DA:136,0
DA:137,0
DA:139,0
DA:140,0
DA:142,0
DA:143,0
DA:145,0
DA:146,0
DA:148,0
DA:149,0
DA:151,0
DA:154,0
DA:156,0
DA:164,0
DA:165,0
DA:167,0
DA:168,0
DA:170,0
DA:171,0
DA:172,0
DA:174,0
DA:175,0
DA:176,0
DA:178,0
DA:179,0
DA:186,0
DA:187,0
DA:188,0
DA:190,0
DA:191,0
DA:192,0
DA:194,0
DA:195,0
DA:196,0
DA:197,0
DA:199,0
DA:200,0
DA:201,0
DA:203,0
DA:204,0
DA:205,0
DA:206,0
DA:213,0
DA:214,0
DA:216,0
DA:217,0
DA:219,0
DA:220,0
DA:221,0
DA:222,0
DA:224,0
DA:225,0
DA:226,0
DA:228,0
DA:229,0
DA:236,0
DA:237,0
DA:239,0
DA:240,0
DA:242,0
DA:243,0
DA:245,0
DA:246,0
DA:247,0
DA:248,0
DA:250,0
DA:251,0
DA:258,0
DA:259,0
DA:260,0
DA:262,0
DA:263,0
DA:264,0
DA:266,0
DA:267,0
DA:268,0
DA:270,0
DA:271,0
DA:272,0
DA:274,0
DA:275,0
DA:276,0
DA:278,0
DA:279,0
DA:286,0
DA:287,0
DA:288,0
DA:290,0
DA:291,0
DA:292,0
DA:294,0
DA:295,0
DA:297,0
DA:298,0
DA:300,0
DA:301,0
DA:302,0
DA:304,0
DA:305,0
DA:312,0
DA:313,0
DA:314,0
DA:315,0
DA:317,0
DA:318,0
DA:319,0
DA:320,0
DA:322,0
DA:323,0
DA:325,0
DA:326,0
DA:327,0
DA:329,0
DA:330,0
DA:331,0
DA:333,0
DA:334,0
DA:335,0
DA:336,0
DA:343,0
DA:344,0
DA:345,0
DA:347,0
DA:348,0
DA:349,0
DA:351,0
DA:352,0
DA:353,0
DA:354,0
DA:356,0
DA:357,0
DA:358,0
DA:360,0
DA:361,0
DA:362,0
DA:363,0
DA:370,0
DA:371,0
DA:373,0
DA:374,0
DA:376,0
DA:377,0
DA:378,0
DA:379,0
DA:380,0
DA:382,0
DA:383,0
DA:384,0
DA:386,0
DA:387,0
DA:394,0
DA:395,0
DA:396,0
DA:398,0
DA:399,0
DA:400,0
DA:402,0
DA:403,0
DA:404,0
DA:405,0
DA:407,0
DA:408,0
DA:409,0
DA:411,0
DA:412,0
DA:413,0
DA:414,0
DA:421,0
DA:422,0
DA:423,0
DA:425,0
DA:426,0
DA:427,0
DA:429,0
DA:430,0
DA:431,0
DA:433,0
DA:434,0
DA:435,0
DA:437,0
DA:438,0
DA:439,0
DA:441,0
DA:442,0
DA:449,0
DA:450,0
DA:452,0
DA:453,0
DA:455,0
DA:456,0
DA:457,0
DA:459,0
DA:460,0
DA:461,0
DA:462,0
DA:464,0
DA:465,0
DA:472,0
DA:473,0
DA:474,0
DA:476,0
DA:477,0
DA:478,0
DA:480,0
DA:481,0
DA:482,0
DA:484,0
DA:485,0
DA:486,0
DA:488,0
DA:489,0
DA:490,0
DA:492,0
DA:493,0
DA:500,0
DA:501,0
DA:502,0
DA:504,0
DA:505,0
DA:506,0
DA:508,0
DA:509,0
DA:511,0
DA:512,0
DA:513,0
DA:515,0
DA:516,0
DA:517,0
DA:519,0
DA:520,0
DA:527,0
DA:528,0
DA:529,0
DA:531,0
DA:532,0
DA:533,0
DA:535,0
DA:536,0
DA:538,0
DA:539,0
DA:540,0
DA:542,0
DA:543,0
DA:544,0
DA:546,0
DA:547,0
DA:554,0
DA:555,0
DA:556,0
DA:558,0
DA:559,0
DA:560,0
DA:562,0
DA:563,0
DA:565,0
DA:566,0
DA:567,0
DA:569,0
DA:570,0
DA:571,0
DA:573,0
DA:574,0
DA:581,0
DA:582,0
DA:583,0
DA:584,0
DA:585,0
DA:586,0
DA:588,0
DA:589,0
DA:590,0
DA:591,0
DA:592,0
DA:593,0
DA:595,0
DA:596,0
DA:597,0
DA:598,0
DA:600,0
DA:601,0
DA:602,0
DA:604,0
DA:605,0
DA:606,0
DA:608,0
DA:609,0
DA:610,0
DA:612,0
DA:613,0
DA:614,0
DA:615,0
DA:616,0
DA:617,0
DA:624,0
DA:625,0
DA:626,0
DA:627,0
DA:628,0
DA:630,0
DA:631,0
DA:632,0
DA:633,0
DA:634,0
DA:636,0
DA:637,0
DA:639,0
DA:640,0
DA:641,0
DA:643,0
DA:644,0
DA:645,0
DA:647,0
DA:648,0
DA:649,0
DA:651,0
DA:652,0
DA:653,0
DA:654,0
DA:661,0
DA:662,0
DA:663,0
DA:665,0
DA:666,0
DA:667,0
DA:669,0
DA:670,0
DA:671,0
DA:673,0
DA:674,0
DA:675,0
DA:676,0
DA:678,0
DA:679,0
DA:680,0
DA:681,0
DA:683,0
DA:684,0
DA:691,0
DA:692,0
DA:693,0
DA:695,0
DA:696,0
DA:697,0
DA:699,0
DA:700,0
DA:701,0
DA:702,0
DA:704,0
DA:705,0
DA:706,0
DA:708,0
DA:709,0
DA:710,0
DA:712,0
DA:713,0
DA:722,0
DA:723,0
DA:724,0
DA:727,0
DA:728,0
DA:740,0
DA:741,0
DA:742,0
DA:743,0
DA:745,0
DA:746,0
DA:747,0
DA:750,0
DA:751,0
DA:752,0
DA:755,0
DA:756,0
DA:759,0
DA:760,0
DA:761,0
DA:764,0
DA:765,0
DA:766,0
DA:767,0
DA:770,0
DA:771,0
DA:773,0
DA:774,0
DA:775,0
DA:776,0
DA:777,0
DA:779,0
DA:780,0
DA:784,0
DA:785,0
DA:786,0
DA:787,0
DA:789,0
DA:790,0
DA:791,0
DA:794,0
DA:795,0
DA:796,0
DA:797,0
DA:799,0
DA:800,0
DA:801,0
DA:803,0
DA:804,0
DA:805,0
DA:806,0
DA:808,0
DA:809,0
DA:813,0
DA:814,0
DA:815,0
DA:818,0
DA:819,0
DA:820,0
DA:821,0
DA:824,0
DA:825,0
DA:826,0
DA:827,0
DA:830,0
DA:831,0
DA:832,0
DA:833,0
DA:837,0
DA:846,0
DA:847,0
DA:848,0
DA:851,0
DA:852,0
DA:853,0
DA:856,0
DA:857,0
DA:858,0
DA:861,0
DA:862,0
DA:863,0
DA:865,0
DA:866,0
DA:867,0
DA:869,0
DA:870,0
DA:877,0
DA:878,0
DA:879,0
DA:882,0
DA:883,0
DA:884,0
DA:887,0
DA:888,0
DA:889,0
DA:892,0
DA:893,0
DA:894,0
DA:896,0
DA:897,0
DA:898,0
DA:900,0
DA:901,0
DA:908,0
DA:909,0
DA:910,0
DA:913,0
DA:914,0
DA:915,0
DA:918,0
DA:919,0
DA:920,0
DA:923,0
DA:924,0
DA:925,0
DA:927,0
DA:928,0
DA:929,0
DA:931,0
DA:932,0
DA:941,0
DA:946,0
DA:947,0
DA:950,0
LF:532
LH:0
BRDA:44,0,0,0
BRDA:44,0,1,0
BRDA:64,1,0,0
BRDA:64,2,0,0
BRDA:65,3,0,0
BRDA:65,3,1,0
BRDA:65,4,0,0
BRDA:65,4,1,0
BRDA:71,5,0,0
BRDA:71,5,1,0
BRDA:77,6,0,0
BRDA:77,6,1,0
BRDA:77,6,2,0
BRDA:77,6,3,0
BRDA:77,6,4,0
BRDA:77,6,5,0
BRDA:77,6,6,0
BRDA:77,6,7,0
BRDA:77,6,8,0
BRDA:77,6,9,0
BRDA:77,6,10,0
BRDA:77,6,11,0
BRDA:77,6,12,0
BRDA:77,6,13,0
BRDA:77,6,14,0
BRDA:77,6,15,0
BRDA:77,6,16,0
BRDA:77,6,17,0
BRDA:77,6,18,0
BRDA:77,6,19,0
BRDA:77,6,20,0
BRDA:77,6,21,0
BRDA:77,6,22,0
BRDA:77,6,23,0
BRDA:77,6,24,0
BRDA:755,7,0,0
BRDA:755,7,1,0
BRDA:830,8,0,0
BRDA:830,8,1,0
BRDA:832,9,0,0
BRDA:832,9,1,0
BRDA:940,10,0,0
BRDA:946,11,0,0
BRDA:946,11,1,0
BRF:44
BRH:0
end_of_record
TN:
SF:src/scripts/templating.js
FN:6,(anonymous_0)
FN:9,(anonymous_1)
FN:10,(anonymous_2)
FN:16,(anonymous_3)
FN:17,(anonymous_4)
FN:18,(anonymous_5)
FN:19,(anonymous_6)
FN:20,(anonymous_7)
FN:21,(anonymous_8)
FN:22,(anonymous_9)
FN:23,(anonymous_10)
FN:24,(anonymous_11)
FN:25,(anonymous_12)
FN:39,(anonymous_13)
FN:65,(anonymous_14)
FN:112,(anonymous_15)
FN:150,(anonymous_16)
FN:161,(anonymous_17)
FN:181,(anonymous_18)
FN:228,(anonymous_19)
FN:274,(anonymous_20)
FN:294,(anonymous_21)
FN:350,(anonymous_22)
FN:354,(anonymous_23)
FN:360,(anonymous_24)
FN:390,(anonymous_25)
FN:421,(anonymous_26)
FN:438,(anonymous_27)
FN:451,(anonymous_28)
FN:473,(anonymous_29)
FN:491,(anonymous_30)
FN:501,(anonymous_31)
FN:503,(anonymous_32)
FN:508,(anonymous_33)
FNF:34
FNH:0
FNDA:0,(anonymous_0)
FNDA:0,(anonymous_1)
FNDA:0,(anonymous_2)
FNDA:0,(anonymous_3)
FNDA:0,(anonymous_4)
FNDA:0,(anonymous_5)
FNDA:0,(anonymous_6)
FNDA:0,(anonymous_7)
FNDA:0,(anonymous_8)
FNDA:0,(anonymous_9)
FNDA:0,(anonymous_10)
FNDA:0,(anonymous_11)
FNDA:0,(anonymous_12)
FNDA:0,(anonymous_13)
FNDA:0,(anonymous_14)
FNDA:0,(anonymous_15)
FNDA:0,(anonymous_16)
FNDA:0,(anonymous_17)
FNDA:0,(anonymous_18)
FNDA:0,(anonymous_19)
FNDA:0,(anonymous_20)
FNDA:0,(anonymous_21)
FNDA:0,(anonymous_22)
FNDA:0,(anonymous_23)
FNDA:0,(anonymous_24)
FNDA:0,(anonymous_25)
FNDA:0,(anonymous_26)
FNDA:0,(anonymous_27)
FNDA:0,(anonymous_28)
FNDA:0,(anonymous_29)
FNDA:0,(anonymous_30)
FNDA:0,(anonymous_31)
FNDA:0,(anonymous_32)
FNDA:0,(anonymous_33)
DA:7,0
DA:9,0
DA:11,0
DA:12,0
DA:13,0
DA:14,0
DA:16,0
DA:17,0
DA:18,0
DA:19,0
DA:20,0
DA:21,0
DA:22,0
DA:23,0
DA:24,0
DA:26,0
DA:27,0
DA:28,0
DA:30,0
DA:33,0
DA:40,0
DA:42,0
DA:44,0
DA:45,0
DA:48,0
DA:49,0
DA:52,0
DA:54,0
DA:55,0
DA:57,0
DA:58,0
DA:66,0
DA:67,0
DA:69,0
DA:71,0
DA:73,0
DA:75,0
DA:76,0
DA:81,0
DA:85,0
DA:86,0
DA:93,0
DA:94,0
DA:95,0
DA:99,0
DA:100,0
DA:101,0
DA:103,0
DA:106,0
DA:113,0
DA:116,0
DA:117,0
DA:118,0
DA:119,0
DA:120,0
DA:127,0
DA:128,0
DA:129,0
DA:133,0
DA:134,0
DA:135,0
DA:141,0
DA:142,0
DA:145,0
DA:146,0
DA:150,0
DA:151,0
DA:162,0
DA:163,0
DA:165,0
DA:166,0
DA:167,0
DA:168,0
DA:169,0
DA:171,0
DA:175,0
DA:182,0
DA:183,0
DA:184,0
DA:187,0
DA:188,0
DA:190,0
DA:192,0
DA:198,0
DA:208,0
DA:211,0
DA:217,0
DA:218,0
DA:221,0
DA:229,0
DA:230,0
DA:231,0
DA:232,0
DA:234,0
DA:236,0
DA:237,0
DA:238,0
DA:240,0
DA:241,0
DA:243,0
DA:244,0
DA:245,0
DA:246,0
DA:248,0
DA:249,0
DA:250,0
DA:251,0
DA:253,0
DA:254,0
DA:257,0
DA:258,0
DA:262,0
DA:263,0
DA:264,0
DA:265,0
DA:267,0
DA:272,0
DA:273,0
DA:274,0
DA:275,0
DA:278,0
DA:280,0
DA:295,0
DA:296,0
DA:297,0
DA:298,0
DA:299,0
DA:300,0
DA:302,0
DA:303,0
DA:305,0
DA:306,0
DA:307,0
DA:308,0
DA:309,0
DA:311,0
DA:313,0
DA:314,0
DA:315,0
DA:316,0
DA:317,0
DA:318,0
DA:319,0
DA:320,0
DA:322,0
DA:323,0
DA:324,0
DA:325,0
DA:327,0
DA:329,0
DA:331,0
DA:336,0
DA:351,0
DA:352,0
DA:354,0
DA:361,0
DA:363,0
DA:365,0
DA:368,0
DA:369,0
DA:370,0
DA:373,0
DA:374,0
DA:375,0
DA:378,0
DA:381,0
DA:382,0
DA:383,0
DA:385,0
DA:386,0
DA:387,0
DA:390,0
DA:391,0
DA:399,0
DA:400,0
DA:401,0
DA:405,0
DA:406,0
DA:407,0
DA:408,0
DA:410,0
DA:411,0
DA:414,0
DA:422,0
DA:424,0
DA:425,0
DA:427,0
DA:428,0
DA:429,0
DA:432,0
DA:439,0
DA:440,0
DA:441,0
DA:442,0
DA:443,0
DA:444,0
DA:445,0
DA:452,0
DA:453,0
DA:455,0
DA:457,0
DA:458,0
DA:459,0
DA:462,0
DA:463,0
DA:467,0
DA:468,0
DA:474,0
DA:475,0
DA:477,0
DA:478,0
DA:479,0
DA:480,0
DA:482,0
DA:483,0
DA:488,0
DA:492,0
DA:493,0
DA:494,0
DA:495,0
DA:496,0
DA:497,0
DA:498,0
DA:502,0
DA:503,0
DA:504,0
DA:509,0
DA:510,0
DA:511,0
DA:512,0
DA:514,0
DA:518,0
DA:519,0
LF:233
LH:0
BRDA:9,0,0,0
BRDA:11,1,0,0
BRDA:11,1,1,0
BRDA:12,2,0,0
BRDA:12,2,1,0
BRDA:13,3,0,0
BRDA:13,3,1,0
BRDA:26,4,0,0
BRDA:26,4,1,0
BRDA:73,5,0,0
BRDA:73,5,1,0
BRDA:75,6,0,0
BRDA:75,6,1,0
BRDA:85,7,0,0
BRDA:85,7,1,0
BRDA:94,8,0,0
BRDA:94,8,1,0
BRDA:116,9,0,0
BRDA:116,9,1,0
BRDA:119,10,0,0
BRDA:119,10,1,0
BRDA:127,11,0,0
BRDA:127,11,1,0
BRDA:133,12,0,0
BRDA:133,12,1,0
BRDA:141,13,0,0
BRDA:141,13,1,0
BRDA:145,14,0,0
BRDA:145,14,1,0
BRDA:167,15,0,0
BRDA:167,15,1,0
BRDA:182,16,0,0
BRDA:182,16,1,0
BRDA:190,17,0,0
BRDA:190,17,1,0
BRDA:190,17,2,0
BRDA:190,17,3,0
BRDA:190,17,4,0
BRDA:190,17,5,0
BRDA:190,17,6,0
BRDA:190,17,7,0
BRDA:236,18,0,0
BRDA:236,18,1,0
BRDA:240,19,0,0
BRDA:240,19,1,0
BRDA:248,20,0,0
BRDA:248,20,1,0
BRDA:251,21,0,0
BRDA:251,21,1,0
BRDA:263,22,0,0
BRDA:263,22,1,0
BRDA:272,23,0,0
BRDA:272,23,1,0
BRDA:274,24,0,0
BRDA:274,24,1,0
BRDA:302,25,0,0
BRDA:302,25,1,0
BRDA:305,26,0,0
BRDA:305,26,1,0
BRDA:308,27,0,0
BRDA:308,27,1,0
BRDA:314,28,0,0
BRDA:314,28,1,0
BRDA:316,29,0,0
BRDA:316,29,1,0
BRDA:318,30,0,0
BRDA:318,30,1,0
BRDA:318,31,0,0
BRDA:318,31,1,0
BRDA:323,32,0,0
BRDA:323,32,1,0
BRDA:324,33,0,0
BRDA:324,33,1,0
BRDA:350,34,0,0
BRDA:360,35,0,0
BRDA:363,36,0,0
BRDA:363,36,1,0
BRDA:363,36,2,0
BRDA:363,36,3,0
BRDA:363,36,4,0
BRDA:373,37,0,0
BRDA:373,37,1,0
BRDA:378,38,0,0
BRDA:378,38,1,0
BRDA:378,39,0,0
BRDA:378,39,1,0
BRDA:385,40,0,0
BRDA:385,40,1,0
BRDA:410,41,0,0
BRDA:410,41,1,0
BRDA:422,42,0,0
BRDA:422,42,1,0
BRDA:422,43,0,0
BRDA:422,43,1,0
BRDA:428,44,0,0
BRDA:428,44,1,0
BRDA:428,45,0,0
BRDA:428,45,1,0
BRDA:439,46,0,0
BRDA:439,46,1,0
BRDA:439,47,0,0
BRDA:439,47,1,0
BRDA:440,48,0,0
BRDA:440,48,1,0
BRDA:441,49,0,0
BRDA:441,49,1,0
BRDA:442,50,0,0
BRDA:442,50,1,0
BRDA:443,51,0,0
BRDA:443,51,1,0
BRDA:444,52,0,0
BRDA:444,52,1,0
BRDA:453,53,0,0
BRDA:453,53,1,0
BRDA:457,54,0,0
BRDA:457,54,1,0
BRDA:463,55,0,0
BRDA:463,55,1,0
BRDA:475,56,0,0
BRDA:475,56,1,0
BRDA:492,57,0,0
BRDA:492,57,1,0
BRDA:492,58,0,0
BRDA:492,58,1,0
BRDA:496,59,0,0
BRDA:496,59,1,0
BRDA:497,60,0,0
BRDA:497,60,1,0
BRDA:502,61,0,0
BRDA:502,61,1,0
BRDA:502,62,0,0
BRDA:502,62,1,0
BRDA:509,63,0,0
BRDA:509,63,1,0
BRDA:509,64,0,0
BRDA:509,64,1,0
BRDA:511,65,0,0
BRDA:511,65,1,0
BRDA:511,66,0,0
BRDA:511,66,1,0
BRDA:511,66,2,0
BRF:141
BRH:0
end_of_record
TN:
SF:src/scripts/utils.js
FN:10,formatDateTime
FN:27,formatDate
FN:41,formatTime
FN:54,escapeHtml
FN:65,showNotification
FN:111,(anonymous_5)
FN:113,(anonymous_6)
FN:127,downloadFile
FN:143,getCurrentTimeForInput
FN:154,escapeCsv
FN:166,generateId
FN:175,isValidDate
FN:185,getWeekStart
FN:199,getWeekEnd
FN:211,deepClone
FN:214,(anonymous_15)
FN:217,(anonymous_16)
FNF:17
FNH:0
FNDA:0,formatDateTime
FNDA:0,formatDate
FNDA:0,formatTime
FNDA:0,escapeHtml
FNDA:0,showNotification
FNDA:0,(anonymous_5)
FNDA:0,(anonymous_6)
FNDA:0,downloadFile
FNDA:0,getCurrentTimeForInput
FNDA:0,escapeCsv
FNDA:0,generateId
FNDA:0,isValidDate
FNDA:0,getWeekStart
FNDA:0,getWeekEnd
FNDA:0,deepClone
FNDA:0,(anonymous_15)
FNDA:0,(anonymous_16)
DA:11,0
DA:12,0
DA:28,0
DA:42,0
DA:43,0
DA:55,0
DA:56,0
DA:57,0
DA:66,0
DA:67,0
DA:82,0
DA:83,0
DA:105,0
DA:107,0
DA:108,0
DA:111,0
DA:112,0
DA:113,0
DA:114,0
DA:115,0
DA:128,0
DA:129,0
DA:130,0
DA:131,0
DA:132,0
DA:133,0
DA:134,0
DA:135,0
DA:136,0
DA:144,0
DA:145,0
DA:146,0
DA:155,0
DA:156,0
DA:157,0
DA:159,0
DA:167,0
DA:176,0
DA:177,0
DA:186,0
DA:187,0
DA:188,0
DA:189,0
DA:190,0
DA:191,0
DA:200,0
DA:201,0
DA:202,0
DA:203,0
DA:212,0
DA:213,0
DA:214,0
DA:215,0
DA:216,0
DA:217,0
DA:218,0
DA:220,0
LF:57
LH:0
BRDA:65,0,0,0
BRDA:65,1,0,0
BRDA:76,2,0,0
BRDA:76,2,1,0
BRDA:76,3,0,0
BRDA:76,3,1,0
BRDA:114,4,0,0
BRDA:114,4,1,0
BRDA:155,5,0,0
BRDA:155,5,1,0
BRDA:156,6,0,0
BRDA:156,6,1,0
BRDA:156,7,0,0
BRDA:156,7,1,0
BRDA:156,7,2,0
BRDA:177,8,0,0
BRDA:177,8,1,0
BRDA:188,9,0,0
BRDA:188,9,1,0
BRDA:212,10,0,0
BRDA:212,10,1,0
BRDA:212,11,0,0
BRDA:212,11,1,0
BRDA:213,12,0,0
BRDA:213,12,1,0
BRDA:214,13,0,0
BRDA:214,13,1,0
BRDA:215,14,0,0
BRDA:215,14,1,0
BRF:29
BRH:0
end_of_record
